­Ъџђ сЃЮсѓцсЃ│сЃѕсѓцсЃ│сѓФсЃат«їтЁеУЄфтІЋсѓ╣сѓ»сЃгсѓцсЃћсЃ│сѓ░сѓисѓ╣сЃєсЃажќІтДІ
РЈ░ сѓ╗сЃЃсѓисЃДсЃ│тѕХтЙА: 1тѕє50уДњсЂћсЂесЂФУЄфтІЋтєЇжќІ
­ЪњЙ жђ▓ТЇЌС┐ЮтГў: УЄфтІЋуХЎуХџтЈ»УЃй

­ЪЊі уЈЙтюесЂ«жђ▓ТЇЌ: 1/39сѓФсЃєсѓ┤сЃфт«їС║є

­Ъћё сѓ╣сѓ»сЃгсѓцсЃћсЃ│сѓ░сѓ╗сЃЃсѓисЃДсЃ│жќІтДІ [1тЏъуЏ«]
­Ъџђ сѓ┐сѓцсЃасѓбсѓдсЃѕсЃЋсЃфсЃ╝ сЃЮсѓцсЃ│сЃѕсѓцсЃ│сѓФсЃат«їтЁесѓ╣сѓ»сЃгсѓцсЃћсЃ│сѓ░сѓисѓ╣сЃєсЃажќІтДІ
­ЪЊі т»ЙУ▒А: 39сѓФсЃєсѓ┤сЃф
РЈ▒№ИЈ жФўжђЪсЃгсЃ╝сЃѕтѕХжЎљ: 1.5уДњжќЊжџћ
­Ъћё сЃќсЃЕсѓдсѓХтєЇУхитІЋжќЊжџћ: 30ТАѕС╗ХсЂћсЂе
­Ъњф сѓ┐сѓцсЃасѓбсѓдсЃѕтѕХжЎљсЂфсЂЌ - тЁеТАѕС╗Хуб║т«ЪтЈќтЙЌ

­ЪЊІ сѓФсЃєсѓ┤сЃфтєЁжђ▓ТЇЌтЙЕтЁЃ: 70/287С╗ХтЄдуљєТИѕсЂ┐
­ЪЊІ жђ▓ТЇЌтЙЕтЁЃ: 1/39сѓФсЃєсѓ┤сЃф
­ЪЊі т«їС║єТИѕсЂ┐: 1сѓФсЃєсѓ┤сЃф
­ЪЊі тЄдуљєТИѕсЂ┐ТАѕС╗Х: 100С╗Х
­ЪЊІ ТЌбтГўсЃЄсЃ╝сѓ┐УфГсЂ┐УЙ╝сЂ┐: 10С╗ХсЂ«ТАѕС╗Х
РюЁ сЃќсЃЕсѓдсѓХтѕЮТюЪтїќт«їС║є
­Ъј» тЄдуљєжќІтДІ: 38сѓФсЃєсѓ┤сЃфТ«Ісѓі
­ЪЊі т«їС║єТИѕсЂ┐: 1сѓФсЃєсѓ┤сЃф


­ЪЊЇ [2/39] тЄдуљєжќІтДІ: сЃЋсѓАсЃЃсѓисЃДсЃ│
­Ъћё сѓФсЃєсѓ┤сЃфуХЎуХџ: сЃЋсѓАсЃЃсѓисЃДсЃ│ (70С╗ХтЄдуљєТИѕсЂ┐)
  ­ЪЊё сЃџсЃ╝сѓИ 1 сѓњтЄдуљєСИГ...
    РюЁ 30С╗ХуЎ║УдІ№╝ѕу┤»Уеѕ: 30С╗Х№╝Ѕ
  ­ЪЊё сЃџсЃ╝сѓИ 2 сѓњтЄдуљєСИГ...
    РюЁ 30С╗ХуЎ║УдІ№╝ѕу┤»Уеѕ: 60С╗Х№╝Ѕ
  ­ЪЊё сЃџсЃ╝сѓИ 3 сѓњтЄдуљєСИГ...
    РюЁ 30С╗ХуЎ║УдІ№╝ѕу┤»Уеѕ: 90С╗Х№╝Ѕ
  ­ЪЊё сЃџсЃ╝сѓИ 4 сѓњтЄдуљєСИГ...
    РюЁ 30С╗ХуЎ║УдІ№╝ѕу┤»Уеѕ: 120С╗Х№╝Ѕ
  ­ЪЊё сЃџсЃ╝сѓИ 5 сѓњтЄдуљєСИГ...
    РюЁ 30С╗ХуЎ║УдІ№╝ѕу┤»Уеѕ: 150С╗Х№╝Ѕ
  ­ЪЊё сЃџсЃ╝сѓИ 6 сѓњтЄдуљєСИГ...
    РюЁ 30С╗ХуЎ║УдІ№╝ѕу┤»Уеѕ: 180С╗Х№╝Ѕ
  ­ЪЊё сЃџсЃ╝сѓИ 7 сѓњтЄдуљєСИГ...
    РюЁ 30С╗ХуЎ║УдІ№╝ѕу┤»Уеѕ: 210С╗Х№╝Ѕ
  ­ЪЊё сЃџсЃ╝сѓИ 8 сѓњтЄдуљєСИГ...
    РюЁ 30С╗ХуЎ║УдІ№╝ѕу┤»Уеѕ: 240С╗Х№╝Ѕ
  ­ЪЊё сЃџсЃ╝сѓИ 9 сѓњтЄдуљєСИГ...
    РюЁ 30С╗ХуЎ║УдІ№╝ѕу┤»Уеѕ: 270С╗Х№╝Ѕ
  ­ЪЊё сЃџсЃ╝сѓИ 10 сѓњтЄдуљєСИГ...
    РюЁ 17С╗ХуЎ║УдІ№╝ѕу┤»Уеѕ: 287С╗Х№╝Ѕ
  ­ЪЊё сЃџсЃ╝сѓИ 11 сѓњтЄдуљєСИГ...
    Рџа№ИЈ ТАѕС╗ХсЂїУдІсЂцсЂІсѓісЂЙсЂЏсѓЊ - сЃџсЃ╝сѓИухѓС║є
­ЪЊі сЃЋсѓАсЃЃсѓисЃДсЃ│: 287С╗ХсЂ«ТАѕС╗ХсѓњУЕ│у┤░тЈќтЙЌжќІтДІ
  РЈГ№ИЈ сѓ╣сѓГсЃЃсЃЌ: https://pointi.jp/ad/146956/ (тЄдуљєТИѕсЂ┐)
  РЈГ№ИЈ сѓ╣сѓГсЃЃсЃЌ: https://pointi.jp/ad/151070/ (тЄдуљєТИѕсЂ┐)
  РЈГ№ИЈ сѓ╣сѓГсЃЃсЃЌ: https://pointi.jp/ad/149139/ (тЄдуљєТИѕсЂ┐)
  РЈГ№ИЈ сѓ╣сѓГсЃЃсЃЌ: https://pointi.jp/ad/141148/ (тЄдуљєТИѕсЂ┐)
  РЈГ№ИЈ сѓ╣сѓГсЃЃсЃЌ: https://pointi.jp/ad/153518/ (тЄдуљєТИѕсЂ┐)
  РЈГ№ИЈ сѓ╣сѓГсЃЃсЃЌ: https://pointi.jp/ad/142761/ (тЄдуљєТИѕсЂ┐)
  РЈГ№ИЈ сѓ╣сѓГсЃЃсЃЌ: https://pointi.jp/ad/153508/ (тЄдуљєТИѕсЂ┐)
  РЈГ№ИЈ сѓ╣сѓГсЃЃсЃЌ: https://pointi.jp/ad/153261/ (тЄдуљєТИѕсЂ┐)
  РЈГ№ИЈ сѓ╣сѓГсЃЃсЃЌ: https://pointi.jp/ad/151836/ (тЄдуљєТИѕсЂ┐)
  РЈГ№ИЈ сѓ╣сѓГсЃЃсЃЌ: https://pointi.jp/ad/151837/ (тЄдуљєТИѕсЂ┐)
  РЈГ№ИЈ сѓ╣сѓГсЃЃсЃЌ: https://pointi.jp/ad/152261/ (тЄдуљєТИѕсЂ┐)
  РЈГ№ИЈ сѓ╣сѓГсЃЃсЃЌ: https://pointi.jp/ad/152719/ (тЄдуљєТИѕсЂ┐)
  РЈГ№ИЈ сѓ╣сѓГсЃЃсЃЌ: https://pointi.jp/ad/140157/ (тЄдуљєТИѕсЂ┐)
  РЈГ№ИЈ сѓ╣сѓГсЃЃсЃЌ: https://pointi.jp/ad/144913/ (тЄдуљєТИѕсЂ┐)
  РЈГ№ИЈ сѓ╣сѓГсЃЃсЃЌ: https://pointi.jp/ad/149179/ (тЄдуљєТИѕсЂ┐)
  РЈГ№ИЈ сѓ╣сѓГсЃЃсЃЌ: https://pointi.jp/ad/85582/ (тЄдуљєТИѕсЂ┐)
  РЈГ№ИЈ сѓ╣сѓГсЃЃсЃЌ: https://pointi.jp/ad/149403/ (тЄдуљєТИѕсЂ┐)
  РЈГ№ИЈ сѓ╣сѓГсЃЃсЃЌ: https://pointi.jp/ad/150683/ (тЄдуљєТИѕсЂ┐)
  РЈГ№ИЈ сѓ╣сѓГсЃЃсЃЌ: https://pointi.jp/ad/148324/ (тЄдуљєТИѕсЂ┐)
  РЈГ№ИЈ сѓ╣сѓГсЃЃсЃЌ: https://pointi.jp/ad/153418/ (тЄдуљєТИѕсЂ┐)
  РЈГ№ИЈ сѓ╣сѓГсЃЃсЃЌ: https://pointi.jp/ad/153417/ (тЄдуљєТИѕсЂ┐)
  РЈГ№ИЈ сѓ╣сѓГсЃЃсЃЌ: https://pointi.jp/ad/153412/ (тЄдуљєТИѕсЂ┐)
  РЈГ№ИЈ сѓ╣сѓГсЃЃсЃЌ: https://pointi.jp/ad/137450/ (тЄдуљєТИѕсЂ┐)
  РЈГ№ИЈ сѓ╣сѓГсЃЃсЃЌ: https://pointi.jp/ad/152105/ (тЄдуљєТИѕсЂ┐)
  РЈГ№ИЈ сѓ╣сѓГсЃЃсЃЌ: https://pointi.jp/ad/153351/ (тЄдуљєТИѕсЂ┐)
  РЈГ№ИЈ сѓ╣сѓГсЃЃсЃЌ: https://pointi.jp/ad/146409/ (тЄдуљєТИѕсЂ┐)
  РЈГ№ИЈ сѓ╣сѓГсЃЃсЃЌ: https://pointi.jp/ad/122574/ (тЄдуљєТИѕсЂ┐)
  РЈГ№ИЈ сѓ╣сѓГсЃЃсЃЌ: https://pointi.jp/ad/149031/ (тЄдуљєТИѕсЂ┐)
  РЈГ№ИЈ сѓ╣сѓГсЃЃсЃЌ: https://pointi.jp/ad/149476/ (тЄдуљєТИѕсЂ┐)
  РЈГ№ИЈ сѓ╣сѓГсЃЃсЃЌ: https://pointi.jp/ad/148872/ (тЄдуљєТИѕсЂ┐)
  РЈГ№ИЈ сѓ╣сѓГсЃЃсЃЌ: https://pointi.jp/ad/121888/ (тЄдуљєТИѕсЂ┐)
  РЈГ№ИЈ сѓ╣сѓГсЃЃсЃЌ: https://pointi.jp/ad/18378/ (тЄдуљєТИѕсЂ┐)
  РЈГ№ИЈ сѓ╣сѓГсЃЃсЃЌ: https://pointi.jp/ad/153260/ (тЄдуљєТИѕсЂ┐)
  РЈГ№ИЈ сѓ╣сѓГсЃЃсЃЌ: https://pointi.jp/ad/147574/ (тЄдуљєТИѕсЂ┐)
  РЈГ№ИЈ сѓ╣сѓГсЃЃсЃЌ: https://pointi.jp/ad/146030/ (тЄдуљєТИѕсЂ┐)
  РЈГ№ИЈ сѓ╣сѓГсЃЃсЃЌ: https://pointi.jp/ad/152198/ (тЄдуљєТИѕсЂ┐)
  РЈГ№ИЈ сѓ╣сѓГсЃЃсЃЌ: https://pointi.jp/ad/153234/ (тЄдуљєТИѕсЂ┐)
  РЈГ№ИЈ сѓ╣сѓГсЃЃсЃЌ: https://pointi.jp/ad/153254/ (тЄдуљєТИѕсЂ┐)
  РЈГ№ИЈ сѓ╣сѓГсЃЃсЃЌ: https://pointi.jp/ad/153248/ (тЄдуљєТИѕсЂ┐)
  РЈГ№ИЈ сѓ╣сѓГсЃЃсЃЌ: https://pointi.jp/ad/153206/ (тЄдуљєТИѕсЂ┐)
  РЈГ№ИЈ сѓ╣сѓГсЃЃсЃЌ: https://pointi.jp/ad/150772/ (тЄдуљєТИѕсЂ┐)
  РЈГ№ИЈ сѓ╣сѓГсЃЃсЃЌ: https://pointi.jp/ad/152262/ (тЄдуљєТИѕсЂ┐)
  РЈГ№ИЈ сѓ╣сѓГсЃЃсЃЌ: https://pointi.jp/ad/153089/ (тЄдуљєТИѕсЂ┐)
  РЈГ№ИЈ сѓ╣сѓГсЃЃсЃЌ: https://pointi.jp/ad/153107/ (тЄдуљєТИѕсЂ┐)
  РЈГ№ИЈ сѓ╣сѓГсЃЃсЃЌ: https://pointi.jp/ad/122091/ (тЄдуљєТИѕсЂ┐)
  РЈГ№ИЈ сѓ╣сѓГсЃЃсЃЌ: https://pointi.jp/ad/153068/ (тЄдуљєТИѕсЂ┐)
  РЈГ№ИЈ сѓ╣сѓГсЃЃсЃЌ: https://pointi.jp/ad/153078/ (тЄдуљєТИѕсЂ┐)
  РЈГ№ИЈ сѓ╣сѓГсЃЃсЃЌ: https://pointi.jp/ad/153062/ (тЄдуљєТИѕсЂ┐)
  РЈГ№ИЈ сѓ╣сѓГсЃЃсЃЌ: https://pointi.jp/ad/124092/ (тЄдуљєТИѕсЂ┐)
  РЈГ№ИЈ сѓ╣сѓГсЃЃсЃЌ: https://pointi.jp/ad/152294/ (тЄдуљєТИѕсЂ┐)
  РЈГ№ИЈ сѓ╣сѓГсЃЃсЃЌ: https://pointi.jp/ad/137489/ (тЄдуљєТИѕсЂ┐)
  РЈГ№ИЈ сѓ╣сѓГсЃЃсЃЌ: https://pointi.jp/ad/147503/ (тЄдуљєТИѕсЂ┐)
  РЈГ№ИЈ сѓ╣сѓГсЃЃсЃЌ: https://pointi.jp/ad/152214/ (тЄдуљєТИѕсЂ┐)
  РЈГ№ИЈ сѓ╣сѓГсЃЃсЃЌ: https://pointi.jp/ad/151818/ (тЄдуљєТИѕсЂ┐)
  РЈГ№ИЈ сѓ╣сѓГсЃЃсЃЌ: https://pointi.jp/ad/146498/ (тЄдуљєТИѕсЂ┐)
  РЈГ№ИЈ сѓ╣сѓГсЃЃсЃЌ: https://pointi.jp/ad/119559/ (тЄдуљєТИѕсЂ┐)
  РЈГ№ИЈ сѓ╣сѓГсЃЃсЃЌ: https://pointi.jp/ad/152669/ (тЄдуљєТИѕсЂ┐)
  РЈГ№ИЈ сѓ╣сѓГсЃЃсЃЌ: https://pointi.jp/ad/152636/ (тЄдуљєТИѕсЂ┐)
  РЈГ№ИЈ сѓ╣сѓГсЃЃсЃЌ: https://pointi.jp/ad/151465/ (тЄдуљєТИѕсЂ┐)
  РЈГ№ИЈ сѓ╣сѓГсЃЃсЃЌ: https://pointi.jp/ad/152619/ (тЄдуљєТИѕсЂ┐)
  РЈГ№ИЈ сѓ╣сѓГсЃЃсЃЌ: https://pointi.jp/ad/148669/ (тЄдуљєТИѕсЂ┐)
  РЈГ№ИЈ сѓ╣сѓГсЃЃсЃЌ: https://pointi.jp/ad/146735/ (тЄдуљєТИѕсЂ┐)
  РЈГ№ИЈ сѓ╣сѓГсЃЃсЃЌ: https://pointi.jp/ad/152580/ (тЄдуљєТИѕсЂ┐)
  РЈГ№ИЈ сѓ╣сѓГсЃЃсЃЌ: https://pointi.jp/ad/152579/ (тЄдуљєТИѕсЂ┐)
  РЈГ№ИЈ сѓ╣сѓГсЃЃсЃЌ: https://pointi.jp/ad/152575/ (тЄдуљєТИѕсЂ┐)
  РЈГ№ИЈ сѓ╣сѓГсЃЃсЃЌ: https://pointi.jp/ad/152574/ (тЄдуљєТИѕсЂ┐)
  РЈГ№ИЈ сѓ╣сѓГсЃЃсЃЌ: https://pointi.jp/ad/152555/ (тЄдуљєТИѕсЂ┐)
  РЈГ№ИЈ сѓ╣сѓГсЃЃсЃЌ: https://pointi.jp/ad/147407/ (тЄдуљєТИѕсЂ┐)
  РЈГ№ИЈ сѓ╣сѓГсЃЃсЃЌ: https://pointi.jp/ad/152235/ (тЄдуљєТИѕсЂ┐)
  РЈГ№ИЈ сѓ╣сѓГсЃЃсЃЌ: https://pointi.jp/ad/152466/ (тЄдуљєТИѕсЂ┐)
  ­ЪњЙ сѓФсЃєсѓ┤сЃфтєЁжђ▓ТЇЌС┐ЮтГў: 80/287С╗Х
  ­ЪЊі жђ▓ТЇЌ: 80/287 (28%)
  ­ЪњЙ сѓФсЃєсѓ┤сЃфтєЁжђ▓ТЇЌС┐ЮтГў: 90/287С╗Х

РЈ░ сѓ╗сЃЃсѓисЃДсЃ│ТЎѓжќЊтѕХжЎљсЂФжЂћсЂЌсЂЙсЂЌсЂЪсђѓт«ЅтЁесЂФухѓС║єсЂЌсЂЙсЂЎ...
РЮї [95/287] УЕ│у┤░сѓесЃЕсЃ╝: https://pointi.jp/ad/151097/
РЮї [96/287] УЕ│у┤░сѓесЃЕсЃ╝: https://pointi.jp/ad/6894/
РЮї [97/287] УЕ│у┤░сѓесЃЕсЃ╝: https://pointi.jp/ad/151071/
РЮї [98/287] УЕ│у┤░сѓесЃЕсЃ╝: https://pointi.jp/ad/151068/
РЮї [99/287] УЕ│у┤░сѓесЃЕсЃ╝: https://pointi.jp/ad/151032/
РЮї [100/287] УЕ│у┤░сѓесЃЕсЃ╝: https://pointi.jp/ad/7553/
РЮї [101/287] УЕ│у┤░сѓесЃЕсЃ╝: https://pointi.jp/ad/150984/
РЮї [102/287] УЕ│у┤░сѓесЃЕсЃ╝: https://pointi.jp/ad/149006/
РЮї [103/287] УЕ│у┤░сѓесЃЕсЃ╝: https://pointi.jp/ad/150707/
РЮї [104/287] УЕ│у┤░сѓесЃЕсЃ╝: https://pointi.jp/ad/150698/
РЮї [105/287] УЕ│у┤░сѓесЃЕсЃ╝: https://pointi.jp/ad/149271/
РЮї [106/287] УЕ│у┤░сѓесЃЕсЃ╝: https://pointi.jp/ad/150176/
РЮї [107/287] УЕ│у┤░сѓесЃЕсЃ╝: https://pointi.jp/ad/149803/
РЮї [108/287] УЕ│у┤░сѓесЃЕсЃ╝: https://pointi.jp/ad/150027/
РЮї [109/287] УЕ│у┤░сѓесЃЕсЃ╝: https://pointi.jp/ad/150137/
РЮї [110/287] УЕ│у┤░сѓесЃЕсЃ╝: https://pointi.jp/ad/149956/
РЮї [111/287] УЕ│у┤░сѓесЃЕсЃ╝: https://pointi.jp/ad/114623/
РЮї [112/287] УЕ│у┤░сѓесЃЕсЃ╝: https://pointi.jp/ad/149960/
РЮї [113/287] УЕ│у┤░сѓесЃЕсЃ╝: https://pointi.jp/ad/149620/
РЮї [114/287] УЕ│у┤░сѓесЃЕсЃ╝: https://pointi.jp/ad/149511/
РЮї [115/287] УЕ│у┤░сѓесЃЕсЃ╝: https://pointi.jp/ad/148182/
РЮї [116/287] УЕ│у┤░сѓесЃЕсЃ╝: https://pointi.jp/ad/145905/
РЮї [117/287] УЕ│у┤░сѓесЃЕсЃ╝: https://pointi.jp/ad/148945/
РЮї [118/287] УЕ│у┤░сѓесЃЕсЃ╝: https://pointi.jp/ad/148609/
РЮї [119/287] УЕ│у┤░сѓесЃЕсЃ╝: https://pointi.jp/ad/140690/
РЮї [120/287] УЕ│у┤░сѓесЃЕсЃ╝: https://pointi.jp/ad/98657/
РЮї [121/287] УЕ│у┤░сѓесЃЕсЃ╝: https://pointi.jp/ad/139924/
РЮї [122/287] УЕ│у┤░сѓесЃЕсЃ╝: https://pointi.jp/ad/148090/
РЮї [123/287] УЕ│у┤░сѓесЃЕсЃ╝: https://pointi.jp/ad/148087/
РЮї [124/287] УЕ│у┤░сѓесЃЕсЃ╝: https://pointi.jp/ad/37655/
РЮї [125/287] УЕ│у┤░сѓесЃЕсЃ╝: https://pointi.jp/ad/147895/
РЮї [126/287] УЕ│у┤░сѓесЃЕсЃ╝: https://pointi.jp/ad/147887/
РЮї [127/287] УЕ│у┤░сѓесЃЕсЃ╝: https://pointi.jp/ad/147809/
РЮї [128/287] УЕ│у┤░сѓесЃЕсЃ╝: https://pointi.jp/ad/130644/
РЮї [129/287] УЕ│у┤░сѓесЃЕсЃ╝: https://pointi.jp/ad/120150/
РЮї [130/287] УЕ│у┤░сѓесЃЕсЃ╝: https://pointi.jp/ad/143227/
РЮї [131/287] УЕ│у┤░сѓесЃЕсЃ╝: https://pointi.jp/ad/147410/
РЮї [132/287] УЕ│у┤░сѓесЃЕсЃ╝: https://pointi.jp/ad/147375/
РЮї [133/287] УЕ│у┤░сѓесЃЕсЃ╝: https://pointi.jp/ad/147374/
РЮї [134/287] УЕ│у┤░сѓесЃЕсЃ╝: https://pointi.jp/ad/5290/
РЮї [135/287] УЕ│у┤░сѓесЃЕсЃ╝: https://pointi.jp/ad/147254/
РЮї [136/287] УЕ│у┤░сѓесЃЕсЃ╝: https://pointi.jp/ad/25603/
РЮї [137/287] УЕ│у┤░сѓесЃЕсЃ╝: https://pointi.jp/ad/147253/
РЮї [138/287] УЕ│у┤░сѓесЃЕсЃ╝: https://pointi.jp/ad/147247/
РЮї [139/287] УЕ│у┤░сѓесЃЕсЃ╝: https://pointi.jp/ad/147242/
РЮї [140/287] УЕ│у┤░сѓесЃЕсЃ╝: https://pointi.jp/ad/147150/
РЮї [141/287] УЕ│у┤░сѓесЃЕсЃ╝: https://pointi.jp/ad/147144/
РЮї [142/287] УЕ│у┤░сѓесЃЕсЃ╝: https://pointi.jp/ad/147125/
РЮї [143/287] УЕ│у┤░сѓесЃЕсЃ╝: https://pointi.jp/ad/146206/
РЮї [144/287] УЕ│у┤░сѓесЃЕсЃ╝: https://pointi.jp/ad/146923/
РЮї [145/287] УЕ│у┤░сѓесЃЕсЃ╝: https://pointi.jp/ad/146882/
РЮї [146/287] УЕ│у┤░сѓесЃЕсЃ╝: https://pointi.jp/ad/146713/
РЮї [147/287] УЕ│у┤░сѓесЃЕсЃ╝: https://pointi.jp/ad/144957/
РЮї [148/287] УЕ│у┤░сѓесЃЕсЃ╝: https://pointi.jp/ad/145146/
РЮї [149/287] УЕ│у┤░сѓесЃЕсЃ╝: https://pointi.jp/ad/146349/
РЮї [150/287] УЕ│у┤░сѓесЃЕсЃ╝: https://pointi.jp/ad/124734/
РЮї [151/287] УЕ│у┤░сѓесЃЕсЃ╝: https://pointi.jp/ad/144371/
РЮї [152/287] УЕ│у┤░сѓесЃЕсЃ╝: https://pointi.jp/ad/146213/
РЮї [153/287] УЕ│у┤░сѓесЃЕсЃ╝: https://pointi.jp/ad/146017/
РЮї [154/287] УЕ│у┤░сѓесЃЕсЃ╝: https://pointi.jp/ad/146018/
РЮї [155/287] УЕ│у┤░сѓесЃЕсЃ╝: https://pointi.jp/ad/705/
РЮї [156/287] УЕ│у┤░сѓесЃЕсЃ╝: https://pointi.jp/ad/103508/
РЮї [157/287] УЕ│у┤░сѓесЃЕсЃ╝: https://pointi.jp/ad/142462/
РЮї [158/287] УЕ│у┤░сѓесЃЕсЃ╝: https://pointi.jp/ad/145454/
РЮї [159/287] УЕ│у┤░сѓесЃЕсЃ╝: https://pointi.jp/ad/145409/
РЮї [160/287] УЕ│у┤░сѓесЃЕсЃ╝: https://pointi.jp/ad/145339/
РЮї [161/287] УЕ│у┤░сѓесЃЕсЃ╝: https://pointi.jp/ad/134528/
РЮї [162/287] УЕ│у┤░сѓесЃЕсЃ╝: https://pointi.jp/ad/115778/
РЮї [163/287] УЕ│у┤░сѓесЃЕсЃ╝: https://pointi.jp/ad/145108/
РЮї [164/287] УЕ│у┤░сѓесЃЕсЃ╝: https://pointi.jp/ad/65685/
РЮї [165/287] УЕ│у┤░сѓесЃЕсЃ╝: https://pointi.jp/ad/144958/
РЮї [166/287] УЕ│у┤░сѓесЃЕсЃ╝: https://pointi.jp/ad/10568/
РЮї [167/287] УЕ│у┤░сѓесЃЕсЃ╝: https://pointi.jp/ad/144837/
РЮї [168/287] УЕ│у┤░сѓесЃЕсЃ╝: https://pointi.jp/ad/144838/
РЮї [169/287] УЕ│у┤░сѓесЃЕсЃ╝: https://pointi.jp/ad/144839/
РЮї [170/287] УЕ│у┤░сѓесЃЕсЃ╝: https://pointi.jp/ad/134391/
РЮї [171/287] УЕ│у┤░сѓесЃЕсЃ╝: https://pointi.jp/ad/144786/
РЮї [172/287] УЕ│у┤░сѓесЃЕсЃ╝: https://pointi.jp/ad/120649/
РЮї [173/287] УЕ│у┤░сѓесЃЕсЃ╝: https://pointi.jp/ad/144684/
РЮї [174/287] УЕ│у┤░сѓесЃЕсЃ╝: https://pointi.jp/ad/144528/
РЮї [175/287] УЕ│у┤░сѓесЃЕсЃ╝: https://pointi.jp/ad/144441/
РЮї [176/287] УЕ│у┤░сѓесЃЕсЃ╝: https://pointi.jp/ad/144406/
РЮї [177/287] УЕ│у┤░сѓесЃЕсЃ╝: https://pointi.jp/ad/144357/
РЮї [178/287] УЕ│у┤░сѓесЃЕсЃ╝: https://pointi.jp/ad/128749/
РЮї [179/287] УЕ│у┤░сѓесЃЕсЃ╝: https://pointi.jp/ad/128803/
РЮї [180/287] УЕ│у┤░сѓесЃЕсЃ╝: https://pointi.jp/ad/132701/
РЮї [181/287] УЕ│у┤░сѓесЃЕсЃ╝: https://pointi.jp/ad/143907/
РЮї [182/287] УЕ│у┤░сѓесЃЕсЃ╝: https://pointi.jp/ad/143767/
РЮї [183/287] УЕ│у┤░сѓесЃЕсЃ╝: https://pointi.jp/ad/11518/
РЮї [184/287] УЕ│у┤░сѓесЃЕсЃ╝: https://pointi.jp/ad/136978/
РЮї [185/287] УЕ│у┤░сѓесЃЕсЃ╝: https://pointi.jp/ad/143187/
РЮї [186/287] УЕ│у┤░сѓесЃЕсЃ╝: https://pointi.jp/ad/14236/
РЮї [187/287] УЕ│у┤░сѓесЃЕсЃ╝: https://pointi.jp/ad/143106/
РЮї [188/287] УЕ│у┤░сѓесЃЕсЃ╝: https://pointi.jp/ad/42102/
РЮї [189/287] УЕ│у┤░сѓесЃЕсЃ╝: https://pointi.jp/ad/142759/
РЮї [190/287] УЕ│у┤░сѓесЃЕсЃ╝: https://pointi.jp/ad/142662/
РЮї [191/287] УЕ│у┤░сѓесЃЕсЃ╝: https://pointi.jp/ad/142618/
РЮї [192/287] УЕ│у┤░сѓесЃЕсЃ╝: https://pointi.jp/ad/142617/
РЮї [193/287] УЕ│у┤░сѓесЃЕсЃ╝: https://pointi.jp/ad/121978/
РЮї [194/287] УЕ│у┤░сѓесЃЕсЃ╝: https://pointi.jp/ad/142420/
РЮї [195/287] УЕ│у┤░сѓесЃЕсЃ╝: https://pointi.jp/ad/142241/
РЮї [196/287] УЕ│у┤░сѓесЃЕсЃ╝: https://pointi.jp/ad/137997/
РЮї [197/287] УЕ│у┤░сѓесЃЕсЃ╝: https://pointi.jp/ad/141513/
РЮї [198/287] УЕ│у┤░сѓесЃЕсЃ╝: https://pointi.jp/ad/140711/
РЮї [199/287] УЕ│у┤░сѓесЃЕсЃ╝: https://pointi.jp/ad/141519/
РЮї [200/287] УЕ│у┤░сѓесЃЕсЃ╝: https://pointi.jp/ad/141409/
РЮї [201/287] УЕ│у┤░сѓесЃЕсЃ╝: https://pointi.jp/ad/125483/
РЮї [202/287] УЕ│у┤░сѓесЃЕсЃ╝: https://pointi.jp/ad/135083/
РЮї [203/287] УЕ│у┤░сѓесЃЕсЃ╝: https://pointi.jp/ad/139030/
РЮї [204/287] УЕ│у┤░сѓесЃЕсЃ╝: https://pointi.jp/ad/113035/
РЮї [205/287] УЕ│у┤░сѓесЃЕсЃ╝: https://pointi.jp/ad/140775/
РЮї [206/287] УЕ│у┤░сѓесЃЕсЃ╝: https://pointi.jp/ad/140754/
РЮї [207/287] УЕ│у┤░сѓесЃЕсЃ╝: https://pointi.jp/ad/140644/
РЮї [208/287] УЕ│у┤░сѓесЃЕсЃ╝: https://pointi.jp/ad/138731/
РЮї [209/287] УЕ│у┤░сѓесЃЕсЃ╝: https://pointi.jp/ad/6897/
РЮї [210/287] УЕ│у┤░сѓесЃЕсЃ╝: https://pointi.jp/ad/132597/
РЮї [211/287] УЕ│у┤░сѓесЃЕсЃ╝: https://pointi.jp/ad/139854/
РЮї [212/287] УЕ│у┤░сѓесЃЕсЃ╝: https://pointi.jp/ad/139130/
РЮї [213/287] УЕ│у┤░сѓесЃЕсЃ╝: https://pointi.jp/ad/138980/
РЮї [214/287] УЕ│у┤░сѓесЃЕсЃ╝: https://pointi.jp/ad/138791/
РЮї [215/287] УЕ│у┤░сѓесЃЕсЃ╝: https://pointi.jp/ad/138656/
РЮї [216/287] УЕ│у┤░сѓесЃЕсЃ╝: https://pointi.jp/ad/138558/
РЮї [217/287] УЕ│у┤░сѓесЃЕсЃ╝: https://pointi.jp/ad/138477/
РЮї [218/287] УЕ│у┤░сѓесЃЕсЃ╝: https://pointi.jp/ad/133980/
РЮї [219/287] УЕ│у┤░сѓесЃЕсЃ╝: https://pointi.jp/ad/138183/
РЮї [220/287] УЕ│у┤░сѓесЃЕсЃ╝: https://pointi.jp/ad/8167/
РЮї [221/287] УЕ│у┤░сѓесЃЕсЃ╝: https://pointi.jp/ad/97428/
РЮї [222/287] УЕ│у┤░сѓесЃЕсЃ╝: https://pointi.jp/ad/15569/
РЮї [223/287] УЕ│у┤░сѓесЃЕсЃ╝: https://pointi.jp/ad/137310/
РЮї [224/287] УЕ│у┤░сѓесЃЕсЃ╝: https://pointi.jp/ad/137285/
РЮї [225/287] УЕ│у┤░сѓесЃЕсЃ╝: https://pointi.jp/ad/7175/
РЮї [226/287] УЕ│у┤░сѓесЃЕсЃ╝: https://pointi.jp/ad/118839/
РЮї [227/287] УЕ│у┤░сѓесЃЕсЃ╝: https://pointi.jp/ad/111128/
РЮї [228/287] УЕ│у┤░сѓесЃЕсЃ╝: https://pointi.jp/ad/132060/
РЮї [229/287] УЕ│у┤░сѓесЃЕсЃ╝: https://pointi.jp/ad/132280/
РЮї [230/287] УЕ│у┤░сѓесЃЕсЃ╝: https://pointi.jp/ad/135060/
РЮї [231/287] УЕ│у┤░сѓесЃЕсЃ╝: https://pointi.jp/ad/136517/
РЮї [232/287] УЕ│у┤░сѓесЃЕсЃ╝: https://pointi.jp/ad/136338/
РЮї [233/287] УЕ│у┤░сѓесЃЕсЃ╝: https://pointi.jp/ad/136289/
РЮї [234/287] УЕ│у┤░сѓесЃЕсЃ╝: https://pointi.jp/ad/122124/
РЮї [235/287] УЕ│у┤░сѓесЃЕсЃ╝: https://pointi.jp/ad/136029/
РЮї [236/287] УЕ│у┤░сѓесЃЕсЃ╝: https://pointi.jp/ad/135530/
РЮї [237/287] УЕ│у┤░сѓесЃЕсЃ╝: https://pointi.jp/ad/135503/
РЮї [238/287] УЕ│у┤░сѓесЃЕсЃ╝: https://pointi.jp/ad/135427/
РЮї [239/287] УЕ│у┤░сѓесЃЕсЃ╝: https://pointi.jp/ad/135381/
РЮї [240/287] УЕ│у┤░сѓесЃЕсЃ╝: https://pointi.jp/ad/114564/
РЮї [241/287] УЕ│у┤░сѓесЃЕсЃ╝: https://pointi.jp/ad/135263/
РЮї [242/287] УЕ│у┤░сѓесЃЕсЃ╝: https://pointi.jp/ad/121242/
РЮї [243/287] УЕ│у┤░сѓесЃЕсЃ╝: https://pointi.jp/ad/134327/
РЮї [244/287] УЕ│у┤░сѓесЃЕсЃ╝: https://pointi.jp/ad/122426/
РЮї [245/287] УЕ│у┤░сѓесЃЕсЃ╝: https://pointi.jp/ad/64045/
РЮї [246/287] УЕ│у┤░сѓесЃЕсЃ╝: https://pointi.jp/ad/133253/
РЮї [247/287] УЕ│у┤░сѓесЃЕсЃ╝: https://pointi.jp/ad/133122/
РЮї [248/287] УЕ│у┤░сѓесЃЕсЃ╝: https://pointi.jp/ad/130347/
РЮї [249/287] УЕ│у┤░сѓесЃЕсЃ╝: https://pointi.jp/ad/131100/
РЮї [250/287] УЕ│у┤░сѓесЃЕсЃ╝: https://pointi.jp/ad/130328/
РЮї [251/287] УЕ│у┤░сѓесЃЕсЃ╝: https://pointi.jp/ad/125547/
РЮї [252/287] УЕ│у┤░сѓесЃЕсЃ╝: https://pointi.jp/ad/895/
РЮї [253/287] УЕ│у┤░сѓесЃЕсЃ╝: https://pointi.jp/ad/128585/
РЮї [254/287] УЕ│у┤░сѓесЃЕсЃ╝: https://pointi.jp/ad/106046/
РЮї [255/287] УЕ│у┤░сѓесЃЕсЃ╝: https://pointi.jp/ad/41453/
РЮї [256/287] УЕ│у┤░сѓесЃЕсЃ╝: https://pointi.jp/ad/33404/
РЮї [257/287] УЕ│у┤░сѓесЃЕсЃ╝: https://pointi.jp/ad/126005/
РЮї [258/287] УЕ│у┤░сѓесЃЕсЃ╝: https://pointi.jp/ad/125933/
РЮї [259/287] УЕ│у┤░сѓесЃЕсЃ╝: https://pointi.jp/ad/41452/
РЮї [260/287] УЕ│у┤░сѓесЃЕсЃ╝: https://pointi.jp/ad/121091/
РЮї [261/287] УЕ│у┤░сѓесЃЕсЃ╝: https://pointi.jp/ad/124631/
РЮї [262/287] УЕ│у┤░сѓесЃЕсЃ╝: https://pointi.jp/ad/11536/
РЮї [263/287] УЕ│у┤░сѓесЃЕсЃ╝: https://pointi.jp/ad/117963/
РЮї [264/287] УЕ│у┤░сѓесЃЕсЃ╝: https://pointi.jp/ad/121355/
РЮї [265/287] УЕ│у┤░сѓесЃЕсЃ╝: https://pointi.jp/ad/9563/
РЮї [266/287] УЕ│у┤░сѓесЃЕсЃ╝: https://pointi.jp/ad/9580/
РЮї [267/287] УЕ│у┤░сѓесЃЕсЃ╝: https://pointi.jp/ad/120544/
РЮї [268/287] УЕ│у┤░сѓесЃЕсЃ╝: https://pointi.jp/ad/118064/
РЮї [269/287] УЕ│у┤░сѓесЃЕсЃ╝: https://pointi.jp/ad/78834/
РЮї [270/287] УЕ│у┤░сѓесЃЕсЃ╝: https://pointi.jp/ad/10317/
РЮї [271/287] УЕ│у┤░сѓесЃЕсЃ╝: https://pointi.jp/ad/103671/
РЮї [272/287] УЕ│у┤░сѓесЃЕсЃ╝: https://pointi.jp/ad/109816/
РЮї [273/287] УЕ│у┤░сѓесЃЕсЃ╝: https://pointi.jp/ad/104349/
РЮї [274/287] УЕ│у┤░сѓесЃЕсЃ╝: https://pointi.jp/ad/93894/
РЮї [275/287] УЕ│у┤░сѓесЃЕсЃ╝: https://pointi.jp/ad/69252/
РЮї [276/287] УЕ│у┤░сѓесЃЕсЃ╝: https://pointi.jp/ad/37923/
РЮї [277/287] УЕ│у┤░сѓесЃЕсЃ╝: https://pointi.jp/ad/62385/
РЮї [278/287] УЕ│у┤░сѓесЃЕсЃ╝: https://pointi.jp/ad/59468/
РЮї [279/287] УЕ│у┤░сѓесЃЕсЃ╝: https://pointi.jp/ad/56715/
РЮї [280/287] УЕ│у┤░сѓесЃЕсЃ╝: https://pointi.jp/ad/8314/
РЮї [281/287] УЕ│у┤░сѓесЃЕсЃ╝: https://pointi.jp/ad/10118/
РЮї [282/287] УЕ│у┤░сѓесЃЕсЃ╝: https://pointi.jp/ad/7203/
РЮї [283/287] УЕ│у┤░сѓесЃЕсЃ╝: https://pointi.jp/ad/12872/
РЮї [284/287] УЕ│у┤░сѓесЃЕсЃ╝: https://pointi.jp/ad/8126/
РЮї [285/287] УЕ│у┤░сѓесЃЕсЃ╝: https://pointi.jp/ad/11011/
РЮї [286/287] УЕ│у┤░сѓесЃЕсЃ╝: https://pointi.jp/ad/5180/
РЮї [287/287] УЕ│у┤░сѓесЃЕсЃ╝: https://pointi.jp/ad/2573/
РЮї сЃЋсѓАсЃЃсѓисЃДсЃ│ сѓесЃЕсЃ╝: Protocol error: Connection closed.

­ЪЊЇ [3/39] тЄдуљєжќІтДІ: сѓ░сЃФсЃА
­ЪєЋ Тќ░сѓФсЃєсѓ┤сЃфжќІтДІ: сѓ░сЃФсЃА
РЮї сѓ░сЃФсЃА сѓесЃЕсЃ╝: Protocol error: Connection closed.

­ЪЊЇ [4/39] тЄдуљєжќІтДІ: уЙјт«╣
­ЪєЋ Тќ░сѓФсЃєсѓ┤сЃфжќІтДІ: уЙјт«╣
РЮї уЙјт«╣ сѓесЃЕсЃ╝: Protocol error: Connection closed.

­ЪЊЇ [5/39] тЄдуљєжќІтДІ: УАЏућЪућетЊЂ
­ЪєЋ Тќ░сѓФсЃєсѓ┤сЃфжќІтДІ: УАЏућЪућетЊЂ
РЮї УАЏућЪућетЊЂ сѓесЃЕсЃ╝: Protocol error: Connection closed.

­ЪЊЇ [6/39] тЄдуљєжќІтДІ: сѓесЃ│сѓ┐сЃАсЃ╗т«ХжЏ╗
­ЪєЋ Тќ░сѓФсЃєсѓ┤сЃфжќІтДІ: сѓесЃ│сѓ┐сЃАсЃ╗т«ХжЏ╗
РЮї сѓесЃ│сѓ┐сЃАсЃ╗т«ХжЏ╗ сѓесЃЕсЃ╝: Protocol error: Connection closed.

­ЪЊЇ [7/39] тЄдуљєжќІтДІ: СйЈсЂЙсЂёсЃ╗Тџ«сѓЅсЂЌ
­ЪєЋ Тќ░сѓФсЃєсѓ┤сЃфжќІтДІ: СйЈсЂЙсЂёсЃ╗Тџ«сѓЅсЂЌ
РЮї СйЈсЂЙсЂёсЃ╗Тџ«сѓЅсЂЌ сѓесЃЕсЃ╝: Protocol error: Connection closed.

­ЪЊЇ [8/39] тЄдуљєжќІтДІ: сЂЮсЂ«С╗ќ№╝ѕсѓисЃДсЃЃсЃћсЃ│сѓ░№╝Ѕ
­ЪєЋ Тќ░сѓФсЃєсѓ┤сЃфжќІтДІ: сЂЮсЂ«С╗ќ№╝ѕсѓисЃДсЃЃсЃћсЃ│сѓ░№╝Ѕ
РЮї сЂЮсЂ«С╗ќ№╝ѕсѓисЃДсЃЃсЃћсЃ│сѓ░№╝Ѕ сѓесЃЕсЃ╝: Protocol error: Connection closed.

­ЪЊЇ [9/39] тЄдуљєжќІтДІ: сѓхсЃ╝сЃЊсѓ╣сѓФсЃєсѓ┤сЃф70
­ЪєЋ Тќ░сѓФсЃєсѓ┤сЃфжќІтДІ: сѓхсЃ╝сЃЊсѓ╣сѓФсЃєсѓ┤сЃф70
РЮї сѓхсЃ╝сЃЊсѓ╣сѓФсЃєсѓ┤сЃф70 сѓесЃЕсЃ╝: Protocol error: Connection closed.

­ЪЊЇ [10/39] тЄдуљєжќІтДІ: сѓхсЃ╝сЃЊсѓ╣сѓФсЃєсѓ┤сЃф75
­ЪєЋ Тќ░сѓФсЃєсѓ┤сЃфжќІтДІ: сѓхсЃ╝сЃЊсѓ╣сѓФсЃєсѓ┤сЃф75
РЮї сѓхсЃ╝сЃЊсѓ╣сѓФсЃєсѓ┤сЃф75 сѓесЃЕсЃ╝: Protocol error: Connection closed.

­ЪЊЇ [11/39] тЄдуљєжќІтДІ: сѓхсЃ╝сЃЊсѓ╣сѓФсЃєсѓ┤сЃф281
­ЪєЋ Тќ░сѓФсЃєсѓ┤сЃфжќІтДІ: сѓхсЃ╝сЃЊсѓ╣сѓФсЃєсѓ┤сЃф281
РЮї сѓхсЃ╝сЃЊсѓ╣сѓФсЃєсѓ┤сЃф281 сѓесЃЕсЃ╝: Protocol error: Connection closed.

­ЪЊЇ [12/39] тЄдуљєжќІтДІ: сѓхсЃ╝сЃЊсѓ╣сѓФсЃєсѓ┤сЃф73
­ЪєЋ Тќ░сѓФсЃєсѓ┤сЃфжќІтДІ: сѓхсЃ╝сЃЊсѓ╣сѓФсЃєсѓ┤сЃф73
РЮї сѓхсЃ╝сЃЊсѓ╣сѓФсЃєсѓ┤сЃф73 сѓесЃЕсЃ╝: Protocol error: Connection closed.

­ЪЊЇ [13/39] тЄдуљєжќІтДІ: сѓхсЃ╝сЃЊсѓ╣сѓФсЃєсѓ┤сЃф74
­ЪєЋ Тќ░сѓФсЃєсѓ┤сЃфжќІтДІ: сѓхсЃ╝сЃЊсѓ╣сѓФсЃєсѓ┤сЃф74
РЮї сѓхсЃ╝сЃЊсѓ╣сѓФсЃєсѓ┤сЃф74 сѓесЃЕсЃ╝: Protocol error: Connection closed.

­ЪЊЇ [14/39] тЄдуљєжќІтДІ: сѓхсЃ╝сЃЊсѓ╣сѓФсЃєсѓ┤сЃф276
­ЪєЋ Тќ░сѓФсЃєсѓ┤сЃфжќІтДІ: сѓхсЃ╝сЃЊсѓ╣сѓФсЃєсѓ┤сЃф276
РЮї сѓхсЃ╝сЃЊсѓ╣сѓФсЃєсѓ┤сЃф276 сѓесЃЕсЃ╝: Protocol error: Connection closed.

­ЪЊЇ [15/39] тЄдуљєжќІтДІ: сѓхсЃ╝сЃЊсѓ╣сѓФсЃєсѓ┤сЃф78
­ЪєЋ Тќ░сѓФсЃєсѓ┤сЃфжќІтДІ: сѓхсЃ╝сЃЊсѓ╣сѓФсЃєсѓ┤сЃф78
РЮї сѓхсЃ╝сЃЊсѓ╣сѓФсЃєсѓ┤сЃф78 сѓесЃЕсЃ╝: Protocol error: Connection closed.

­ЪЊЇ [16/39] тЄдуљєжќІтДІ: сѓхсЃ╝сЃЊсѓ╣сѓФсЃєсѓ┤сЃф235
­ЪєЋ Тќ░сѓФсЃєсѓ┤сЃфжќІтДІ: сѓхсЃ╝сЃЊсѓ╣сѓФсЃєсѓ┤сЃф235
РЮї сѓхсЃ╝сЃЊсѓ╣сѓФсЃєсѓ┤сЃф235 сѓесЃЕсЃ╝: Protocol error: Connection closed.

­ЪЊЇ [17/39] тЄдуљєжќІтДІ: сѓхсЃ╝сЃЊсѓ╣сѓФсЃєсѓ┤сЃф79
­ЪєЋ Тќ░сѓФсЃєсѓ┤сЃфжќІтДІ: сѓхсЃ╝сЃЊсѓ╣сѓФсЃєсѓ┤сЃф79
РЮї сѓхсЃ╝сЃЊсѓ╣сѓФсЃєсѓ┤сЃф79 сѓесЃЕсЃ╝: Protocol error: Connection closed.
