📌 安定版スクレイピングシステム
特徴:
  ✅ 1カテゴリずつ処理（ブラウザ再起動）
  ✅ 3秒間隔の余裕を持ったアクセス
  ✅ カテゴリごとに個別JSON保存
  ✅ エラー時も次カテゴリへ継続
  ✅ いつでも中断・再開可能

実行コマンド:
  node stable-category-by-category-scraper.js


🛡️ 安定版カテゴリ別スクレイピングシステム開始
📊 対象: 29カテゴリ
⏱️ 安定レート: 3秒間隔
🎯 戦略: 1カテゴリずつ確実に処理

📋 進捗復元: 3/29カテゴリ完了

📊 進捗: 3/29 (10%)

🎯 カテゴリ処理開始: 美容
  📄 ページ 1 処理中...
    ✅ 30件発見（累計: 30件）
  📄 ページ 2 処理中...
    ✅ 30件発見（累計: 60件）
  📄 ページ 3 処理中...
    ✅ 30件発見（累計: 90件）
  📄 ページ 4 処理中...
    ✅ 30件発見（累計: 120件）
  📄 ページ 5 処理中...
    ✅ 30件発見（累計: 150件）
  📄 ページ 6 処理中...
    ✅ 30件発見（累計: 180件）
  📄 ページ 7 処理中...
    ✅ 30件発見（累計: 210件）
  📄 ページ 8 処理中...
    ✅ 30件発見（累計: 240件）
  📄 ページ 9 処理中...
    ✅ 30件発見（累計: 270件）
  📄 ページ 10 処理中...
    ✅ 30件発見（累計: 300件）
  📄 ページ 11 処理中...
    ⚠️ 案件が見つかりません - カテゴリ終了
✅ 美容 完了: 300件保存 → pointincome_group_148.json
⏸️ 10秒休憩...

📊 進捗: 4/29 (14%)

🎯 カテゴリ処理開始: 衛生用品
  📄 ページ 1 処理中...
    ✅ 30件発見（累計: 30件）
  📄 ページ 2 処理中...
    ✅ 30件発見（累計: 60件）
  📄 ページ 3 処理中...
    ✅ 1件発見（累計: 61件）
  📄 ページ 4 処理中...
    ⚠️ 案件が見つかりません - カテゴリ終了
✅ 衛生用品 完了: 61件保存 → pointincome_group_147.json
⏸️ 10秒休憩...

📊 進捗: 5/29 (17%)

🎯 カテゴリ処理開始: エンタメ・家電
  📄 ページ 1 処理中...
    ✅ 30件発見（累計: 30件）
  📄 ページ 2 処理中...
    ✅ 30件発見（累計: 60件）
  📄 ページ 3 処理中...
    ✅ 30件発見（累計: 90件）
  📄 ページ 4 処理中...
    ✅ 30件発見（累計: 120件）
  📄 ページ 5 処理中...
    ✅ 30件発見（累計: 150件）
  📄 ページ 6 処理中...
    ✅ 30件発見（累計: 180件）
  📄 ページ 7 処理中...
    ✅ 30件発見（累計: 210件）
  📄 ページ 8 処理中...
    ✅ 30件発見（累計: 240件）
  📄 ページ 9 処理中...
    ✅ 30件発見（累計: 270件）
  📄 ページ 10 処理中...
    ✅ 1件発見（累計: 271件）
  📄 ページ 11 処理中...
    ⚠️ 案件が見つかりません - カテゴリ終了
✅ エンタメ・家電 完了: 271件保存 → pointincome_group_151.json
⏸️ 10秒休憩...

📊 進捗: 6/29 (21%)

🎯 カテゴリ処理開始: 住まい・暮らし
  📄 ページ 1 処理中...
    ✅ 30件発見（累計: 30件）
  📄 ページ 2 処理中...
    ✅ 30件発見（累計: 60件）
  📄 ページ 3 処理中...
    ✅ 30件発見（累計: 90件）
  📄 ページ 4 処理中...
    ✅ 30件発見（累計: 120件）
  📄 ページ 5 処理中...
    ✅ 30件発見（累計: 150件）
  📄 ページ 6 処理中...
    ✅ 30件発見（累計: 180件）
  📄 ページ 7 処理中...
    ✅ 30件発見（累計: 210件）
  📄 ページ 8 処理中...
    ✅ 30件発見（累計: 240件）
  📄 ページ 9 処理中...
    ✅ 30件発見（累計: 270件）
  📄 ページ 10 処理中...
    ✅ 30件発見（累計: 300件）
  📄 ページ 11 処理中...
    ⚠️ 案件が見つかりません - カテゴリ終了
✅ 住まい・暮らし 完了: 300件保存 → pointincome_group_155.json
⏸️ 10秒休憩...

📊 進捗: 7/29 (24%)

🎯 カテゴリ処理開始: その他（ショッピング）
  📄 ページ 1 処理中...
    ✅ 15件発見（累計: 15件）
  📄 ページ 2 処理中...
    ⚠️ 案件が見つかりません - カテゴリ終了
✅ その他（ショッピング） 完了: 15件保存 → pointincome_group_153.json
⏸️ 10秒休憩...

📊 進捗: 8/29 (28%)

🎯 カテゴリ処理開始: クレジットカード
  📄 ページ 1 処理中...
    ✅ 30件発見（累計: 30件）
  📄 ページ 2 処理中...
    ✅ 30件発見（累計: 60件）
  📄 ページ 3 処理中...
    ✅ 30件発見（累計: 90件）
  📄 ページ 4 処理中...
    ✅ 30件発見（累計: 120件）
  📄 ページ 5 処理中...
    ✅ 30件発見（累計: 150件）
  📄 ページ 6 処理中...
    ✅ 17件発見（累計: 167件）
  📄 ページ 7 処理中...
    ⚠️ 案件が見つかりません - カテゴリ終了
✅ クレジットカード 完了: 167件保存 → pointincome_category_70.json
⏸️ 10秒休憩...

📊 進捗: 9/29 (31%)

🎯 カテゴリ処理開始: 証券・FX
  📄 ページ 1 処理中...
    ✅ 27件発見（累計: 27件）
  📄 ページ 2 処理中...
    ⚠️ 案件が見つかりません - カテゴリ終了
✅ 証券・FX 完了: 27件保存 → pointincome_category_75.json
⏸️ 10秒休憩...

📊 進捗: 10/29 (34%)

🎯 カテゴリ処理開始: 銀行
  📄 ページ 1 処理中...
    ✅ 30件発見（累計: 30件）
  📄 ページ 2 処理中...
    ✅ 30件発見（累計: 60件）
  📄 ページ 3 処理中...
    ✅ 30件発見（累計: 90件）
  📄 ページ 4 処理中...
    ✅ 5件発見（累計: 95件）
  📄 ページ 5 処理中...
    ⚠️ 案件が見つかりません - カテゴリ終了
✅ 銀行 完了: 95件保存 → pointincome_category_281.json
⏸️ 10秒休憩...

📊 進捗: 11/29 (38%)

🎯 カテゴリ処理開始: 保険
  📄 ページ 1 処理中...
    ✅ 30件発見（累計: 30件）
  📄 ページ 2 処理中...
    ✅ 10件発見（累計: 40件）
  📄 ページ 3 処理中...
    ⚠️ 案件が見つかりません - カテゴリ終了
✅ 保険 完了: 40件保存 → pointincome_category_73.json
⏸️ 10秒休憩...

📊 進捗: 12/29 (41%)

🎯 カテゴリ処理開始: ローン
  📄 ページ 1 処理中...
    ✅ 30件発見（累計: 30件）
  📄 ページ 2 処理中...
    ✅ 3件発見（累計: 33件）
  📄 ページ 3 処理中...
    ⚠️ 案件が見つかりません - カテゴリ終了
✅ ローン 完了: 33件保存 → pointincome_category_74.json
⏸️ 10秒休憩...

📊 進捗: 13/29 (45%)

🎯 カテゴリ処理開始: 不動産
  📄 ページ 1 処理中...
    ✅ 7件発見（累計: 7件）
  📄 ページ 2 処理中...
    ⚠️ 案件が見つかりません - カテゴリ終了
✅ 不動産 完了: 7件保存 → pointincome_category_276.json
⏸️ 10秒休憩...

📊 進捗: 14/29 (48%)

🎯 カテゴリ処理開始: 旅行
  📄 ページ 1 処理中...
    ✅ 30件発見（累計: 30件）
  📄 ページ 2 処理中...
    ✅ 30件発見（累計: 60件）
  📄 ページ 3 処理中...
    ✅ 2件発見（累計: 62件）
  📄 ページ 4 処理中...
    ⚠️ 案件が見つかりません - カテゴリ終了
✅ 旅行 完了: 62件保存 → pointincome_category_78.json
⏸️ 10秒休憩...

📊 進捗: 15/29 (52%)

🎯 カテゴリ処理開始: グルメ予約
  📄 ページ 1 処理中...
    ✅ 30件発見（累計: 30件）
  📄 ページ 2 処理中...
    ✅ 30件発見（累計: 60件）
  📄 ページ 3 処理中...
    ✅ 15件発見（累計: 75件）
  📄 ページ 4 処理中...
    ⚠️ 案件が見つかりません - カテゴリ終了
✅ グルメ予約 完了: 75件保存 → pointincome_category_235.json
⏸️ 10秒休憩...

📊 進捗: 16/29 (55%)

🎯 カテゴリ処理開始: 通信・プロバイダ
  📄 ページ 1 処理中...
    ✅ 30件発見（累計: 30件）
  📄 ページ 2 処理中...
    ✅ 30件発見（累計: 60件）
  📄 ページ 3 処理中...
    ✅ 4件発見（累計: 64件）
  📄 ページ 4 処理中...
    ⚠️ 案件が見つかりません - カテゴリ終了
✅ 通信・プロバイダ 完了: 64件保存 → pointincome_category_79.json
⏸️ 10秒休憩...

📊 進捗: 17/29 (59%)

🎯 カテゴリ処理開始: 電気・ガス
  📄 ページ 1 処理中...
    ✅ 30件発見（累計: 30件）
  📄 ページ 2 処理中...
    ✅ 30件発見（累計: 60件）
  📄 ページ 3 処理中...
    ✅ 30件発見（累計: 90件）
  📄 ページ 4 処理中...
    ✅ 30件発見（累計: 120件）
  📄 ページ 5 処理中...
    ✅ 4件発見（累計: 124件）
  📄 ページ 6 処理中...
    ⚠️ 案件が見つかりません - カテゴリ終了
✅ 電気・ガス 完了: 124件保存 → pointincome_category_240.json
⏸️ 10秒休憩...

📊 進捗: 18/29 (62%)

🎯 カテゴリ処理開始: 教育・資格
  📄 ページ 1 処理中...
    ✅ 30件発見（累計: 30件）
  📄 ページ 2 処理中...
    ✅ 6件発見（累計: 36件）
  📄 ページ 3 処理中...
    ⚠️ 案件が見つかりません - カテゴリ終了
✅ 教育・資格 完了: 36件保存 → pointincome_category_72.json
⏸️ 10秒休憩...

📊 進捗: 19/29 (66%)

🎯 カテゴリ処理開始: 美容・エステ
  📄 ページ 1 処理中...
    ✅ 30件発見（累計: 30件）
  📄 ページ 2 処理中...
    ✅ 9件発見（累計: 39件）
  📄 ページ 3 処理中...
    ⚠️ 案件が見つかりません - カテゴリ終了
✅ 美容・エステ 完了: 39件保存 → pointincome_category_76.json
⏸️ 10秒休憩...

📊 進捗: 20/29 (69%)

🎯 カテゴリ処理開始: 結婚・恋愛
  📄 ページ 1 処理中...
    ✅ 30件発見（累計: 30件）
  📄 ページ 2 処理中...
    ✅ 10件発見（累計: 40件）
  📄 ページ 3 処理中...
    ⚠️ 案件が見つかりません - カテゴリ終了
✅ 結婚・恋愛 完了: 40件保存 → pointincome_category_81.json
⏸️ 10秒休憩...

📊 進捗: 21/29 (72%)

🎯 カテゴリ処理開始: 車・バイク
  📄 ページ 1 処理中...
    ✅ 30件発見（累計: 30件）
  📄 ページ 2 処理中...
    ✅ 7件発見（累計: 37件）
  📄 ページ 3 処理中...
    ⚠️ 案件が見つかりません - カテゴリ終了
✅ 車・バイク 完了: 37件保存 → pointincome_category_274.json
⏸️ 10秒休憩...

📊 進捗: 22/29 (76%)

🎯 カテゴリ処理開始: ゲーム
  📄 ページ 1 処理中...
    ✅ 30件発見（累計: 30件）
  📄 ページ 2 処理中...
    ✅ 24件発見（累計: 54件）
  📄 ページ 3 処理中...
    ⚠️ 案件が見つかりません - カテゴリ終了
✅ ゲーム 完了: 54件保存 → pointincome_category_237.json
⏸️ 10秒休憩...

📊 進捗: 23/29 (79%)

🎯 カテゴリ処理開始: 動画配信
  📄 ページ 1 処理中...
    ✅ 30件発見（累計: 30件）
  📄 ページ 2 処理中...
    ✅ 30件発見（累計: 60件）
  📄 ページ 3 処理中...
    ✅ 27件発見（累計: 87件）
  📄 ページ 4 処理中...
    ⚠️ 案件が見つかりません - カテゴリ終了
✅ 動画配信 完了: 87件保存 → pointincome_category_209.json
⏸️ 10秒休憩...

📊 進捗: 24/29 (83%)

🎯 カテゴリ処理開始: 電子書籍
  📄 ページ 1 処理中...
    ✅ 30件発見（累計: 30件）
  📄 ページ 2 処理中...
    ✅ 6件発見（累計: 36件）
  📄 ページ 3 処理中...
    ⚠️ 案件が見つかりません - カテゴリ終了
✅ 電子書籍 完了: 36件保存 → pointincome_category_271.json
⏸️ 10秒休憩...

📊 進捗: 25/29 (86%)

🎯 カテゴリ処理開始: ふるさと納税
  📄 ページ 1 処理中...
    ✅ 30件発見（累計: 30件）
  📄 ページ 2 処理中...
    ✅ 30件発見（累計: 60件）
  📄 ページ 3 処理中...
    ✅ 30件発見（累計: 90件）
  📄 ページ 4 処理中...
    ✅ 27件発見（累計: 117件）
  📄 ページ 5 処理中...
    ⚠️ 案件が見つかりません - カテゴリ終了
✅ ふるさと納税 完了: 117件保存 → pointincome_category_232.json
⏸️ 10秒休憩...

📊 進捗: 26/29 (90%)

🎯 カテゴリ処理開始: ポイントサイト
  📄 ページ 1 処理中...
    ✅ 30件発見（累計: 30件）
  📄 ページ 2 処理中...
    ✅ 2件発見（累計: 32件）
  📄 ページ 3 処理中...
    ⚠️ 案件が見つかりません - カテゴリ終了
✅ ポイントサイト 完了: 32件保存 → pointincome_category_269.json
⏸️ 10秒休憩...

📊 進捗: 27/29 (93%)

🎯 カテゴリ処理開始: アンケート
  📄 ページ 1 処理中...
    ✅ 30件発見（累計: 30件）
  📄 ページ 2 処理中...
    ✅ 8件発見（累計: 38件）
  📄 ページ 3 処理中...
    ⚠️ 案件が見つかりません - カテゴリ終了
✅ アンケート 完了: 38件保存 → pointincome_category_234.json
⏸️ 10秒休憩...

📊 進捗: 28/29 (97%)

🎯 カテゴリ処理開始: その他サービス
  📄 ページ 1 処理中...
    ✅ 30件発見（累計: 30件）
  📄 ページ 2 処理中...
    ✅ 24件発見（累計: 54件）
  📄 ページ 3 処理中...
    ⚠️ 案件が見つかりません - カテゴリ終了
✅ その他サービス 完了: 54件保存 → pointincome_category_238.json

============================================================
🎉 全カテゴリ処理完了！
📊 総取得案件数: 2211件
⏱️ 処理時間: 11分
💡 次のステップ: 個別JSONファイルを統合してください
