🏭 ポイントインカム本番用全カテゴリスクレイピング開始
📋 ショッピング8グループ + サービス31カテゴリ × 最大20ページを処理予定
📊 総計39カテゴリを処理
⏱️ レート制限: 2.5秒間隔


🛍️ [1/39] group処理開始: EC・ネットショッピング

📂 グループ「EC・ネットショッピング」の処理開始
  🌐 URL: https://pointi.jp/list.php?group=65
  📄 ページ 1 を処理中...
    ✅ 30件発見（累計: 30件）
    📖 次ページクリック: 成功 (2)
  📄 ページ 2 を処理中...
    ✅ 30件発見（累計: 60件）
    📖 次ページクリック: 成功 (3)
  📄 ページ 3 を処理中...
    ✅ 30件発見（累計: 90件）
    📖 次ページクリック: 成功 (4)
  📄 ページ 4 を処理中...
    ✅ 24件発見（累計: 114件）
    📖 次ページクリック: 成功 (次へ>)
  📄 ページ 5 を処理中...
    ⚠️ 案件が見つかりません - ページ終了
📊 グループ「EC・ネットショッピング」: 114件の案件を詳細取得開始
🔍 重複除去後: 114件
✅ [1/114] 日清食品グループ オンラインストア【SUMMER SALE実施中!!】 - 3.3%
✅ [2/114] 【7/20で終了】 もち麦満腹バースターターセット - 61%還元
                                                        11,000pt
✅ [3/114] シャープ公式通販サイト　cocorostore（ココロストア） - 5%
✅ [4/114] Swarovski(スワロフスキー) - 5%
✅ [5/114] ダイソーネットストア　DAISO - 4%
✅ [6/114] 【初回購入限定】Green Beans（グリーンビーンズ） - 10%
✅ [7/114] Qoo10 - 1.9%
✅ [8/114] au PAY マーケット - 1%
✅ [9/114] 羽田空港公式通販サイト - 5.5%
✅ [10/114] プライムダイレクト - 10%
✅ [11/114] ショップジャパン - 2%
✅ [12/114] iHerb（アイハーブ） - 4.1%
✅ [13/114] Cosme Kitchen WebStore(コスメキッチンウェブストア)　新規購入 - 11%
✅ [14/114] GREEN SPOON（グリーンスプーン） - 1500円
✅ [15/114] AliExpress（アリエクスプレス）その他カテゴリ - 4%
✅ [16/114] 神戸レタス（Koube　Lettuce）　新規購入 - 21%
✅ [17/114] AliExpress（アリエクスプレス）家電・PC専用 - 2%
✅ [18/114] 神戸レタス（Koube　Lettuce） - 3%
✅ [19/114] トレテク！ソフトバンクセレクション オンラインショップ - 3%
✅ [20/114] くまポン初回購入 - 120円
✅ [21/114] PizzaHut（ピザハットオンライン） - 1%
✅ [22/114] Yahoo!ショッピング（ヤフーショッピング） - 1%
✅ [23/114] Wish(ウィッシュ) - 3.5%
✅ [24/114] 京王百貨店ネットショップ - 1%
✅ [25/114] デジタルギフト「してね」 JTBグループ - 3.5%
✅ [26/114] Francfranc (フランフラン) ONLINE SHOP - 2.5%
✅ [27/114] 楽天全国スーパー - 500円
✅ [28/114] ビックカメラ.com - 1%
✅ [29/114] DHCオンラインショップ - 0.6%
✅ [30/114] トーカ堂テレビショッピング - 2%
✅ [31/114] ベルーナ - 5.5%
✅ [32/114] スーパースポーツゼビオオンラインストア - 5%
✅ [33/114] Biople（ビープル） - 4%
✅ [34/114] Cosme Kitchen WebStore(コスメキッチンウェブストア)リピート用 - 1%
✅ [35/114] ムビチケ - 0.8%
✅ [36/114] サンプル百貨店　初回購入 - 22円
✅ [37/114] DHCオンラインショップ　新規購入 - 100円
✅ [38/114] 日本直販(NIHON CHOKUHAN) - 4%
✅ [39/114] 高島屋オンラインストア - 1.5%
✅ [40/114] 島の人オンラインショップ　北海道海鮮専門店 - 6%
✅ [41/114] ゲオオンラインストア - 2%
✅ [42/114] アデランス公式通販 - 10%
✅ [43/114] nissen（ニッセン） - 1%
✅ [44/114] AliExpress（アリエクスプレス）衣類・雑貨専用 - 6%
✅ [45/114] BELLE MAISON(ベルメゾン) - 0.6%
✅ [46/114] DCMオンライン（ホームセンター通販） - 2.1%
✅ [47/114] 西川公式オンラインショップ - 1%
✅ [48/114] 一風堂オフィシャルオンラインストア - 5.5%
✅ [49/114] JAPAN DUTY FREE　成田空港免税品予約サイト - 3%
✅ [50/114] TIAT DUTY FREE　羽田空港免税品予約サイト - 3%
💾 中間保存完了（50件）
✅ [51/114] スーパーマーケット成城石井.com - 1.2%
✅ [52/114] ダイエーネットショッピング - 1.2%
✅ [53/114] ロス活SHOP - 6%
✅ [54/114] KOWA Happiness Direct（ハピネスダイレクト） - 3%
✅ [55/114] ロクシタンオンラインショップ - 3%
✅ [56/114] CARDMAX - 3%
✅ [57/114] かねたやオンライン - 2.1%
✅ [58/114] アソビュー！ギフト - 8%
✅ [59/114] カスミ・マルエツ・マックスバリュ関東のネットスーパー　オンラインデリバリー - 1.6%
✅ [60/114] NARS - 1.6%
✅ [61/114] ショップチャンネル - 0.5%
✅ [62/114] セブンネットショッピング - 3%
✅ [63/114] Ropping（ロッピング） - 2.5%
✅ [64/114] Watts（ワッツ）公式オンラインショップ【100円ショップ】 - 2%
✅ [65/114] マツキヨココカラオンラインストア（旧：マツモトキヨシ） - 3.5%
✅ [66/114] Joshin（ジョーシン)webショップ - 0.6%
✅ [67/114] サマンサタバサ公式オンラインショップ - 7%
✅ [68/114] オルビス ディフェンセラ - 240円
✅ [69/114] ダイレクトテレショップ - 3%
✅ [70/114] 東武オンラインショッピング（東武百貨店） - 1%
✅ [71/114] BRUNO online（ブルーノオンライン） - 3.5%
✅ [72/114] PAL CLOSET（パルクローゼット） - 1.5%
✅ [73/114] 3COINS（スリーコインズ）　PAL CLOSET店 - 1.5%
✅ [74/114] ITOKIN ONLINE STORE（イトキン公式サイト） - 1.5%
✅ [75/114] POLA（ポーラ）公式オンラインストア - 0円
✅ [76/114] ファイテン - 3%
✅ [77/114] ロフトネットストア - 2%
✅ [78/114] TBSショッピング - 1.8%
✅ [79/114] イオンショップ - 5%
✅ [80/114] ディノス オンラインショップ - 0.6%
✅ [81/114] リコメン堂 - 1.8%
✅ [82/114] イオンネットスーパー - 1%
✅ [83/114] 大丸松坂屋オンラインストア - 5%
✅ [84/114] FANCL online(ファンケルオンライン) - 2%
✅ [85/114] ISETAN BEAUTY online（イセタン ビューティー オンライン） - 0.6%
✅ [86/114] リンガーハット オンラインショップ - 160円
✅ [87/114] BOBBI BROWN（ボビイブラウン） - 1.5%
✅ [88/114] ORBIS（オルビス） - 2.5%
✅ [89/114] チケットぴあ - 0.6%
✅ [90/114] FELISSIMO(フェリシモ) - 2%
✅ [91/114] TOMIZ（富澤商店） - 200円
✅ [92/114] サーモス オンラインショップ（THERMOS ONLINE SHOP） - 3.5%
✅ [93/114] e通販.com - 3%
✅ [94/114] ケラスターゼ - 5.5%
✅ [95/114] パーフェクトスペースカーテン館 - 2.4%
✅ [96/114] GUNZE store(グンゼストア） - 3%
✅ [97/114] アルマードオンラインショップ - 6%
✅ [98/114] ETUDE(エチュード) - 10%
✅ [99/114] 小田急百貨店オンラインショッピング - 1.2%
✅ [100/114] 三越伊勢丹オンラインストア - 2%
💾 中間保存完了（100件）
✅ [101/114] AEON STYLE ONLINE（イオンスタイルオンライン） - 1.2%
✅ [102/114] よろずやマルシェ本店 - 1.5%
✅ [103/114] アンビエントラウンジ - 2.5%
✅ [104/114] COSMETIC TIMES（コスメティックタイムズ） - 3%
✅ [105/114] ピエール ･エルメ ･パリ - 3%
✅ [106/114] 楽天市場 - 1%
✅ [107/114] コスメリンク - 1.8%
✅ [108/114] ケーズデンキ - 0.5%
✅ [109/114] ニトリ 楽天市場 - 1%
✅ [110/114] ヤマダ電機 YAMADAモール - 0.6%
✅ [111/114] ＫＩＬＡＴ（キラット） - 1.2%
✅ [112/114] Amazon.co.jp（アマゾン） - 0%
✅ [113/114] 藤巻百貨店 - 6%
✅ [114/114] 通販王国オンライン - 6%
⏸️ カテゴリ間待機中...

🛍️ [2/39] group処理開始: ファッション

📂 グループ「ファッション」の処理開始
  🌐 URL: https://pointi.jp/list.php?group=152
  📄 ページ 1 を処理中...
    ✅ 30件発見（累計: 30件）
    📖 次ページクリック: 成功 (2)
  📄 ページ 2 を処理中...
    ✅ 30件発見（累計: 60件）
    📖 次ページクリック: 成功 (3)
  📄 ページ 3 を処理中...
    ✅ 30件発見（累計: 90件）
    📖 次ページクリック: 成功 (4)
  📄 ページ 4 を処理中...
    ✅ 30件発見（累計: 120件）
    📖 次ページクリック: 成功 (5)
  📄 ページ 5 を処理中...
    ✅ 30件発見（累計: 150件）
    📖 次ページクリック: 成功 (6)
  📄 ページ 6 を処理中...
    ✅ 30件発見（累計: 180件）
    📖 次ページクリック: 成功 (7)
  📄 ページ 7 を処理中...
    ✅ 30件発見（累計: 210件）
    📖 次ページクリック: 成功 (8)
  📄 ページ 8 を処理中...
    ✅ 30件発見（累計: 240件）
    📖 次ページクリック: 成功 (9)
  📄 ページ 9 を処理中...
    ✅ 30件発見（累計: 270件）
    📖 次ページクリック: 成功 (10)
  📄 ページ 10 を処理中...
    ✅ 14件発見（累計: 284件）
    📖 次ページクリック: 成功 (次へ>)
  📄 ページ 11 を処理中...
    ⚠️ 案件が見つかりません - ページ終了
📊 グループ「ファッション」: 284件の案件を詳細取得開始
🔍 重複除去後: 284件
✅ [1/284] BROOKS（ブルックス） - 7%
✅ [2/284] FISS（フィス） - 6%
⏭️ [3/284] スキップ（処理済み）
✅ [4/284] PETIT BATEAU（プチバトーオンラインブティック） - 4%
✅ [5/284] DHOLIC（ディーホリック） - 8%
✅ [6/284] SHEIN（シーイン）　リピート用 - 2%
✅ [7/284] Temu（テム）  新規購入用 - 50%
✅ [8/284] mizutori (ミズトリ） - 10%
✅ [9/284] SHOPLIST(ショップリスト) - 12%
✅ [10/284] and ST (アンドエスティ) - 1%
✅ [11/284] ストスト（中古ゴルフウェア） - 5%
✅ [12/284] axes femme（アクシーズファム） - 5%
✅ [13/284] LOVST TOKYO（ラヴィストトーキョー） - 5%
✅ [14/284] TRANSIC（トランシック） - 10%
✅ [15/284] デルセー公式オンラインショップ - 4.5%
✅ [16/284] tu-hacci（ツーハッチ） - 10%
✅ [17/284] カシオオンラインストア（CASIO） - 3%
✅ [18/284] ハッピーマリリン - 3%
✅ [19/284] tutu anna（チュチュアンナ） - 5.5%
✅ [20/284] サロモン公式オンラインストア - 5%
⏭️ [21/284] スキップ（処理済み）
✅ [22/284] サロモン公式オンラインストア　新規購入 - 8%
✅ [23/284] ベルーナ　新規会員登録おトクキャンペーン - 700円
⏭️ [24/284] スキップ（処理済み）
✅ [25/284] ZOZOUSED（新規購入） - 260円
✅ [26/284] DazzyStore（デイジーストア）　激安ドレスの専門サイト - 8%
✅ [27/284] Alinoma(アリノマ) - 1.2%
✅ [28/284] ヒマラヤオンラインストア - 3%
✅ [29/284] STUDIOUS（ステュディオス） - 2.5%
✅ [30/284] ZOZOUSED（リピート利用） - 2%
✅ [31/284] SHEIN（シーイン）　 新規購入用 - 22%
⏭️ [32/284] スキップ（処理済み）
✅ [33/284] Admiral（アドミラル） - 15%
✅ [34/284] AeeYaa（アイヤー） - 7%
✅ [35/284] Las（ラス）　金属アレルギー対応アクセサリー - 7%
✅ [36/284] KEEN(キーン) - 4.5%
✅ [37/284] アキレスウェブショップ　 - 7%
✅ [38/284] Temu（テム） リピート用 - 8.5%
✅ [39/284] ROPE PICNIC(ロペピクニック) - 2%
✅ [40/284] グレディブリリアン公式通販 - 2%
💾 中間保存完了（150件）
✅ [41/284] GILT（ギルト） - 3%
✅ [42/284] ベネクス - 7%
✅ [43/284] Pierrot（ピエロ）/RASW（ラス） - 5%
✅ [44/284] biffle（ビッフィル） - 4%
✅ [45/284] DoCLASSE（ドゥクラッセ） - 2%
✅ [46/284] Wpc. ONLINE STORE - 3%
✅ [47/284] 宝島チャンネル - 1.3%
✅ [48/284] グレゴリー(GREGORY)公式通販 - 1.5%
✅ [49/284] Stylora Store（スタイロラ ストア） - 2%
✅ [50/284] Stylora Store（スタイロラ ストア）　新規購入用 - 7%
✅ [51/284] ohora(オホーラ)　セルフジェルネイル - 4.5%
⏭️ [52/284] スキップ（処理済み）
✅ [53/284] Emma Francis（エマフランシス） - 4%
✅ [54/284] calif(カリフ) - 3%
✅ [55/284] Engels Zimmer 【エンジェルズ　ジマー】 - 3.5%
✅ [56/284] Pierrot（ピエロ）　新規購入 - 20%
✅ [57/284] ohora(オホーラ)　セルフジェルネイル　新規購入 【Wチャンスキャンペーン実施中】 - 10%
⏭️ [58/284] スキップ（処理済み）
✅ [59/284] ワイヤレスイヤホン【POWER X7】 - 6%
✅ [60/284] 名刺入れ・カードケース【POWER M1】 - 6%
✅ [61/284] 二つ折り財布(馬革)【POWER M2】 - 6%
✅ [62/284] 長財布 (馬革) 【POWER M3】 - 6%
✅ [63/284] Claura（クロラ） - 8%
✅ [64/284] LEVI'S（リーバイス）オンラインストア - 2.5%
✅ [65/284] GUESS（ゲス） JAPAN公式オンラインストア - 3%
✅ [66/284] S.Curve.Studio - 1.2%
✅ [67/284] YAMADAYA（ヤマダヤオンラインストア） - 4%
✅ [68/284] BLVCK PARIS（ブラックパリ） - 1.5%
✅ [69/284] グラニフ公式オンラインストア(graniph) - 3%
✅ [70/284] SHIPS - シップス（ファッション通販） - 1.5%
✅ [71/284] URBAN RESEARCH　(アーバンリサーチオンラインショップ) - 1.2%
✅ [72/284] Louis Faglin - 6%
✅ [73/284] WAINY（ウェイニー） - 6.5%
⏭️ [74/284] スキップ（処理済み）
✅ [75/284] COLE HAAN（コールハーンオンラインストア） - 3%
✅ [76/284] mo,de in japan（モードインジャパン） ひろゆきのブランド - 7%
✅ [77/284] ゴルフ・ドゥ(Golf do) 公式オンラインショップ - 2.5%
✅ [78/284] Daniel Wellington JP（ダニエル・ウェリントン公式オンラインストア） - 5%
✅ [79/284] さしい暮らしの店 - 7.2%
✅ [80/284] Nordgreen（ノードグリーン） - 3.5%
✅ [81/284] 洋服の青山　新規購入用 - 10%
✅ [82/284] 洋服の青山 - 3.6%
✅ [83/284] adidas Online Shop(アディダス) - 0.6%
⏭️ [84/284] スキップ（処理済み）
✅ [85/284] AOKI公式オンラインショップ - 16%
✅ [86/284] WEGO ONLINE STORE(ウィゴー) - 3%
⏭️ [87/284] スキップ（処理済み）
✅ [88/284] Aenak（アエナック） - 10%
✅ [89/284] WORLD ONLINE STORE(ワールド オンラインストア) - 1%
✅ [90/284] ミッシーリスト - 6%
✅ [91/284] RUNWAY channel（ランウェイチャンネル） - 2%
✅ [92/284] NUGU（ヌグ） - 3%
⏭️ [93/284] スキップ（処理済み）
✅ [94/284] AARA - 3%
✅ [95/284] ムラサキスポーツ - 6.5%
✅ [96/284] 7sGood（セブンスグッド） - 9%
💾 中間保存完了（200件）
✅ [97/284] YOOX（ユークス） - 1.2%
✅ [98/284] LC（ラックスカタログ） - 5%
✅ [99/284] Rakuten Fashion(楽天ファッション) - 4%
✅ [100/284] HUGO BOSS（ヒューゴボス） - 6%
✅ [101/284] DRW（ドロー） - 6%
✅ [102/284] RUNWAY channel（ランウェイチャンネル）　新規購入 - 13%
✅ [103/284] F.O.Online Store - 1.5%
✅ [104/284] UNITED ARROWS ONLINE（ユナイテッドアローズ）　新規購入 - 7%
✅ [105/284] Trip - 4%
✅ [106/284] パレモバONLINESTORE - 3%
✅ [107/284] IWASA - 3%
✅ [108/284] USAGI ONLINE（ウサギオンライン）公式通販 - 2%
✅ [109/284] USAGI ONLINE（ウサギオンライン）公式通販　新規購入用 - 3%
✅ [110/284] ジョー マローン ロンドン - 2%
✅ [111/284] Classical Elf（クラシカルエルフ） - 3%
✅ [112/284] Cmall（シーモール） - 2.5%
✅ [113/284] フォークオンラインストア（白衣・カラースクラブ） - 8%
✅ [114/284] DROBE(ドローブ) - 1000円
✅ [115/284] 子供服のdevirockstore（デビロックストア） - 6.5%
✅ [116/284] Honeys（ハニーズ） - 6%
✅ [117/284] BITTER OFFICIAL WEB STORE（ビターストア） - 4.8%
✅ [118/284] Daytona Park（デイトナーパーク）旧：FREAK'S STORE - 2%
✅ [119/284] LUISA VIA ROMA（ルイーザヴィアローマ） - 4.2%
✅ [120/284] SILVER BULLET（シルバーバレット） - 5%
✅ [121/284] メンズファッションARCADE（アーケード） - 6.5%
✅ [122/284] vivid golf（ビビゴルフ） - 2%
✅ [123/284] SOLVE（ソルブ） - 6%
✅ [124/284] 海外ブランドファッション通販AXES(アクセス) - 1.2%
✅ [125/284] BEAMS Online Shop（ビームス公式） - 1.5%
✅ [126/284] アカチャンホンポOnline Shop - 0.6%
✅ [127/284] グラマラスリムガードル・コールドシェイプ - 3000円
✅ [128/284] ABC-MARTオンラインストア - 1.5%
✅ [129/284] ASTRONOMY - 6%
✅ [130/284] offprice.ec（オフプライスイーシー） - 6%
✅ [131/284] キムラタン - 1%
⏭️ [132/284] スキップ（処理済み）
✅ [133/284] UNITED ARROWS ONLINE（ユナイテッドアローズ） - 1%
✅ [134/284] SHAKA公式オンラインストア - 4.5%
✅ [135/284] オーダースーツのHANABISHI - 600円
✅ [136/284] YAMAKI ONLINE SHOP（山喜オフィシャル通販 ） - 1.5%
✅ [137/284] CASETiFY（ケースティファイ） - 8%
✅ [138/284] SOLSOMARE - 6%
✅ [139/284] LUPIS（ルピス）公式通販 - 1.5%
✅ [140/284] BABYDOLL(ベビードール) 公式オンラインショップ - 5%
✅ [141/284] novice（ノーヴィス） - 6%
✅ [142/284] Codibook - 3%
✅ [143/284] COLORFUL CANDY STYLE - 5%
✅ [144/284] Knirps(クニルプス) - 7%
✅ [145/284] クラシコ　医療用白衣 - 3.5%
✅ [146/284] 京都きもの町 - 3%
✅ [147/284] 福助オンラインストア - 0.9%
💾 中間保存完了（250件）
✅ [148/284] 三京商会 - 3.5%
⏭️ [149/284] スキップ（処理済み）
⏭️ [150/284] スキップ（処理済み）
⏭️ [151/284] スキップ（処理済み）
⏭️ [152/284] スキップ（処理済み）
✅ [153/284] SPUTNICKS（スプートニクス） - 12%
✅ [154/284] StockX（ストックエックス） - 0.5%
✅ [155/284] GLUCK（グルック） - 8%
✅ [156/284] ADELO（アデロ） - 10%
✅ [157/284] Hallelujah ハレルヤ - 3.5%
✅ [158/284] セカンドストリート　オンラインストア - 2%
✅ [159/284] Gap Japan - 2%
✅ [160/284] Legend Walker Store - 3%
✅ [161/284] i LUMINE(アイルミネ) - 1.2%
✅ [162/284] 授乳服とマタニティ服のMilk tea（ミルクティー） - 5.5%
✅ [163/284] UNDER ARMOUR（アンダーアーマー）公式サイト - 4%
✅ [164/284] オリビアバートン公式ストア - 3.5%
✅ [165/284] マトウ公式ストア - 2%
✅ [166/284] デカトロン - 2%
✅ [167/284] アイスウォッチ（ice-watch） - 3.5%
✅ [168/284] CREA　金属アレルギー対応のアクセサリー - 9%
✅ [169/284] Theory luxe（セオリーリュクス）公式通販サイト - 2.5%
✅ [170/284] キャロウェイゴルフ（Callaway） - 5%
✅ [171/284] CASTELBAJAC（カステルバジャック） - 5%
✅ [172/284] サンデーマウンテン - 1.2%
✅ [173/284] KATION SPORTS & WELLNESS - 1.6%
✅ [174/284] OROS JAPAN - 7%
✅ [175/284] Triumph（トリンプ） - 5%
✅ [176/284] AMOSTYLE BY Triumph（アモスタイル バイ トリンプ） - 5%
✅ [177/284] 大きいサイズレディース通販サイトangeLsize（エンジェルサイズ） - 8%
✅ [178/284] Palude(パルーデ)　アニメ・ゲームのルームウェア/雑貨ショップ - 4%
✅ [179/284] overE（オーバーイー） - 5%
✅ [180/284] コメ兵 - 0.6%
✅ [181/284] チャームカラーコンタクト - 10%
✅ [182/284] TUQRU（ツクル） - 10%
⏭️ [183/284] スキップ（処理済み）
✅ [184/284] およばれドレス　Dorry Doll - 7%
✅ [185/284] titivate（ティティベイト） - 0.9%
✅ [186/284] MONOVO（モノヴォ）マッスルプレスタンクトップ - 3500円
✅ [187/284] リゲッタ - 5%
✅ [188/284] Epoi（エポイ） - 3%
✅ [189/284] airlist（エアリスト） - 3%
✅ [190/284] Brandear オークション（ブランディア公式オークション） - 0.6%
✅ [191/284] fitfit(フィットフィット) - 1.2%
✅ [192/284] uluu jewery＆accessory - 10%
✅ [193/284] MURA - 7%
✅ [194/284] オシャレウォーカー(osharewalker) - 1.2%
✅ [195/284] POPLENS（ポップレンズ） - 5.5%
✅ [196/284] モギカバン - 2%
✅ [197/284] フェリージオンラインショップ - 4%
✅ [198/284] CHARLES & KEITH (チャールズ＆キース) - 3%
✅ [199/284] ギャレリアモール - 1.2%
✅ [200/284] 医食同源　SPUN MASK(スパンマスク)不織布カラーマスク - 100円
✅ [201/284] fifth store(フィフスストア) - 2%
✅ [202/284] LANDS’ END(ランズエンド) 初回購入 - 300円
💾 中間保存完了（300件）
✅ [203/284] ChooMia（チュミア） - 7%
✅ [204/284] Pearls（パールズ） - 8%
✅ [205/284] Angellir（アンジェリール）公式サイト - 3.5%
✅ [206/284] cecile(セシール) - 2%
✅ [207/284] 加圧式インナー　BE PRESS（ビープレス） - 3000円
✅ [208/284] アクアガレージ(aquagarage） - 10%
⏭️ [209/284] スキップ（処理済み）
✅ [210/284] Tika-ティカ- - 4%
✅ [211/284] 抗菌防臭マスク　ミツフジ × GENKI LABOコラボマスク - 5%
✅ [212/284] We'll - 7%
✅ [213/284] fulvum(フルーム)公式通販サイト - 3%
✅ [214/284] cui-cui（キュイキュイ） - 7%
✅ [215/284] Teva(R) 公式サイト - 1.8%
✅ [216/284] Lululemon（ルルレモン） - 1.2%
✅ [217/284] ふぁみーるコンタクト - 4%
✅ [218/284] アットレンズ - 4%
⏭️ [219/284] スキップ（処理済み）
✅ [220/284] キプリス公式オンラインショップ - 7%
✅ [221/284] キャリーオン - 3%
✅ [222/284] MoMA Design Store - 4.5%
✅ [223/284] プーマオンラインストア　Puma Online Store - 3%
✅ [224/284] セレクトショップZUTTO - 8.1%
✅ [225/284] タカシマヤファッションスクエア - 1.2%
✅ [226/284] AZUL BY MOUSSY（アズールバイマウジー） - 3%
✅ [227/284] TATRAS CONCEPT STORE - 1.8%
✅ [228/284] ノイジャパン - 7%
✅ [229/284] HOKA(R) - 1.2%
✅ [230/284] About Vintage - 7%
✅ [231/284] new balance（ニューバランス）公式オンラインストア - 1.8%
✅ [232/284] アクナス - 5.5%
✅ [233/284] SPIBELT（スパイベルト） - 10%
✅ [234/284] aimerfeel（エメフィール） - 2%
✅ [235/284] URONA（ウローナ） - 7%
✅ [236/284] R&Y Rental（アールワイレンタル） - 6%
✅ [237/284] ur's(ユアーズ) - 1.4%
✅ [238/284] NAGATANI（ナガタニ） - 4.5%
✅ [239/284] ラコステジャパン (LACOSTE) - 1.8%
✅ [240/284] SOIM（ソイム） - 3%
✅ [241/284] メガスポーツオンラインショップ - 1.8%
✅ [242/284] UGG(R) 公式サイト - 1.8%
✅ [243/284] 浴衣通販Dita（ディータ） - 7%
✅ [244/284] sot（ソット） - 3%
✅ [245/284] オーダーシャツ SOLVE公式通販 - 750円
✅ [246/284] MILESTO（ミレスト） - 3%
✅ [247/284] 東京クロコダイル - 3%
✅ [248/284] SEA DRESS - 1.3%
✅ [249/284] Tokyo Life - 1.1%
✅ [250/284] きもの365 - 6%
✅ [251/284] D COLLECTION　ディーコレクション - 5%
✅ [252/284] ヴィクトリアゴルフオンラインストア - 3.6%
✅ [253/284] Brooks Brothers（ブルックスブラザーズ） - 3.1%
✅ [254/284] 有賀園ゴルフオンライン - 2.5%
💾 中間保存完了（350件）
✅ [255/284] 集英社HAPPY PLUS STORE（ハッピープラスストア） - 1.8%
✅ [256/284] エルブレスオンラインストア（L-Breath） - 3%
✅ [257/284] 筋力サポート加圧シャツ　マッスルプレス - 1200円
✅ [258/284] スウィートマミー - 7%
✅ [259/284] インナーショップ白鳩 - 2%
✅ [260/284] Farfetch.com (ファーフェッチ) - 2%
✅ [261/284] infirmiere（アンファミエ） - 2%
✅ [262/284] MIZUNO SHOP - 3%
✅ [263/284] ワコール - 2%
✅ [264/284] ELLE SHOP（エル・ショップ） - 1.8%
✅ [265/284] Lady Cat Smart - 3%
✅ [266/284] ザ・スーツカンパニー×ユニバーサルランゲージ　公式通販 - 3%
✅ [267/284] GLENCHECK - 7%
⏭️ [268/284] スキップ（処理済み）
✅ [269/284] 428DROPP(シブヤド ロップ) - 6%
✅ [270/284] トコーナビ - 4.5%
✅ [271/284] SORIENO（ソリエノ） - 6%
⏭️ [272/284] スキップ（処理済み）
✅ [273/284] エプロン専門店アームボーテ - 1.8%
✅ [274/284] B-GALLERY - 6%
✅ [275/284] LITHEE（リジー） - 6%
✅ [276/284] マカロニックスタイル - 4.2%
✅ [277/284] ナース専門「ナースリー」 - 6%
✅ [278/284] グリーンピアッシング - 8%
✅ [279/284] サッカーショップ加茂 - 1.8%
✅ [280/284] 三恵 - 4.8%
✅ [281/284] ブランドバッグ&アクセサリーレンタル Cariru レンタル申込 - 4.2%
✅ [282/284] erutuoc（エルトゥーク） - 0.6%
✅ [283/284] 人工宝石ジュエリー - 3%
✅ [284/284] ルイ グラマラス 大きいサイズの下着販売 - 4.8%
⏸️ カテゴリ間待機中...

🛍️ [3/39] group処理開始: グルメ

📂 グループ「グルメ」の処理開始
  🌐 URL: https://pointi.jp/list.php?group=154
  📄 ページ 1 を処理中...
    ✅ 30件発見（累計: 30件）
    📖 次ページクリック: 成功 (2)
  📄 ページ 2 を処理中...
    ✅ 30件発見（累計: 60件）
    📖 次ページクリック: 成功 (3)
  📄 ページ 3 を処理中...
    ✅ 30件発見（累計: 90件）
    📖 次ページクリック: 成功 (4)
  📄 ページ 4 を処理中...
    ✅ 30件発見（累計: 120件）
    📖 次ページクリック: 成功 (5)
  📄 ページ 5 を処理中...
    ✅ 30件発見（累計: 150件）
    📖 次ページクリック: 成功 (6)
  📄 ページ 6 を処理中...
    ✅ 30件発見（累計: 180件）
    📖 次ページクリック: 成功 (7)
  📄 ページ 7 を処理中...
    ✅ 30件発見（累計: 210件）
    📖 次ページクリック: 成功 (8)
  📄 ページ 8 を処理中...
    ✅ 30件発見（累計: 240件）
    📖 次ページクリック: 成功 (9)
  📄 ページ 9 を処理中...
    ✅ 5件発見（累計: 245件）
    📖 次ページクリック: 成功 (次へ>)
  📄 ページ 10 を処理中...
    ⚠️ 案件が見つかりません - ページ終了
📊 グループ「グルメ」: 245件の案件を詳細取得開始
🔍 重複除去後: 245件
✅ [1/245] ぐるすぐり（ふるさと納税商品） - 2%
✅ [2/245] 実質半額！『DELISH KITCHEN』プロデュース 宅配弁当Meals - 61%還元
                                                        31,000pt
✅ [3/245] YOSHIKEI（ヨシケイ）４つの選べるミールキットお試し5days - 1200円
✅ [4/245] Sumifru（スミフル）の美味しいマルシェ - 10%
✅ [5/245] 京つけもの ニシダ - 12%
✅ [6/245] MOILお試しセット - 100%還元
                                                        5,000pt
✅ [7/245] ROKUMEI COFFEE CO.（ロクメイコーヒー） - 15%
✅ [8/245] Myprotein（マイプロテイン） 初回購入 - 13%
✅ [9/245] Uber Eats（ウーバーイーツ） フード デリバリー注文（初回注文用） - 850円
✅ [10/245] BASE BREAD （ベースブレッド） - 500円
✅ [11/245] サロンドロワイヤル - 7%
✅ [12/245] 和匠 瑞乃香 - 10%
✅ [13/245] もち麦満腹バー5種100袋セット - 3000円
⏭️ [14/245] スキップ（処理済み）
✅ [15/245] GELATERIA GELABO - 10%
⏭️ [16/245] スキップ（処理済み）
✅ [17/245] Minimal（ミニマル） - 13%
✅ [18/245] カゴメ　夏ギフト2025「お中元」 - 334円
✅ [19/245] ベースフード（継続コース） - 200円
⏭️ [20/245] スキップ（処理済み）
✅ [21/245] 至極の黄金だし玉 - 1500円
✅ [22/245] nosh（ナッシュ） 総額5,000円OFF - 900円
✅ [23/245] ベルーナグルメ - 3%
⏭️ [24/245] スキップ（処理済み）
✅ [25/245] オイシックス(Oisix)おためしセット - 51%還元
                                                        10,000pt
⏭️ [26/245] スキップ（処理済み）
✅ [27/245] カゴメ 「毎日飲む野菜 お試し20本セット」 - 396円
💾 中間保存完了（400件）
✅ [28/245] カゴメ「つぶより野菜」 - 396円
✅ [29/245] 伊藤久右衛門 - 9%
✅ [30/245] グランドカステラ - 7%
✅ [31/245] サイボクハム - 4.5%
✅ [32/245] 宇治茶　祇園辻利オンラインショップ - 10%
✅ [33/245] 果物EXPRESS　JA直送 - 5%
✅ [34/245] お花の定期便 bloomee（ブルーミー）　4回継続でお得！ - 1100円
✅ [35/245] ポケットマルシェ - 700円
✅ [36/245] 名代おめん - 7%
✅ [37/245] 夏の冷製ポタージュ - 486円
✅ [38/245] 野菜と豆の具だくさんポタージュ - 500円
✅ [39/245] 馬刺し屋 - 10%
⏭️ [40/245] スキップ（処理済み）
✅ [41/245] つくりおき.jp - 4000円
✅ [42/245] ファインコーヒーW 500円モニター - 100円
✅ [43/245] ふっくらしらす 初回1,980円定期 - 390円
✅ [44/245] 蜜しぼり - 500円
✅ [45/245] 九州お取り寄せ本舗【WチャンスCP開催中】 - 15%
✅ [46/245] SAKURA's - 6%
✅ [47/245] ファーストスプーン - 12%
✅ [48/245] G'dayWine（グッダイワイン） - 7%
✅ [49/245] ベルーナ　My Wine CLUB（マイ ワイン クラブ） - 1.3%
✅ [50/245] 食べチョク - 15%
✅ [51/245] ワインショップカーヴ・ド・ラ・マドレーヌ - 3%
✅ [52/245] 大阪王将公式通販 - 5%
✅ [53/245] プレミアム 三十九雑穀米 無料モニター - 20円
✅ [54/245] decocake.jp - 4.5%
✅ [55/245] じゃこ丸劇場オンラインショップ - 3.5%
✅ [56/245] ワタミの宅食ダイレクト - 2600円
✅ [57/245] ますよね - 2%
✅ [58/245] 創健社オンラインショップ - 6%
✅ [59/245] レモスコ - 10%
✅ [60/245] DozoFreesh（ドーゾフリーシュ） - 4.5%
✅ [61/245] ゼンブブレッド - 150円
✅ [62/245] ゼンブヌードル - 150円
✅ [63/245] 豊潤サジー 無料モニター - 20円
✅ [64/245] ZENB式ダイエットプログラム4週分 - 150円
✅ [65/245] シェフの無添つくりおき FIT FOOD HOME - 600円
✅ [66/245] 豊潤サジー 500円モニター【定期購入キャンペーン開催中！】 - 100円
✅ [67/245] ラベル印刷シール印刷.com - 3%
✅ [68/245] つるとんたんオンラインショップ - 6%
✅ [69/245] 宅配サービス 宅麺 - 1.8%
✅ [70/245] 豊潤サジー 初回3,590円定期 - 718円
✅ [71/245] 京もつ鍋亀八 - 7%
✅ [72/245] 京都せんべいおかき専門店　小倉山荘 - 2%
✅ [73/245] ゐざさ‐中谷本舗‐ - 10%
✅ [74/245] らでぃっしゅぼーや　おためしセット - 400円
✅ [75/245] Napule（ナプレ） - 15%
✅ [76/245] 中村藤吉本店 - 4%
✅ [77/245] homecafe（ホームカフェ） - 10%
✅ [78/245] パンのお取り寄せサイト rebake（リベイク） - 200円
💾 中間保存完了（450件）
✅ [79/245] BEYOND FREE　おからこんにゃくで作った からあげ - 500円
✅ [80/245] BEYOND FREE　ロールケーキ3種 - 500円
✅ [81/245] BEYOND FREE　玄米ブレッド3種 - 500円
✅ [82/245] ベルーナグルメ　ほほえみ御膳 - 1000円
✅ [83/245] おいしいきのこはホクト【HOKTO Online Shop】 - 3%
✅ [84/245] 日本橋いなば園 公式オンラインショップ - 6%
✅ [85/245] おせち料理【ときめく!お取り寄せ】カニ特集 - 3%
✅ [86/245] NESPRESSO（ネスプレッソ） - 5%
✅ [87/245] GELATERIA LA FESTA はちみつナッツジェラート - 5%
✅ [88/245] PAKU MOGU（パクモグ） - 680円
✅ [89/245] あっ！とごはん - 680円
✅ [90/245] 定番おうちごはん - 680円
✅ [91/245] Cake.jp - 2%
✅ [92/245] ミニストップオンライン - 1.2%
✅ [93/245] ティートリコ - 18%
✅ [94/245] しあわせの激辛 - 358円
✅ [95/245] PAPABUBBLE（パパブブレ） - 4.3%
✅ [96/245] 石垣島八重山もずく『みこと』 初回2980円定期 - 596円
✅ [97/245] 野菜をMotto!!オンラインショップ - 4%
✅ [98/245] マルショウ水産 - 5%
✅ [99/245] 九州産紅はるか焼き芋の紅茶房（チャコウボウ） - 15%
✅ [100/245] 六調子酒造 - 6%
✅ [101/245] スマイルビスコ - 500円
✅ [102/245] 千疋屋総本店 - 3%
✅ [103/245] Oisie Dining（オイシエダイニング） - 2300円
⏭️ [104/245] スキップ（処理済み）
✅ [105/245] 山田養蜂場 - 12%
✅ [106/245] イオン九州オンライン - 3%
✅ [107/245] 上野風月堂　オンラインショップ - 3%
✅ [108/245] SUNAO冷凍パスタ - 900円
✅ [109/245] 湖池屋オンラインショップ（湖池屋ONLINE） - 3%
✅ [110/245] 夏しぼり2024 - 540円
✅ [111/245] GODIVA（ゴディバオンラインショップ） - 3%
✅ [112/245] アイクレオ バランスミルク800g 2缶 - 1090円
✅ [113/245] 冷凍ナポリピッツァ通販 Fontana（フォンターナ） - 4%
✅ [114/245] UCCドリップポッドスターターセット飲み比べ48杯セット - 3000円
✅ [115/245] マンゴーホルモンの親方 - 3%
✅ [116/245] フランスメダル受賞赤厳選11本セット - 1755円
✅ [117/245] ３大銘醸地入り！世界選りすぐりスパークリングワイン１１本セット - 1596円
✅ [118/245] 世界11ヵ国！ハーフボトル赤白24本セット - 1380円
✅ [119/245] ベルーナグルメ　新規購入 - 8%
✅ [120/245] ゼクシィ内祝い - 260円
✅ [121/245] 高品質な日本製CBDリキッド　+WEED - 12%
✅ [122/245] クリームクリーム 次世代クリームリキュール - 12%
⏭️ [123/245] スキップ（処理済み）
✅ [124/245] 大地を守る会 お試しセット - 400円
✅ [125/245] 羽田産直セレクション - 5%
✅ [126/245] せんねんの木　バウムクーヘン専門店 - 7%
⏭️ [127/245] スキップ（処理済み）
✅ [128/245] 山本山オンラインショップ - 6%
✅ [129/245] Green Bread（グリーンブレッド） - 68%還元
                                                        17,000pt
✅ [130/245] ココタス - 2.5%
✅ [131/245] ギフトモール - 2.5%
💾 中間保存完了（500件）
✅ [132/245] ファンケル　マイルドクレンジング トライアルボトル - 100円
✅ [133/245] O'Food（オーフード） - 15%
✅ [134/245] BLUE BOTTLE COFFEE（ブルーボトルコーヒー） - 3%
✅ [135/245] らでぃっしゅぼーや　定期コース - 1300円
✅ [136/245] ジパングカリー - 10%
✅ [137/245] あんしん相談室 宅配ごはん案内 - 100円
⏭️ [138/245] スキップ（処理済み）
✅ [139/245] 便利な冷凍弁当の宅配　健康直球便 - 700円
⏭️ [140/245] スキップ（処理済み）
✅ [141/245] 匠本舗 - 6.5%
✅ [142/245] Repubrew クラフトビールメーカー - 6%
✅ [143/245] BAKE the ONLINE（ベイク ザ オンライン） - 2%
✅ [144/245] 生クリームつき なめらかバスチー - 12%
✅ [145/245] DEL'IMMO（デリーモ） - 7%
✅ [146/245] 淡路島キムチ - 12%
✅ [147/245] 博多久松　おせち料理 - 4%
✅ [148/245] oisix（オイシックス）おせち - 4%
✅ [149/245] まるもち家 - 7%
✅ [150/245] LeTAO（ルタオ） - 1%
✅ [151/245] 47CLUB（よんななクラブ） - 3%
✅ [152/245] PostCoffee（ポストコーヒー） - 8%
✅ [153/245] 味更（みさら） 満腹うなぎ - 6%
✅ [154/245] オンライン酒屋　KURAND（クランド） - 8%
    🔄 詳細ページリトライ 1/3
    🔄 詳細ページリトライ 2/3
    🔄 詳細ページリトライ 3/3
❌ [155/245] 詳細エラー: https://pointi.jp/ad/146853/ - Protocol error: Connection closed.
    🔄 詳細ページリトライ 1/3
    🔄 詳細ページリトライ 2/3
    🔄 詳細ページリトライ 3/3
❌ [156/245] 詳細エラー: https://pointi.jp/ad/136464/ - Protocol error: Connection closed.
    🔄 詳細ページリトライ 1/3
    🔄 詳細ページリトライ 2/3
    🔄 詳細ページリトライ 3/3
❌ [157/245] 詳細エラー: https://pointi.jp/ad/146802/ - Protocol error: Connection closed.
    🔄 詳細ページリトライ 1/3
    🔄 詳細ページリトライ 2/3
    🔄 詳細ページリトライ 3/3
❌ [158/245] 詳細エラー: https://pointi.jp/ad/129888/ - Protocol error: Connection closed.
    🔄 詳細ページリトライ 1/3
    🔄 詳細ページリトライ 2/3
    🔄 詳細ページリトライ 3/3
❌ [159/245] 詳細エラー: https://pointi.jp/ad/146627/ - Protocol error: Connection closed.
    🔄 詳細ページリトライ 1/3
    🔄 詳細ページリトライ 2/3
    🔄 詳細ページリトライ 3/3
❌ [160/245] 詳細エラー: https://pointi.jp/ad/144901/ - Protocol error: Connection closed.
⏭️ [161/245] スキップ（処理済み）
    🔄 詳細ページリトライ 1/3
    🔄 詳細ページリトライ 2/3
    🔄 詳細ページリトライ 3/3
❌ [162/245] 詳細エラー: https://pointi.jp/ad/146157/ - Protocol error: Connection closed.
    🔄 詳細ページリトライ 1/3
    🔄 詳細ページリトライ 2/3
    🔄 詳細ページリトライ 3/3
❌ [163/245] 詳細エラー: https://pointi.jp/ad/146133/ - Protocol error: Connection closed.
    🔄 詳細ページリトライ 1/3
    🔄 詳細ページリトライ 2/3
    🔄 詳細ページリトライ 3/3
❌ [164/245] 詳細エラー: https://pointi.jp/ad/145790/ - Protocol error: Connection closed.
    🔄 詳細ページリトライ 1/3
    🔄 詳細ページリトライ 2/3
    🔄 詳細ページリトライ 3/3
❌ [165/245] 詳細エラー: https://pointi.jp/ad/144573/ - Protocol error: Connection closed.
    🔄 詳細ページリトライ 1/3
    🔄 詳細ページリトライ 2/3
    🔄 詳細ページリトライ 3/3
❌ [166/245] 詳細エラー: https://pointi.jp/ad/140252/ - Protocol error: Connection closed.
    🔄 詳細ページリトライ 1/3
    🔄 詳細ページリトライ 2/3
    🔄 詳細ページリトライ 3/3
❌ [167/245] 詳細エラー: https://pointi.jp/ad/145650/ - Protocol error: Connection closed.
    🔄 詳細ページリトライ 1/3
    🔄 詳細ページリトライ 2/3
    🔄 詳細ページリトライ 3/3
❌ [168/245] 詳細エラー: https://pointi.jp/ad/145517/ - Protocol error: Connection closed.
    🔄 詳細ページリトライ 1/3
    🔄 詳細ページリトライ 2/3
    🔄 詳細ページリトライ 3/3
❌ [169/245] 詳細エラー: https://pointi.jp/ad/145440/ - Protocol error: Connection closed.
    🔄 詳細ページリトライ 1/3
    🔄 詳細ページリトライ 2/3
    🔄 詳細ページリトライ 3/3
❌ [170/245] 詳細エラー: https://pointi.jp/ad/142406/ - Protocol error: Connection closed.
    🔄 詳細ページリトライ 1/3
    🔄 詳細ページリトライ 2/3
    🔄 詳細ページリトライ 3/3
❌ [171/245] 詳細エラー: https://pointi.jp/ad/145147/ - Protocol error: Connection closed.
    🔄 詳細ページリトライ 1/3
    🔄 詳細ページリトライ 2/3
    🔄 詳細ページリトライ 3/3
❌ [172/245] 詳細エラー: https://pointi.jp/ad/145059/ - Protocol error: Connection closed.
    🔄 詳細ページリトライ 1/3
    🔄 詳細ページリトライ 2/3
    🔄 詳細ページリトライ 3/3
❌ [173/245] 詳細エラー: https://pointi.jp/ad/144750/ - Protocol error: Connection closed.
    🔄 詳細ページリトライ 1/3
    🔄 詳細ページリトライ 2/3
    🔄 詳細ページリトライ 3/3
❌ [174/245] 詳細エラー: https://pointi.jp/ad/145046/ - Protocol error: Connection closed.
    🔄 詳細ページリトライ 1/3
    🔄 詳細ページリトライ 2/3
    🔄 詳細ページリトライ 3/3
❌ [175/245] 詳細エラー: https://pointi.jp/ad/143446/ - Protocol error: Connection closed.
    🔄 詳細ページリトライ 1/3
    🔄 詳細ページリトライ 2/3
    🔄 詳細ページリトライ 3/3
❌ [176/245] 詳細エラー: https://pointi.jp/ad/136248/ - Protocol error: Connection closed.
    🔄 詳細ページリトライ 1/3
    🔄 詳細ページリトライ 2/3
    🔄 詳細ページリトライ 3/3
❌ [177/245] 詳細エラー: https://pointi.jp/ad/143448/ - Protocol error: Connection closed.
    🔄 詳細ページリトライ 1/3
    🔄 詳細ページリトライ 2/3
    🔄 詳細ページリトライ 3/3
❌ [178/245] 詳細エラー: https://pointi.jp/ad/144559/ - Protocol error: Connection closed.
⏭️ [179/245] スキップ（処理済み）
    🔄 詳細ページリトライ 1/3
    🔄 詳細ページリトライ 2/3
    🔄 詳細ページリトライ 3/3
❌ [180/245] 詳細エラー: https://pointi.jp/ad/144368/ - Protocol error: Connection closed.
    🔄 詳細ページリトライ 1/3
    🔄 詳細ページリトライ 2/3
    🔄 詳細ページリトライ 3/3
❌ [181/245] 詳細エラー: https://pointi.jp/ad/144126/ - Protocol error: Connection closed.
    🔄 詳細ページリトライ 1/3
    🔄 詳細ページリトライ 2/3
    🔄 詳細ページリトライ 3/3
❌ [182/245] 詳細エラー: https://pointi.jp/ad/144044/ - Protocol error: Connection closed.
    🔄 詳細ページリトライ 1/3
    🔄 詳細ページリトライ 2/3
    🔄 詳細ページリトライ 3/3
❌ [183/245] 詳細エラー: https://pointi.jp/ad/136486/ - Protocol error: Connection closed.
    🔄 詳細ページリトライ 1/3
    🔄 詳細ページリトライ 2/3
    🔄 詳細ページリトライ 3/3
❌ [184/245] 詳細エラー: https://pointi.jp/ad/143424/ - Protocol error: Connection closed.
    🔄 詳細ページリトライ 1/3
    🔄 詳細ページリトライ 2/3
    🔄 詳細ページリトライ 3/3
❌ [185/245] 詳細エラー: https://pointi.jp/ad/143095/ - Protocol error: Connection closed.
    🔄 詳細ページリトライ 1/3
    🔄 詳細ページリトライ 2/3
    🔄 詳細ページリトライ 3/3
❌ [186/245] 詳細エラー: https://pointi.jp/ad/141923/ - Protocol error: Connection closed.
    🔄 詳細ページリトライ 1/3
    🔄 詳細ページリトライ 2/3
    🔄 詳細ページリトライ 3/3
❌ [187/245] 詳細エラー: https://pointi.jp/ad/143212/ - Protocol error: Connection closed.
⏭️ [188/245] スキップ（処理済み）
    🔄 詳細ページリトライ 1/3
    🔄 詳細ページリトライ 2/3
    🔄 詳細ページリトライ 3/3
❌ [189/245] 詳細エラー: https://pointi.jp/ad/142702/ - Protocol error: Connection closed.
    🔄 詳細ページリトライ 1/3
    🔄 詳細ページリトライ 2/3
    🔄 詳細ページリトライ 3/3
❌ [190/245] 詳細エラー: https://pointi.jp/ad/132343/ - Protocol error: Connection closed.
    🔄 詳細ページリトライ 1/3
    🔄 詳細ページリトライ 2/3
    🔄 詳細ページリトライ 3/3
❌ [191/245] 詳細エラー: https://pointi.jp/ad/142747/ - Protocol error: Connection closed.
    🔄 詳細ページリトライ 1/3
    🔄 詳細ページリトライ 2/3
    🔄 詳細ページリトライ 3/3
❌ [192/245] 詳細エラー: https://pointi.jp/ad/142768/ - Protocol error: Connection closed.
    🔄 詳細ページリトライ 1/3
    🔄 詳細ページリトライ 2/3
    🔄 詳細ページリトライ 3/3
❌ [193/245] 詳細エラー: https://pointi.jp/ad/137170/ - Protocol error: Connection closed.
    🔄 詳細ページリトライ 1/3
    🔄 詳細ページリトライ 2/3
    🔄 詳細ページリトライ 3/3
❌ [194/245] 詳細エラー: https://pointi.jp/ad/141735/ - Protocol error: Connection closed.
    🔄 詳細ページリトライ 1/3
    🔄 詳細ページリトライ 2/3
    🔄 詳細ページリトライ 3/3
❌ [195/245] 詳細エラー: https://pointi.jp/ad/141873/ - Protocol error: Connection closed.
⏭️ [196/245] スキップ（処理済み）
    🔄 詳細ページリトライ 1/3
    🔄 詳細ページリトライ 2/3
    🔄 詳細ページリトライ 3/3
❌ [197/245] 詳細エラー: https://pointi.jp/ad/140850/ - Protocol error: Connection closed.
    🔄 詳細ページリトライ 1/3
    🔄 詳細ページリトライ 2/3
    🔄 詳細ページリトライ 3/3
❌ [198/245] 詳細エラー: https://pointi.jp/ad/140258/ - Protocol error: Connection closed.
    🔄 詳細ページリトライ 1/3
    🔄 詳細ページリトライ 2/3
    🔄 詳細ページリトライ 3/3
❌ [199/245] 詳細エラー: https://pointi.jp/ad/140209/ - Protocol error: Connection closed.
    🔄 詳細ページリトライ 1/3
    🔄 詳細ページリトライ 2/3
    🔄 詳細ページリトライ 3/3
❌ [200/245] 詳細エラー: https://pointi.jp/ad/140094/ - Protocol error: Connection closed.
    🔄 詳細ページリトライ 1/3
    🔄 詳細ページリトライ 2/3
    🔄 詳細ページリトライ 3/3
❌ [201/245] 詳細エラー: https://pointi.jp/ad/136984/ - Protocol error: Connection closed.
    🔄 詳細ページリトライ 1/3
    🔄 詳細ページリトライ 2/3
    🔄 詳細ページリトライ 3/3
❌ [202/245] 詳細エラー: https://pointi.jp/ad/139331/ - Protocol error: Connection closed.
    🔄 詳細ページリトライ 1/3
    🔄 詳細ページリトライ 2/3
    🔄 詳細ページリトライ 3/3
❌ [203/245] 詳細エラー: https://pointi.jp/ad/65219/ - Protocol error: Connection closed.
    🔄 詳細ページリトライ 1/3
    🔄 詳細ページリトライ 2/3
    🔄 詳細ページリトライ 3/3
❌ [204/245] 詳細エラー: https://pointi.jp/ad/139200/ - Protocol error: Connection closed.
⏭️ [205/245] スキップ（処理済み）
    🔄 詳細ページリトライ 1/3
    🔄 詳細ページリトライ 2/3
    🔄 詳細ページリトライ 3/3
❌ [206/245] 詳細エラー: https://pointi.jp/ad/137867/ - Protocol error: Connection closed.
    🔄 詳細ページリトライ 1/3
    🔄 詳細ページリトライ 2/3
    🔄 詳細ページリトライ 3/3
❌ [207/245] 詳細エラー: https://pointi.jp/ad/137618/ - Protocol error: Connection closed.
    🔄 詳細ページリトライ 1/3
    🔄 詳細ページリトライ 2/3
    🔄 詳細ページリトライ 3/3
❌ [208/245] 詳細エラー: https://pointi.jp/ad/137604/ - Protocol error: Connection closed.
    🔄 詳細ページリトライ 1/3
    🔄 詳細ページリトライ 2/3
    🔄 詳細ページリトライ 3/3
❌ [209/245] 詳細エラー: https://pointi.jp/ad/136985/ - Protocol error: Connection closed.
⏭️ [210/245] スキップ（処理済み）
    🔄 詳細ページリトライ 1/3
    🔄 詳細ページリトライ 2/3
    🔄 詳細ページリトライ 3/3
❌ [211/245] 詳細エラー: https://pointi.jp/ad/136567/ - Protocol error: Connection closed.
    🔄 詳細ページリトライ 1/3
    🔄 詳細ページリトライ 2/3
    🔄 詳細ページリトライ 3/3
❌ [212/245] 詳細エラー: https://pointi.jp/ad/135778/ - Protocol error: Connection closed.
    🔄 詳細ページリトライ 1/3
    🔄 詳細ページリトライ 2/3
    🔄 詳細ページリトライ 3/3
❌ [213/245] 詳細エラー: https://pointi.jp/ad/134534/ - Protocol error: Connection closed.
    🔄 詳細ページリトライ 1/3
    🔄 詳細ページリトライ 2/3
    🔄 詳細ページリトライ 3/3
❌ [214/245] 詳細エラー: https://pointi.jp/ad/135555/ - Protocol error: Connection closed.
    🔄 詳細ページリトライ 1/3
    🔄 詳細ページリトライ 2/3
    🔄 詳細ページリトライ 3/3
❌ [215/245] 詳細エラー: https://pointi.jp/ad/135631/ - Protocol error: Connection closed.
    🔄 詳細ページリトライ 1/3
    🔄 詳細ページリトライ 2/3
    🔄 詳細ページリトライ 3/3
❌ [216/245] 詳細エラー: https://pointi.jp/ad/17579/ - Protocol error: Connection closed.
    🔄 詳細ページリトライ 1/3
    🔄 詳細ページリトライ 2/3
    🔄 詳細ページリトライ 3/3
❌ [217/245] 詳細エラー: https://pointi.jp/ad/135398/ - Protocol error: Connection closed.
    🔄 詳細ページリトライ 1/3
    🔄 詳細ページリトライ 2/3
    🔄 詳細ページリトライ 3/3
❌ [218/245] 詳細エラー: https://pointi.jp/ad/690/ - Protocol error: Connection closed.
    🔄 詳細ページリトライ 1/3
    🔄 詳細ページリトライ 2/3
    🔄 詳細ページリトライ 3/3
❌ [219/245] 詳細エラー: https://pointi.jp/ad/134952/ - Protocol error: Connection closed.
    🔄 詳細ページリトライ 1/3
    🔄 詳細ページリトライ 2/3
    🔄 詳細ページリトライ 3/3
❌ [220/245] 詳細エラー: https://pointi.jp/ad/128826/ - Protocol error: Connection closed.
    🔄 詳細ページリトライ 1/3
    🔄 詳細ページリトライ 2/3
    🔄 詳細ページリトライ 3/3
❌ [221/245] 詳細エラー: https://pointi.jp/ad/128988/ - Protocol error: Connection closed.
⏭️ [222/245] スキップ（処理済み）
    🔄 詳細ページリトライ 1/3
    🔄 詳細ページリトライ 2/3
    🔄 詳細ページリトライ 3/3
❌ [223/245] 詳細エラー: https://pointi.jp/ad/130196/ - Protocol error: Connection closed.
    🔄 詳細ページリトライ 1/3
    🔄 詳細ページリトライ 2/3
    🔄 詳細ページリトライ 3/3
❌ [224/245] 詳細エラー: https://pointi.jp/ad/133124/ - Protocol error: Connection closed.
    🔄 詳細ページリトライ 1/3
    🔄 詳細ページリトライ 2/3
    🔄 詳細ページリトライ 3/3
❌ [225/245] 詳細エラー: https://pointi.jp/ad/100581/ - Protocol error: Connection closed.
    🔄 詳細ページリトライ 1/3
    🔄 詳細ページリトライ 2/3
    🔄 詳細ページリトライ 3/3
❌ [226/245] 詳細エラー: https://pointi.jp/ad/120479/ - Protocol error: Connection closed.
    🔄 詳細ページリトライ 1/3
    🔄 詳細ページリトライ 2/3
    🔄 詳細ページリトライ 3/3
❌ [227/245] 詳細エラー: https://pointi.jp/ad/128751/ - Protocol error: Connection closed.
    🔄 詳細ページリトライ 1/3
    🔄 詳細ページリトライ 2/3
    🔄 詳細ページリトライ 3/3
❌ [228/245] 詳細エラー: https://pointi.jp/ad/10123/ - Protocol error: Connection closed.
    🔄 詳細ページリトライ 1/3
    🔄 詳細ページリトライ 2/3
    🔄 詳細ページリトライ 3/3
❌ [229/245] 詳細エラー: https://pointi.jp/ad/130586/ - Protocol error: Connection closed.
    🔄 詳細ページリトライ 1/3
    🔄 詳細ページリトライ 2/3
    🔄 詳細ページリトライ 3/3
❌ [230/245] 詳細エラー: https://pointi.jp/ad/130614/ - Protocol error: Connection closed.
    🔄 詳細ページリトライ 1/3
    🔄 詳細ページリトライ 2/3
    🔄 詳細ページリトライ 3/3
❌ [231/245] 詳細エラー: https://pointi.jp/ad/120305/ - Protocol error: Connection closed.
    🔄 詳細ページリトライ 1/3
    🔄 詳細ページリトライ 2/3
    🔄 詳細ページリトライ 3/3
❌ [232/245] 詳細エラー: https://pointi.jp/ad/37566/ - Protocol error: Connection closed.
    🔄 詳細ページリトライ 1/3
    🔄 詳細ページリトライ 2/3
    🔄 詳細ページリトライ 3/3
❌ [233/245] 詳細エラー: https://pointi.jp/ad/34277/ - Protocol error: Connection closed.
⏭️ [234/245] スキップ（処理済み）
    🔄 詳細ページリトライ 1/3
    🔄 詳細ページリトライ 2/3
    🔄 詳細ページリトライ 3/3
❌ [235/245] 詳細エラー: https://pointi.jp/ad/98664/ - Protocol error: Connection closed.
    🔄 詳細ページリトライ 1/3
    🔄 詳細ページリトライ 2/3
    🔄 詳細ページリトライ 3/3
❌ [236/245] 詳細エラー: https://pointi.jp/ad/115993/ - Protocol error: Connection closed.
    🔄 詳細ページリトライ 1/3
    🔄 詳細ページリトライ 2/3
    🔄 詳細ページリトライ 3/3
❌ [237/245] 詳細エラー: https://pointi.jp/ad/20461/ - Protocol error: Connection closed.
⏭️ [238/245] スキップ（処理済み）
    🔄 詳細ページリトライ 1/3
    🔄 詳細ページリトライ 2/3
    🔄 詳細ページリトライ 3/3
❌ [239/245] 詳細エラー: https://pointi.jp/ad/7448/ - Protocol error: Connection closed.
    🔄 詳細ページリトライ 1/3
    🔄 詳細ページリトライ 2/3
    🔄 詳細ページリトライ 3/3
❌ [240/245] 詳細エラー: https://pointi.jp/ad/8565/ - Protocol error: Connection closed.
    🔄 詳細ページリトライ 1/3
    🔄 詳細ページリトライ 2/3
    🔄 詳細ページリトライ 3/3
❌ [241/245] 詳細エラー: https://pointi.jp/ad/11929/ - Protocol error: Connection closed.
⏭️ [242/245] スキップ（処理済み）
    🔄 詳細ページリトライ 1/3
    🔄 詳細ページリトライ 2/3
    🔄 詳細ページリトライ 3/3
❌ [243/245] 詳細エラー: https://pointi.jp/ad/732/ - Protocol error: Connection closed.
    🔄 詳細ページリトライ 1/3
    🔄 詳細ページリトライ 2/3
    🔄 詳細ページリトライ 3/3
❌ [244/245] 詳細エラー: https://pointi.jp/ad/10661/ - Protocol error: Connection closed.
    🔄 詳細ページリトライ 1/3
    🔄 詳細ページリトライ 2/3
    🔄 詳細ページリトライ 3/3
❌ [245/245] 詳細エラー: https://pointi.jp/ad/8805/ - Protocol error: Connection closed.
❌ グループ「グルメ」でエラー: Protocol error: Connection closed.
🔄 1回目のリトライを実行中...
❌ グループ「グルメ」でエラー: Protocol error: Connection closed.
🔄 2回目のリトライを実行中...
❌ グループ「グルメ」でエラー: Protocol error: Connection closed.
🔄 3回目のリトライを実行中...
❌ グループ「グルメ」でエラー: Protocol error: Connection closed.
❌ グループ「グルメ」を3回試行して失敗
⏸️ カテゴリ間待機中...

🛍️ [4/39] group処理開始: 美容
❌ グループ「美容」でエラー: Protocol error: Connection closed.
🔄 1回目のリトライを実行中...
❌ グループ「美容」でエラー: Protocol error: Connection closed.
🔄 2回目のリトライを実行中...
❌ グループ「美容」でエラー: Protocol error: Connection closed.
🔄 3回目のリトライを実行中...
❌ グループ「美容」でエラー: Protocol error: Connection closed.
❌ グループ「美容」を3回試行して失敗
⏸️ カテゴリ間待機中...

🛍️ [5/39] group処理開始: 衛生用品
❌ グループ「衛生用品」でエラー: Protocol error: Connection closed.
🔄 1回目のリトライを実行中...
❌ グループ「衛生用品」でエラー: Protocol error: Connection closed.
🔄 2回目のリトライを実行中...
❌ グループ「衛生用品」でエラー: Protocol error: Connection closed.
🔄 3回目のリトライを実行中...
❌ グループ「衛生用品」でエラー: Protocol error: Connection closed.
❌ グループ「衛生用品」を3回試行して失敗
⏸️ カテゴリ間待機中...

🛍️ [6/39] group処理開始: エンタメ・家電
❌ グループ「エンタメ・家電」でエラー: Protocol error: Connection closed.
🔄 1回目のリトライを実行中...
❌ グループ「エンタメ・家電」でエラー: Protocol error: Connection closed.
🔄 2回目のリトライを実行中...
❌ グループ「エンタメ・家電」でエラー: Protocol error: Connection closed.
🔄 3回目のリトライを実行中...
❌ グループ「エンタメ・家電」でエラー: Protocol error: Connection closed.
❌ グループ「エンタメ・家電」を3回試行して失敗
⏸️ カテゴリ間待機中...

🛍️ [7/39] group処理開始: 住まい・暮らし
❌ グループ「住まい・暮らし」でエラー: Protocol error: Connection closed.
🔄 1回目のリトライを実行中...
❌ グループ「住まい・暮らし」でエラー: Protocol error: Connection closed.
🔄 2回目のリトライを実行中...
❌ グループ「住まい・暮らし」でエラー: Protocol error: Connection closed.
🔄 3回目のリトライを実行中...
❌ グループ「住まい・暮らし」でエラー: Protocol error: Connection closed.
❌ グループ「住まい・暮らし」を3回試行して失敗
⏸️ カテゴリ間待機中...

🛍️ [8/39] group処理開始: その他（ショッピング）
❌ グループ「その他（ショッピング）」でエラー: Protocol error: Connection closed.
🔄 1回目のリトライを実行中...
❌ グループ「その他（ショッピング）」でエラー: Protocol error: Connection closed.
🔄 2回目のリトライを実行中...
❌ グループ「その他（ショッピング）」でエラー: Protocol error: Connection closed.
🔄 3回目のリトライを実行中...
❌ グループ「その他（ショッピング）」でエラー: Protocol error: Connection closed.
❌ グループ「その他（ショッピング）」を3回試行して失敗
⏸️ カテゴリ間待機中...

🔧 [9/39] category処理開始: サービスカテゴリ70
❌ グループ「サービスカテゴリ70」でエラー: Protocol error: Connection closed.
🔄 1回目のリトライを実行中...
❌ グループ「サービスカテゴリ70」でエラー: Protocol error: Connection closed.
🔄 2回目のリトライを実行中...
❌ グループ「サービスカテゴリ70」でエラー: Protocol error: Connection closed.
🔄 3回目のリトライを実行中...
❌ グループ「サービスカテゴリ70」でエラー: Protocol error: Connection closed.
❌ グループ「サービスカテゴリ70」を3回試行して失敗
⏸️ カテゴリ間待機中...

🔧 [10/39] category処理開始: サービスカテゴリ75
❌ グループ「サービスカテゴリ75」でエラー: Protocol error: Connection closed.
🔄 1回目のリトライを実行中...
❌ グループ「サービスカテゴリ75」でエラー: Protocol error: Connection closed.
🔄 2回目のリトライを実行中...
❌ グループ「サービスカテゴリ75」でエラー: Protocol error: Connection closed.
🔄 3回目のリトライを実行中...
❌ グループ「サービスカテゴリ75」でエラー: Protocol error: Connection closed.
❌ グループ「サービスカテゴリ75」を3回試行して失敗
⏸️ カテゴリ間待機中...

🔧 [11/39] category処理開始: サービスカテゴリ281
❌ グループ「サービスカテゴリ281」でエラー: Protocol error: Connection closed.
🔄 1回目のリトライを実行中...
❌ グループ「サービスカテゴリ281」でエラー: Protocol error: Connection closed.
🔄 2回目のリトライを実行中...
❌ グループ「サービスカテゴリ281」でエラー: Protocol error: Connection closed.
🔄 3回目のリトライを実行中...
❌ グループ「サービスカテゴリ281」でエラー: Protocol error: Connection closed.
❌ グループ「サービスカテゴリ281」を3回試行して失敗
⏸️ カテゴリ間待機中...

🔧 [12/39] category処理開始: サービスカテゴリ73
❌ グループ「サービスカテゴリ73」でエラー: Protocol error: Connection closed.
🔄 1回目のリトライを実行中...
❌ グループ「サービスカテゴリ73」でエラー: Protocol error: Connection closed.
🔄 2回目のリトライを実行中...
❌ グループ「サービスカテゴリ73」でエラー: Protocol error: Connection closed.
🔄 3回目のリトライを実行中...
❌ グループ「サービスカテゴリ73」でエラー: Protocol error: Connection closed.
❌ グループ「サービスカテゴリ73」を3回試行して失敗
⏸️ カテゴリ間待機中...

🔧 [13/39] category処理開始: サービスカテゴリ74
❌ グループ「サービスカテゴリ74」でエラー: Protocol error: Connection closed.
🔄 1回目のリトライを実行中...
❌ グループ「サービスカテゴリ74」でエラー: Protocol error: Connection closed.
🔄 2回目のリトライを実行中...
❌ グループ「サービスカテゴリ74」でエラー: Protocol error: Connection closed.
🔄 3回目のリトライを実行中...
❌ グループ「サービスカテゴリ74」でエラー: Protocol error: Connection closed.
❌ グループ「サービスカテゴリ74」を3回試行して失敗
⏸️ カテゴリ間待機中...

🔧 [14/39] category処理開始: サービスカテゴリ276
❌ グループ「サービスカテゴリ276」でエラー: Protocol error: Connection closed.
🔄 1回目のリトライを実行中...
❌ グループ「サービスカテゴリ276」でエラー: Protocol error: Connection closed.
🔄 2回目のリトライを実行中...
❌ グループ「サービスカテゴリ276」でエラー: Protocol error: Connection closed.
🔄 3回目のリトライを実行中...
❌ グループ「サービスカテゴリ276」でエラー: Protocol error: Connection closed.
❌ グループ「サービスカテゴリ276」を3回試行して失敗
⏸️ カテゴリ間待機中...

🔧 [15/39] category処理開始: サービスカテゴリ78
❌ グループ「サービスカテゴリ78」でエラー: Protocol error: Connection closed.
🔄 1回目のリトライを実行中...
❌ グループ「サービスカテゴリ78」でエラー: Protocol error: Connection closed.
🔄 2回目のリトライを実行中...
❌ グループ「サービスカテゴリ78」でエラー: Protocol error: Connection closed.
🔄 3回目のリトライを実行中...
❌ グループ「サービスカテゴリ78」でエラー: Protocol error: Connection closed.
❌ グループ「サービスカテゴリ78」を3回試行して失敗
⏸️ カテゴリ間待機中...

🔧 [16/39] category処理開始: サービスカテゴリ235
❌ グループ「サービスカテゴリ235」でエラー: Protocol error: Connection closed.
🔄 1回目のリトライを実行中...
❌ グループ「サービスカテゴリ235」でエラー: Protocol error: Connection closed.
🔄 2回目のリトライを実行中...
❌ グループ「サービスカテゴリ235」でエラー: Protocol error: Connection closed.
🔄 3回目のリトライを実行中...
❌ グループ「サービスカテゴリ235」でエラー: Protocol error: Connection closed.
❌ グループ「サービスカテゴリ235」を3回試行して失敗
⏸️ カテゴリ間待機中...

🔧 [17/39] category処理開始: サービスカテゴリ79
❌ グループ「サービスカテゴリ79」でエラー: Protocol error: Connection closed.
🔄 1回目のリトライを実行中...
❌ グループ「サービスカテゴリ79」でエラー: Protocol error: Connection closed.
🔄 2回目のリトライを実行中...
❌ グループ「サービスカテゴリ79」でエラー: Protocol error: Connection closed.
🔄 3回目のリトライを実行中...
❌ グループ「サービスカテゴリ79」でエラー: Protocol error: Connection closed.
❌ グループ「サービスカテゴリ79」を3回試行して失敗
⏸️ カテゴリ間待機中...

🔧 [18/39] category処理開始: サービスカテゴリ240
❌ グループ「サービスカテゴリ240」でエラー: Protocol error: Connection closed.
🔄 1回目のリトライを実行中...
❌ グループ「サービスカテゴリ240」でエラー: Protocol error: Connection closed.
🔄 2回目のリトライを実行中...
❌ グループ「サービスカテゴリ240」でエラー: Protocol error: Connection closed.
🔄 3回目のリトライを実行中...
❌ グループ「サービスカテゴリ240」でエラー: Protocol error: Connection closed.
❌ グループ「サービスカテゴリ240」を3回試行して失敗
⏸️ カテゴリ間待機中...

🔧 [19/39] category処理開始: サービスカテゴリ72
❌ グループ「サービスカテゴリ72」でエラー: Protocol error: Connection closed.
🔄 1回目のリトライを実行中...
❌ グループ「サービスカテゴリ72」でエラー: Protocol error: Connection closed.
🔄 2回目のリトライを実行中...
❌ グループ「サービスカテゴリ72」でエラー: Protocol error: Connection closed.
🔄 3回目のリトライを実行中...
❌ グループ「サービスカテゴリ72」でエラー: Protocol error: Connection closed.
❌ グループ「サービスカテゴリ72」を3回試行して失敗
⏸️ カテゴリ間待機中...

🔧 [20/39] category処理開始: サービスカテゴリ76
❌ グループ「サービスカテゴリ76」でエラー: Protocol error: Connection closed.
🔄 1回目のリトライを実行中...
❌ グループ「サービスカテゴリ76」でエラー: Protocol error: Connection closed.
🔄 2回目のリトライを実行中...
❌ グループ「サービスカテゴリ76」でエラー: Protocol error: Connection closed.
🔄 3回目のリトライを実行中...
❌ グループ「サービスカテゴリ76」でエラー: Protocol error: Connection closed.
❌ グループ「サービスカテゴリ76」を3回試行して失敗
⏸️ カテゴリ間待機中...

🔧 [21/39] category処理開始: サービスカテゴリ81
❌ グループ「サービスカテゴリ81」でエラー: Protocol error: Connection closed.
🔄 1回目のリトライを実行中...
❌ グループ「サービスカテゴリ81」でエラー: Protocol error: Connection closed.
🔄 2回目のリトライを実行中...
❌ グループ「サービスカテゴリ81」でエラー: Protocol error: Connection closed.
🔄 3回目のリトライを実行中...
❌ グループ「サービスカテゴリ81」でエラー: Protocol error: Connection closed.
❌ グループ「サービスカテゴリ81」を3回試行して失敗
⏸️ カテゴリ間待機中...

🔧 [22/39] category処理開始: サービスカテゴリ274
❌ グループ「サービスカテゴリ274」でエラー: Protocol error: Connection closed.
🔄 1回目のリトライを実行中...
❌ グループ「サービスカテゴリ274」でエラー: Protocol error: Connection closed.
🔄 2回目のリトライを実行中...
❌ グループ「サービスカテゴリ274」でエラー: Protocol error: Connection closed.
🔄 3回目のリトライを実行中...
❌ グループ「サービスカテゴリ274」でエラー: Protocol error: Connection closed.
❌ グループ「サービスカテゴリ274」を3回試行して失敗
⏸️ カテゴリ間待機中...

🔧 [23/39] category処理開始: サービスカテゴリ237
❌ グループ「サービスカテゴリ237」でエラー: Protocol error: Connection closed.
🔄 1回目のリトライを実行中...
❌ グループ「サービスカテゴリ237」でエラー: Protocol error: Connection closed.
🔄 2回目のリトライを実行中...
❌ グループ「サービスカテゴリ237」でエラー: Protocol error: Connection closed.
🔄 3回目のリトライを実行中...
❌ グループ「サービスカテゴリ237」でエラー: Protocol error: Connection closed.
❌ グループ「サービスカテゴリ237」を3回試行して失敗
⏸️ カテゴリ間待機中...

🔧 [24/39] category処理開始: サービスカテゴリ209
❌ グループ「サービスカテゴリ209」でエラー: Protocol error: Connection closed.
🔄 1回目のリトライを実行中...
❌ グループ「サービスカテゴリ209」でエラー: Protocol error: Connection closed.
🔄 2回目のリトライを実行中...
❌ グループ「サービスカテゴリ209」でエラー: Protocol error: Connection closed.
🔄 3回目のリトライを実行中...
❌ グループ「サービスカテゴリ209」でエラー: Protocol error: Connection closed.
❌ グループ「サービスカテゴリ209」を3回試行して失敗
⏸️ カテゴリ間待機中...

🔧 [25/39] category処理開始: サービスカテゴリ271
❌ グループ「サービスカテゴリ271」でエラー: Protocol error: Connection closed.
🔄 1回目のリトライを実行中...
❌ グループ「サービスカテゴリ271」でエラー: Protocol error: Connection closed.
🔄 2回目のリトライを実行中...
❌ グループ「サービスカテゴリ271」でエラー: Protocol error: Connection closed.
🔄 3回目のリトライを実行中...
❌ グループ「サービスカテゴリ271」でエラー: Protocol error: Connection closed.
❌ グループ「サービスカテゴリ271」を3回試行して失敗
⏸️ カテゴリ間待機中...

🔧 [26/39] category処理開始: サービスカテゴリ232
❌ グループ「サービスカテゴリ232」でエラー: Protocol error: Connection closed.
🔄 1回目のリトライを実行中...
❌ グループ「サービスカテゴリ232」でエラー: Protocol error: Connection closed.
🔄 2回目のリトライを実行中...
❌ グループ「サービスカテゴリ232」でエラー: Protocol error: Connection closed.
🔄 3回目のリトライを実行中...
❌ グループ「サービスカテゴリ232」でエラー: Protocol error: Connection closed.
❌ グループ「サービスカテゴリ232」を3回試行して失敗
⏸️ カテゴリ間待機中...

🔧 [27/39] category処理開始: サービスカテゴリ269
❌ グループ「サービスカテゴリ269」でエラー: Protocol error: Connection closed.
🔄 1回目のリトライを実行中...
❌ グループ「サービスカテゴリ269」でエラー: Protocol error: Connection closed.
🔄 2回目のリトライを実行中...
❌ グループ「サービスカテゴリ269」でエラー: Protocol error: Connection closed.
🔄 3回目のリトライを実行中...
❌ グループ「サービスカテゴリ269」でエラー: Protocol error: Connection closed.
❌ グループ「サービスカテゴリ269」を3回試行して失敗
⏸️ カテゴリ間待機中...

🔧 [28/39] category処理開始: サービスカテゴリ234
❌ グループ「サービスカテゴリ234」でエラー: Protocol error: Connection closed.
🔄 1回目のリトライを実行中...
❌ グループ「サービスカテゴリ234」でエラー: Protocol error: Connection closed.
🔄 2回目のリトライを実行中...
❌ グループ「サービスカテゴリ234」でエラー: Protocol error: Connection closed.
🔄 3回目のリトライを実行中...
❌ グループ「サービスカテゴリ234」でエラー: Protocol error: Connection closed.
❌ グループ「サービスカテゴリ234」を3回試行して失敗
⏸️ カテゴリ間待機中...

🔧 [29/39] category処理開始: サービスカテゴリ238
❌ グループ「サービスカテゴリ238」でエラー: Protocol error: Connection closed.
🔄 1回目のリトライを実行中...
❌ グループ「サービスカテゴリ238」でエラー: Protocol error: Connection closed.
🔄 2回目のリトライを実行中...
❌ グループ「サービスカテゴリ238」でエラー: Protocol error: Connection closed.
🔄 3回目のリトライを実行中...
❌ グループ「サービスカテゴリ238」でエラー: Protocol error: Connection closed.
❌ グループ「サービスカテゴリ238」を3回試行して失敗
⏸️ カテゴリ間待機中...

🔧 [30/39] category処理開始: サービスカテゴリ280
❌ グループ「サービスカテゴリ280」でエラー: Protocol error: Connection closed.
🔄 1回目のリトライを実行中...
❌ グループ「サービスカテゴリ280」でエラー: Protocol error: Connection closed.
🔄 2回目のリトライを実行中...
❌ グループ「サービスカテゴリ280」でエラー: Protocol error: Connection closed.
🔄 3回目のリトライを実行中...
❌ グループ「サービスカテゴリ280」でエラー: Protocol error: Connection closed.
❌ グループ「サービスカテゴリ280」を3回試行して失敗
⏸️ カテゴリ間待機中...

🔧 [31/39] category処理開始: サービスカテゴリ272
❌ グループ「サービスカテゴリ272」でエラー: Protocol error: Connection closed.
🔄 1回目のリトライを実行中...
❌ グループ「サービスカテゴリ272」でエラー: Protocol error: Connection closed.
🔄 2回目のリトライを実行中...
❌ グループ「サービスカテゴリ272」でエラー: Protocol error: Connection closed.
🔄 3回目のリトライを実行中...
❌ グループ「サービスカテゴリ272」でエラー: Protocol error: Connection closed.
❌ グループ「サービスカテゴリ272」を3回試行して失敗
⏸️ カテゴリ間待機中...

🔧 [32/39] category処理開始: サービスカテゴリ278
❌ グループ「サービスカテゴリ278」でエラー: Protocol error: Connection closed.
🔄 1回目のリトライを実行中...
❌ グループ「サービスカテゴリ278」でエラー: Protocol error: Connection closed.
🔄 2回目のリトライを実行中...
❌ グループ「サービスカテゴリ278」でエラー: Protocol error: Connection closed.
🔄 3回目のリトライを実行中...
❌ グループ「サービスカテゴリ278」でエラー: Protocol error: Connection closed.
❌ グループ「サービスカテゴリ278」を3回試行して失敗
⏸️ カテゴリ間待機中...

🔧 [33/39] category処理開始: サービスカテゴリ277
❌ グループ「サービスカテゴリ277」でエラー: Protocol error: Connection closed.
🔄 1回目のリトライを実行中...
❌ グループ「サービスカテゴリ277」でエラー: Protocol error: Connection closed.
🔄 2回目のリトライを実行中...
❌ グループ「サービスカテゴリ277」でエラー: Protocol error: Connection closed.
🔄 3回目のリトライを実行中...
❌ グループ「サービスカテゴリ277」でエラー: Protocol error: Connection closed.
❌ グループ「サービスカテゴリ277」を3回試行して失敗
⏸️ カテゴリ間待機中...

🔧 [34/39] category処理開始: サービスカテゴリ283
❌ グループ「サービスカテゴリ283」でエラー: Protocol error: Connection closed.
🔄 1回目のリトライを実行中...
❌ グループ「サービスカテゴリ283」でエラー: Protocol error: Connection closed.
🔄 2回目のリトライを実行中...
❌ グループ「サービスカテゴリ283」でエラー: Protocol error: Connection closed.
🔄 3回目のリトライを実行中...
❌ グループ「サービスカテゴリ283」でエラー: Protocol error: Connection closed.
❌ グループ「サービスカテゴリ283」を3回試行して失敗
⏸️ カテゴリ間待機中...

🔧 [35/39] category処理開始: サービスカテゴリ279
❌ グループ「サービスカテゴリ279」でエラー: Protocol error: Connection closed.
🔄 1回目のリトライを実行中...
❌ グループ「サービスカテゴリ279」でエラー: Protocol error: Connection closed.
🔄 2回目のリトライを実行中...
❌ グループ「サービスカテゴリ279」でエラー: Protocol error: Connection closed.
🔄 3回目のリトライを実行中...
❌ グループ「サービスカテゴリ279」でエラー: Protocol error: Connection closed.
❌ グループ「サービスカテゴリ279」を3回試行して失敗
⏸️ カテゴリ間待機中...

🔧 [36/39] category処理開始: サービスカテゴリ77
❌ グループ「サービスカテゴリ77」でエラー: Protocol error: Connection closed.
🔄 1回目のリトライを実行中...
❌ グループ「サービスカテゴリ77」でエラー: Protocol error: Connection closed.
🔄 2回目のリトライを実行中...
❌ グループ「サービスカテゴリ77」でエラー: Protocol error: Connection closed.
🔄 3回目のリトライを実行中...
❌ グループ「サービスカテゴリ77」でエラー: Protocol error: Connection closed.
❌ グループ「サービスカテゴリ77」を3回試行して失敗
⏸️ カテゴリ間待機中...

🔧 [37/39] category処理開始: サービスカテゴリ236
❌ グループ「サービスカテゴリ236」でエラー: Protocol error: Connection closed.
🔄 1回目のリトライを実行中...
❌ グループ「サービスカテゴリ236」でエラー: Protocol error: Connection closed.
🔄 2回目のリトライを実行中...
❌ グループ「サービスカテゴリ236」でエラー: Protocol error: Connection closed.
🔄 3回目のリトライを実行中...
❌ グループ「サービスカテゴリ236」でエラー: Protocol error: Connection closed.
❌ グループ「サービスカテゴリ236」を3回試行して失敗
⏸️ カテゴリ間待機中...

🔧 [38/39] category処理開始: サービスカテゴリ270
❌ グループ「サービスカテゴリ270」でエラー: Protocol error: Connection closed.
🔄 1回目のリトライを実行中...
❌ グループ「サービスカテゴリ270」でエラー: Protocol error: Connection closed.
🔄 2回目のリトライを実行中...
❌ グループ「サービスカテゴリ270」でエラー: Protocol error: Connection closed.
🔄 3回目のリトライを実行中...
❌ グループ「サービスカテゴリ270」でエラー: Protocol error: Connection closed.
❌ グループ「サービスカテゴリ270」を3回試行して失敗
⏸️ カテゴリ間待機中...

🔧 [39/39] category処理開始: サービスカテゴリ82
❌ グループ「サービスカテゴリ82」でエラー: Protocol error: Connection closed.
🔄 1回目のリトライを実行中...
❌ グループ「サービスカテゴリ82」でエラー: Protocol error: Connection closed.
🔄 2回目のリトライを実行中...
❌ グループ「サービスカテゴリ82」でエラー: Protocol error: Connection closed.
🔄 3回目のリトライを実行中...
❌ グループ「サービスカテゴリ82」でエラー: Protocol error: Connection closed.
❌ グループ「サービスカテゴリ82」を3回試行して失敗

💾 最終データ保存完了: pointincome_all_categories_production.json

🎉 本番全カテゴリスクレイピング完了！
📊 総案件数: 521件
✅ 成功数: 521件
❌ エラー数: 118件
⏱️ 実行時間: 480分
📈 成功率: 81.5%
