📱 ポイントインカム モバイルアプリ案件スクレイピング開始
📋 スクロール読み込みで全案件を取得予定

📱 モバイルアプリ案件の処理開始
🌐 URL: https://sp.pointi.jp/list.php?rf=1&n=1
📊 スクロール読み込み開始...
  📄 スクロール 1: 10件の案件
  📄 スクロール 2: 20件の案件
  📄 スクロール 3: 30件の案件
  📄 スクロール 4: 40件の案件
  📄 スクロール 5: 50件の案件
  📄 スクロール 6: 60件の案件
  📄 スクロール 7: 70件の案件
  📄 スクロール 8: 80件の案件
  📄 スクロール 9: 90件の案件
  📄 スクロール 10: 98件の案件
  📄 スクロール 11: 98件の案件
  ⚠️ 新しい案件が読み込まれなくなりました - 終了
📊 モバイルアプリ案件: 98件の案件を詳細取得開始

💾 データ保存完了: pointincome_mobile_app.json

🎉 モバイルアプリ案件スクレイピング完了！
📊 総案件数: 0件
📱 デバイス別内訳:
  iOS: 0件
  Android: 0件
  PC: 0件
  すべて: 0件
⏱️ 実行時間: 11分
