🏭 ポイントインカム本番用ショッピングスクレイピング開始
📋 8グループ × 最大10ページを処理予定
⏱️ レート制限: 2.5秒間隔


🏪 [1/8] グループ処理開始: EC・ネットショッピング

📂 グループ「EC・ネットショッピング」の処理開始
  📄 ページ 1 を処理中...
    ✅ 30件発見（累計: 30件）
📊 グループ「EC・ネットショッピング」: 30件の案件を詳細取得開始
🔍 重複除去後: 30件
✅ [1/30] 【7/20で終了】 もち麦満腹バースターターセット - 61%還元
                                                        11,000pt
✅ [2/30] シャープ公式通販サイト　cocorostore（ココロストア） - 5%
✅ [3/30] ダイソーネットストア　DAISO - 4%
✅ [4/30] 【初回購入限定】Green Beans（グリーンビーンズ） - 10%
✅ [5/30] Swarovski(スワロフスキー) - 5%
✅ [6/30] 日清食品グループ オンラインストア - 3.3%
✅ [7/30] au PAY マーケット - 1%
✅ [8/30] Qoo10 - 1.9%
✅ [9/30] 羽田空港公式通販サイト - 5.5%
✅ [10/30] ショップジャパン - 2%
✅ [11/30] iHerb（アイハーブ） - 4.1%
✅ [12/30] プライムダイレクト - 10%
✅ [13/30] Cosme Kitchen WebStore(コスメキッチンウェブストア)　新規購入 - 11%
✅ [14/30] GREEN SPOON（グリーンスプーン） - 1500円
✅ [15/30] AliExpress（アリエクスプレス）その他カテゴリ - 4%
✅ [16/30] 神戸レタス（Koube　Lettuce）　新規購入 - 21%
✅ [17/30] AliExpress（アリエクスプレス）家電・PC専用 - 2%
✅ [18/30] 神戸レタス（Koube　Lettuce） - 3%
✅ [19/30] トレテク！ソフトバンクセレクション オンラインショップ - 3%
✅ [20/30] くまポン初回購入 - 120円
✅ [21/30] PizzaHut（ピザハットオンライン） - 1%
✅ [22/30] Yahoo!ショッピング（ヤフーショッピング） - 1%
✅ [23/30] Wish(ウィッシュ) - 3.5%
✅ [24/30] 京王百貨店ネットショップ - 1%
✅ [25/30] デジタルギフト「してね」 JTBグループ - 3.5%
✅ [26/30] Francfranc (フランフラン) ONLINE SHOP - 2.5%
✅ [27/30] 楽天全国スーパー - 500円
✅ [28/30] ビックカメラ.com - 1%
✅ [29/30] DHCオンラインショップ - 0.6%
✅ [30/30] トーカ堂テレビショッピング - 2%
⏸️ グループ間待機中...

🏪 [2/8] グループ処理開始: ファッション

📂 グループ「ファッション」の処理開始
  📄 ページ 1 を処理中...
    ✅ 30件発見（累計: 30件）
📊 グループ「ファッション」: 30件の案件を詳細取得開始
🔍 重複除去後: 30件
✅ [1/30] BROOKS（ブルックス） - 7%
✅ [2/30] FISS（フィス） - 6%
⏭️ [3/30] スキップ（処理済み）
✅ [4/30] PETIT BATEAU（プチバトーオンラインブティック） - 4%
✅ [5/30] DHOLIC（ディーホリック） - 8%
✅ [6/30] SHEIN（シーイン）　リピート用 - 2%
✅ [7/30] Temu（テム）  新規購入用 - 50%
✅ [8/30] mizutori (ミズトリ） - 10%
✅ [9/30] SHOPLIST(ショップリスト) - 12%
✅ [10/30] and ST (アンドエスティ) - 1%
✅ [11/30] ストスト（中古ゴルフウェア） - 5%
✅ [12/30] axes femme（アクシーズファム） - 5%
✅ [13/30] LOVST TOKYO（ラヴィストトーキョー） - 5%
✅ [14/30] TRANSIC（トランシック） - 10%
✅ [15/30] デルセー公式オンラインショップ - 4.5%
✅ [16/30] tu-hacci（ツーハッチ） - 10%
✅ [17/30] カシオオンラインストア（CASIO） - 3%
✅ [18/30] ハッピーマリリン - 3%
✅ [19/30] tutu anna（チュチュアンナ） - 5.5%
✅ [20/30] サロモン公式オンラインストア - 5%
⏭️ [21/30] スキップ（処理済み）
✅ [22/30] サロモン公式オンラインストア　新規購入 - 8%
💾 中間保存完了（50件）
✅ [23/30] ベルーナ　新規会員登録おトクキャンペーン - 700円
⏭️ [24/30] スキップ（処理済み）
✅ [25/30] ZOZOUSED（新規購入） - 260円
✅ [26/30] DazzyStore（デイジーストア）　激安ドレスの専門サイト - 8%
✅ [27/30] Alinoma(アリノマ) - 1.2%
✅ [28/30] ヒマラヤオンラインストア - 3%
✅ [29/30] STUDIOUS（ステュディオス） - 2.5%
✅ [30/30] ZOZOUSED（リピート利用） - 2%
⏸️ グループ間待機中...

🏪 [3/8] グループ処理開始: グルメ

📂 グループ「グルメ」の処理開始
  📄 ページ 1 を処理中...
    ✅ 30件発見（累計: 30件）
📊 グループ「グルメ」: 30件の案件を詳細取得開始
🔍 重複除去後: 30件
✅ [1/30] ぐるすぐり（ふるさと納税商品） - 2%
✅ [2/30] 実質半額！『DELISH KITCHEN』プロデュース 宅配弁当Meals - 61%還元
                                                        31,000pt
✅ [3/30] YOSHIKEI（ヨシケイ）４つの選べるミールキットお試し5days - 1200円
✅ [4/30] Sumifru（スミフル）の美味しいマルシェ - 10%
✅ [5/30] 京つけもの ニシダ - 12%
✅ [6/30] MOILお試しセット - 100%還元
                                                        5,000pt
✅ [7/30] ROKUMEI COFFEE CO.（ロクメイコーヒー） - 15%
✅ [8/30] Myprotein（マイプロテイン） 初回購入 - 13%
✅ [9/30] Uber Eats（ウーバーイーツ） フード デリバリー注文（初回注文用） - 850円
✅ [10/30] BASE BREAD （ベースブレッド） - 500円
✅ [11/30] サロンドロワイヤル - 7%
✅ [12/30] 和匠 瑞乃香 - 10%
✅ [13/30] もち麦満腹バー5種100袋セット - 3000円
⏭️ [14/30] スキップ（処理済み）
✅ [15/30] GELATERIA GELABO - 10%
⏭️ [16/30] スキップ（処理済み）
✅ [17/30] Minimal（ミニマル） - 13%
✅ [18/30] カゴメ　夏ギフト2025「お中元」 - 334円
✅ [19/30] ベースフード（継続コース） - 200円
⏭️ [20/30] スキップ（処理済み）
✅ [21/30] 至極の黄金だし玉 - 1500円
✅ [22/30] nosh（ナッシュ） 総額5,000円OFF - 900円
✅ [23/30] ベルーナグルメ - 3%
⏭️ [24/30] スキップ（処理済み）
✅ [25/30] オイシックス(Oisix)おためしセット - 51%還元
                                                        10,000pt
⏭️ [26/30] スキップ（処理済み）
✅ [27/30] カゴメ 「毎日飲む野菜 お試し20本セット」 - 396円
✅ [28/30] カゴメ「つぶより野菜」 - 396円
✅ [29/30] 伊藤久右衛門 - 9%
✅ [30/30] グランドカステラ - 7%
⏸️ グループ間待機中...

🏪 [4/8] グループ処理開始: 美容

📂 グループ「美容」の処理開始
  📄 ページ 1 を処理中...
    ✅ 30件発見（累計: 30件）
📊 グループ「美容」: 30件の案件を詳細取得開始
🔍 重複除去後: 30件
✅ [1/30] 乳酸菌B240タブレット - 95%還元
                                                        24,396pt
✅ [2/30] KINS（キンズ）CLEANSING OIL＋LOTION - 1990円
✅ [3/30] Myprotein（マイプロテイン）リピート利用 - 6%
⏭️ [4/30] スキップ（処理済み）
⏭️ [5/30] スキップ（処理済み）
✅ [6/30] SNIDEL BEAUTY(スナイデル ビューティ) - 6%
✅ [7/30] HABA はじめてのスクワランケアセット - 308円
✅ [8/30] あきゅらいずスキンケア商品「お試し詰合せ」 - 300円
✅ [9/30] HERA公式オンラインストア - 6%
✅ [10/30] えがおの活彩青汁 - 98円
⏭️ [11/30] スキップ（処理済み）
✅ [12/30] アロベビー ミルクローション - 1000円
✅ [13/30] ドクターシーラボ - 15%
⏭️ [14/30] スキップ（処理済み）
✅ [15/30] えがおの青汁満菜 - 98円
✅ [16/30] アイ リンクルセラム セット（アテニア） - 748円
✅ [17/30] ドレススノー化粧水セット(アテニア) - 260円
✅ [18/30] THE BODY SHOP(ザボディショップ) - 8%
✅ [19/30] リフレッシング パッションフルーツ（THE BODY SHOP） - 8%
⏭️ [20/30] スキップ（処理済み）
✅ [21/30] ネイチャーズウェイ - 5%
✅ [22/30] プロアクティブ - 1300円
⏭️ [23/30] スキップ（処理済み）
✅ [24/30] 豊潤サジー(30日分)　初回500円 - 200円
💾 中間保存完了（100件）
✅ [25/30] F ORGANICS(エッフェオーガニック) - 6%
✅ [26/30] マナラ ホットクレンジングゲル 無料アンケート - 20円
✅ [27/30] サンドラッグ Online Store - 0.6%
✅ [28/30] マナラ ホットクレンジングゲル 3,344円定期 - 669円
✅ [29/30] カゴメ　スルフォラファン - 428円
✅ [30/30] カテキン減脂粒 - 196円
⏸️ グループ間待機中...

🏪 [5/8] グループ処理開始: 衛生用品

📂 グループ「衛生用品」の処理開始
  📄 ページ 1 を処理中...
    ✅ 30件発見（累計: 30件）
📊 グループ「衛生用品」: 30件の案件を詳細取得開始
🔍 重複除去後: 30件
✅ [1/30] LENS APPLE（レンズアップル） - 8%
✅ [2/30] アイロボット公式オンラインストア　（ルンバ・ブラーバ） - 2.5%
✅ [3/30] 【8月31日まで限定高還元！】エースコンタクト - 3600円
⏭️ [4/30] スキップ（処理済み）
✅ [5/30] レンズモード - 10%
✅ [6/30] カラコン通販サイト リリーアンナ（LILY ANNA） - 15%
✅ [7/30] レンズアップル　初回購入 - 500円
✅ [8/30] レンズモード　新規購入用 - 12%
✅ [9/30] MoreContact（モアコンタクト） - 15%
✅ [10/30] オンライン診療・お薬の通販【med.】（メッド）　初回購入 - 2500円
✅ [11/30] オンライン診療・お薬の通販【med.】（メッド） - 8%
✅ [12/30] OWNDAYS（オンデーズ）公式オンラインストア - 1.5%
✅ [13/30] LENS ONE（レンズワン） - 6%
✅ [14/30] スカイコンタクト - 4.5%
✅ [15/30] レンズファースト - 4.5%
✅ [16/30] WLENS(ビビレンズ) - 20%
✅ [17/30] Qieto（キエト） - 4%
✅ [18/30] ファイテン - 3%
✅ [19/30] メガネスーパー - 2.4%
✅ [20/30] アットネットコンタクト - 3%
✅ [21/30] チャームカラーコンタクト - 10%
✅ [22/30] アットスタイル - 6%
✅ [23/30] POPLENS（ポップレンズ） - 5.5%
✅ [24/30] 医食同源　SPUN MASK(スパンマスク)不織布カラーマスク - 100円
✅ [25/30] コンタクト通販.com - 6%
✅ [26/30] 湘南コンタクトレンズ - 1.2%
✅ [27/30] 抗菌防臭マスク　ミツフジ × GENKI LABOコラボマスク - 5%
✅ [28/30] We'll - 7%
✅ [29/30] Lmode - 4%
✅ [30/30] レンズラボ - 5%
⏸️ グループ間待機中...

🏪 [6/8] グループ処理開始: エンタメ・家電

📂 グループ「エンタメ・家電」の処理開始
  📄 ページ 1 を処理中...
    ✅ 30件発見（累計: 30件）
📊 グループ「エンタメ・家電」: 30件の案件を詳細取得開始
🔍 重複除去後: 30件
⏭️ [1/30] スキップ（処理済み）
⏭️ [2/30] スキップ（処理済み）
⏭️ [3/30] スキップ（処理済み）
✅ [4/30] OPPO（オッポ）　公式オンラインショップ - 4%
✅ [5/30] アニメイトブックストア - 3%
✅ [6/30] Ubigi（ユビジ）　eSIM - 5%
✅ [7/30] ALPHAオリパ - 50%還元
                                                        2,500pt
✅ [8/30] 楽天チケット - 0.8%
✅ [9/30] ASBee ONLINE SHOP（アスビーオンラインショップ） - 2%
✅ [10/30] ゲムマイド - 2%
✅ [11/30] 秋葉ダイレクト Direct - 1%
⏭️ [12/30] スキップ（処理済み）
⏭️ [13/30] スキップ（処理済み）
✅ [14/30] TEN ALL(テンオール) - 3.5%
✅ [15/30] 水神(Suijin) - 3.5%
⏭️ [16/30] スキップ（処理済み）
✅ [17/30] eBookJapan 初回購入 - 80%還元
                                                        2,650pt
✅ [18/30] カドカワストア - 3%
✅ [19/30] BLUETTI JAPAN（ブルーティジャパン） - 3%
✅ [20/30] ブッコミ - 200円
✅ [21/30] auブックパス - 450円
💾 中間保存完了（150件）
✅ [22/30] Temu（テム） リピート用 - 8.5%
✅ [23/30] honto(ホント)　初回利用 - 100%還元
                                                        3,300pt
✅ [24/30] POCHIORIPA(ポチオリパ)　リピート購入 - 3%
⏭️ [25/30] スキップ（処理済み）
✅ [26/30] アイリスプラザ - 3%
✅ [27/30] Apple公式サイト - 0.6%
✅ [28/30] GRAPHT Offical Store（グラフトオフィシャルストア） - 2.5%
✅ [29/30] OCNオンラインショップ（旧NTT-X Store） - 0.7%
✅ [30/30] 楽天写真館 - 8%
⏸️ グループ間待機中...

🏪 [7/8] グループ処理開始: 住まい・暮らし

📂 グループ「住まい・暮らし」の処理開始
  📄 ページ 1 を処理中...
    ✅ 30件発見（累計: 30件）
📊 グループ「住まい・暮らし」: 30件の案件を詳細取得開始
🔍 重複除去後: 30件
✅ [1/30] HARIO NETSHOP - 10%
✅ [2/30] D-Breath World Shop（ディーブレス） - 6%
⏭️ [3/30] スキップ（処理済み）
⏭️ [4/30] スキップ（処理済み）
⏭️ [5/30] スキップ（処理済み）
⏭️ [6/30] スキップ（処理済み）
✅ [7/30] ダンボールワン - 45%
✅ [8/30] 快眠タイムズストア - 13%
✅ [9/30] KEYUCA(ケユカ) - 3.5%
⏭️ [10/30] スキップ（処理済み）
✅ [11/30] アロベビー UV&アウトドアミスト - 100円
⏭️ [12/30] スキップ（処理済み）
✅ [13/30] リライブシャツ - 5%
✅ [14/30] TUISS DÉCOR(チューイッシュデコア)のオーダーメイドブラインド・カーテン - 7%
⏭️ [15/30] スキップ（処理済み）
✅ [16/30] &UCHInoCO(うちのこ) - 6%
✅ [17/30] スタディング - 15%
⏭️ [18/30] スキップ（処理済み）
⏭️ [19/30] スキップ（処理済み）
⏭️ [20/30] スキップ（処理済み）
⏭️ [21/30] スキップ（処理済み）
⏭️ [22/30] スキップ（処理済み）
✅ [23/30] SHEIN（シーイン）　 新規購入用 - 22%
✅ [24/30] BRAIN SLEEP STORE（ブレインスリープストア） - 10%
✅ [25/30] はんこ屋さん21 - 3.5%
✅ [26/30] Dentaly （デンタリー） - 1200円
✅ [27/30] TCJ日本語教員試験 短期合格パック - 5500円
⏭️ [28/30] スキップ（処理済み）
✅ [29/30] ブリヂストンタイヤオンラインストア - 4000円
✅ [30/30] HOZON PRINT　フォトブック購入 - 110%還元
                                                        5,100pt
⏸️ グループ間待機中...

🏪 [8/8] グループ処理開始: その他（ショッピング）

📂 グループ「その他（ショッピング）」の処理開始
  📄 ページ 1 を処理中...
    ✅ 15件発見（累計: 15件）
📊 グループ「その他（ショッピング）」: 15件の案件を詳細取得開始
🔍 重複除去後: 15件
⏭️ [1/15] スキップ（処理済み）
⏭️ [2/15] スキップ（処理済み）
✅ [3/15] カーポートマルゼン - 1.5%
✅ [4/15] NordVPN - 2000円
✅ [5/15] おこころざし.com - 1.5%
✅ [6/15] HAPPINEAR（ハピニアー） - 7%
✅ [7/15] おとなの旅日和 - 5%
✅ [8/15] ショップチャンネル - 0.5%
✅ [9/15] 楽天NFT（エヌエフティー） - 1%
✅ [10/15] PIXTA（ピクスタ） - 300円
✅ [11/15] Qドメイン - 50円
✅ [12/15] らくらくポストカード 年賀状プリント - 7%
✅ [13/15] VideoProc - 20%
✅ [14/15] ハンコヤドットコム - 1.5%
✅ [15/15] ラクスル - 1.2%

💾 最終データ保存完了: pointincome_shopping_production.json

🎉 本番ショッピングスクレイピング完了！
📊 総案件数: 188件
✅ 成功数: 188件
❌ エラー数: 0件
⏱️ 実行時間: 19分
📈 成功率: 100.0%
