🎯 ポイントインカム取得開始 (83カテゴリ)
======================================================================
📋 IOS × normalCampaigns 最適化設定:
   🔄 ブラウザ再起動間隔: 8カテゴリ毎
   ⏱️ カテゴリ間待機: 3000ms
   🧹 メモリクリーンアップ: 有効
   🕐 タイムアウト設定: 60000ms
   🚀 ブラウザ再起動完了 - モバイル高負荷対応最適化
      🔄 真の無限スクロール開始（完了まで継続）
      📊 初期案件数: 10件
      📈 スクロール1: 10件追加 (計:20件)
      📈 スクロール2: 10件追加 (計:30件)
      📈 スクロール3: 10件追加 (計:40件)
      📈 スクロール4: 10件追加 (計:50件)
      📈 スクロール5: 10件追加 (計:60件)
      📈 スクロール6: 3件追加 (計:63件)
      ⏸️  スクロール10: 新規なし(4/8回連続)
      ✅ 無限スクロール完了: 完全取得(8回連続で新規なし)
      📊 最終結果: 63件 (14回スクロール)
✅ shopping_66: 63件 (新規: 63件) [完全取得(8回連続で新規なし)]
      🔄 真の無限スクロール開始（完了まで継続）
      📊 初期案件数: 10件
      📈 スクロール1: 10件追加 (計:20件)
      📈 スクロール2: 4件追加 (計:24件)
      ⏸️  スクロール10: 新規なし(8/8回連続)
      ✅ 無限スクロール完了: 完全取得(8回連続で新規なし)
      📊 最終結果: 24件 (10回スクロール)
✅ shopping_161: 24件 (新規: 15件) [完全取得(8回連続で新規なし)]
      🔄 真の無限スクロール開始（完了まで継続）
      📊 初期案件数: 10件
      📈 スクロール1: 10件追加 (計:20件)
      📈 スクロール2: 9件追加 (計:29件)
      ⏸️  スクロール10: 新規なし(8/8回連続)
      ✅ 無限スクロール完了: 完全取得(8回連続で新規なし)
      📊 最終結果: 29件 (10回スクロール)
✅ shopping_160: 29件 (新規: 25件) [完全取得(8回連続で新規なし)]
      🔄 真の無限スクロール開始（完了まで継続）
      📊 初期案件数: 7件
      ✅ 無限スクロール完了: 完全取得(8回連続で新規なし)
      📊 最終結果: 7件 (8回スクロール)
✅ shopping_229: 7件 (新規: 3件) [完全取得(8回連続で新規なし)]
      🔄 真の無限スクロール開始（完了まで継続）
      📊 初期案件数: 5件
      ✅ 無限スクロール完了: 完全取得(8回連続で新規なし)
      📊 最終結果: 5件 (8回スクロール)
✅ shopping_244: 5件 (新規: 5件) [完全取得(8回連続で新規なし)]
      🔄 真の無限スクロール開始（完了まで継続）
      📊 初期案件数: 2件
      ✅ 無限スクロール完了: 完全取得(8回連続で新規なし)
      📊 最終結果: 2件 (8回スクロール)
✅ shopping_245: 2件 (新規: 2件) [完全取得(8回連続で新規なし)]
      🔄 真の無限スクロール開始（完了まで継続）
      📊 初期案件数: 3件
      ✅ 無限スクロール完了: 完全取得(8回連続で新規なし)
      📊 最終結果: 3件 (8回スクロール)
✅ shopping_246: 3件 (新規: 3件) [完全取得(8回連続で新規なし)]
      🔄 真の無限スクロール開始（完了まで継続）
      📊 初期案件数: 10件
      📈 スクロール1: 10件追加 (計:20件)
      📈 スクロール2: 10件追加 (計:30件)
      📈 スクロール3: 10件追加 (計:40件)
      📈 スクロール4: 10件追加 (計:50件)
      📈 スクロール5: 10件追加 (計:60件)
      📈 スクロール6: 10件追加 (計:70件)
      📈 スクロール7: 10件追加 (計:80件)
      📈 スクロール8: 10件追加 (計:90件)
      📈 スクロール9: 10件追加 (計:100件)
      ⏸️  スクロール10: 新規なし(1/8回連続)
      ✅ 無限スクロール完了: 完全取得(8回連続で新規なし)
      📊 最終結果: 100件 (17回スクロール)
✅ shopping_177: 100件 (新規: 87件) [完全取得(8回連続で新規なし)]
   🔄 ブラウザ再起動 (8/8カテゴリ処理完了) - 高負荷対応最適化
   🚀 ブラウザ再起動完了 - モバイル高負荷対応最適化
      🔄 真の無限スクロール開始（完了まで継続）
      📊 初期案件数: 10件
      📈 スクロール1: 10件追加 (計:20件)
      📈 スクロール2: 8件追加 (計:28件)
      ⏸️  スクロール10: 新規なし(8/8回連続)
      ✅ 無限スクロール完了: 完全取得(8回連続で新規なし)
      📊 最終結果: 28件 (10回スクロール)
✅ shopping_179: 28件 (新規: 15件) [完全取得(8回連続で新規なし)]
      🔄 真の無限スクロール開始（完了まで継続）
      📊 初期案件数: 10件
      📈 スクロール1: 10件追加 (計:20件)
      📈 スクロール2: 7件追加 (計:27件)
      ⏸️  スクロール10: 新規なし(8/8回連続)
      ✅ 無限スクロール完了: 完全取得(8回連続で新規なし)
      📊 最終結果: 27件 (10回スクロール)
✅ shopping_247: 27件 (新規: 20件) [完全取得(8回連続で新規なし)]
📈 進捗: 10/83 (12.0%) - 取得数: 238件
      🔄 真の無限スクロール開始（完了まで継続）
      📊 初期案件数: 10件
      📈 スクロール1: 10件追加 (計:20件)
      📈 スクロール2: 10件追加 (計:30件)
      📈 スクロール3: 10件追加 (計:40件)
      📈 スクロール4: 10件追加 (計:50件)
      📈 スクロール5: 10件追加 (計:60件)
      📈 スクロール6: 10件追加 (計:70件)
      📈 スクロール7: 10件追加 (計:80件)
      📈 スクロール8: 10件追加 (計:90件)
      📈 スクロール9: 10件追加 (計:100件)
      ⏸️  スクロール10: 新規なし(1/8回連続)
      ✅ 無限スクロール完了: 完全取得(8回連続で新規なし)
      📊 最終結果: 100件 (17回スクロール)
✅ shopping_178: 100件 (新規: 64件) [完全取得(8回連続で新規なし)]
      🔄 真の無限スクロール開始（完了まで継続）
      📊 初期案件数: 10件
      📈 スクロール1: 10件追加 (計:20件)
      📈 スクロール2: 10件追加 (計:30件)
      📈 スクロール3: 1件追加 (計:31件)
      ⏸️  スクロール10: 新規なし(7/8回連続)
      ✅ 無限スクロール完了: 完全取得(8回連続で新規なし)
      📊 最終結果: 31件 (11回スクロール)
✅ shopping_248: 31件 (新規: 20件) [完全取得(8回連続で新規なし)]
      🔄 真の無限スクロール開始（完了まで継続）
      📊 初期案件数: 10件
      📈 スクロール1: 10件追加 (計:20件)
      ✅ 無限スクロール完了: 完全取得(8回連続で新規なし)
      📊 最終結果: 20件 (9回スクロール)
✅ shopping_249: 20件 (新規: 13件) [完全取得(8回連続で新規なし)]
      🔄 真の無限スクロール開始（完了まで継続）
      📊 初期案件数: 10件
      📈 スクロール1: 10件追加 (計:20件)
      📈 スクロール2: 9件追加 (計:29件)
      ⏸️  スクロール10: 新規なし(8/8回連続)
      ✅ 無限スクロール完了: 完全取得(8回連続で新規なし)
      📊 最終結果: 29件 (10回スクロール)
✅ shopping_262: 29件 (新規: 9件) [完全取得(8回連続で新規なし)]
      🔄 真の無限スクロール開始（完了まで継続）
      📊 初期案件数: 10件
      📈 スクロール1: 8件追加 (計:18件)
      ✅ 無限スクロール完了: 完全取得(8回連続で新規なし)
      📊 最終結果: 18件 (9回スクロール)
✅ shopping_250: 18件 (新規: 7件) [完全取得(8回連続で新規なし)]
      🔄 真の無限スクロール開始（完了まで継続）
      📊 初期案件数: 10件
      📈 スクロール1: 10件追加 (計:20件)
      📈 スクロール2: 10件追加 (計:30件)
      📈 スクロール3: 10件追加 (計:40件)
      📈 スクロール4: 10件追加 (計:50件)
      📈 スクロール5: 10件追加 (計:60件)
      📈 スクロール6: 10件追加 (計:70件)
      📈 スクロール7: 10件追加 (計:80件)
      📈 スクロール8: 10件追加 (計:90件)
      📈 スクロール9: 10件追加 (計:100件)
      ⏸️  スクロール10: 新規なし(1/8回連続)
      ✅ 無限スクロール完了: 完全取得(8回連続で新規なし)
      📊 最終結果: 100件 (17回スクロール)
✅ shopping_251: 100件 (新規: 88件) [完全取得(8回連続で新規なし)]
   🔄 ブラウザ再起動 (16/8カテゴリ処理完了) - 高負荷対応最適化
   🚀 ブラウザ再起動完了 - モバイル高負荷対応最適化
      🔄 真の無限スクロール開始（完了まで継続）
      📊 初期案件数: 10件
      📈 スクロール1: 10件追加 (計:20件)
      📈 スクロール2: 10件追加 (計:30件)
      📈 スクロール3: 10件追加 (計:40件)
      📈 スクロール4: 3件追加 (計:43件)
      ⏸️  スクロール10: 新規なし(6/8回連続)
      ✅ 無限スクロール完了: 完全取得(8回連続で新規なし)
      📊 最終結果: 43件 (12回スクロール)
✅ shopping_184: 43件 (新規: 36件) [完全取得(8回連続で新規なし)]
      🔄 真の無限スクロール開始（完了まで継続）
      📊 初期案件数: 10件
      📈 スクロール1: 10件追加 (計:20件)
      📈 スクロール2: 10件追加 (計:30件)
      📈 スクロール3: 10件追加 (計:40件)
      📈 スクロール4: 10件追加 (計:50件)
      📈 スクロール5: 4件追加 (計:54件)
      ⏸️  スクロール10: 新規なし(5/8回連続)
      ✅ 無限スクロール完了: 完全取得(8回連続で新規なし)
      📊 最終結果: 54件 (13回スクロール)
✅ shopping_185: 54件 (新規: 43件) [完全取得(8回連続で新規なし)]
      🔄 真の無限スクロール開始（完了まで継続）
      📊 初期案件数: 10件
      📈 スクロール1: 10件追加 (計:20件)
      📈 スクロール2: 10件追加 (計:30件)
      📈 スクロール3: 10件追加 (計:40件)
      📈 スクロール4: 7件追加 (計:47件)
      ⏸️  スクロール10: 新規なし(6/8回連続)
      ✅ 無限スクロール完了: 完全取得(8回連続で新規なし)
      📊 最終結果: 47件 (12回スクロール)
✅ shopping_263: 47件 (新規: 21件) [完全取得(8回連続で新規なし)]
      🔄 真の無限スクロール開始（完了まで継続）
      📊 初期案件数: 7件
      ✅ 無限スクロール完了: 完全取得(8回連続で新規なし)
      📊 最終結果: 7件 (8回スクロール)
✅ shopping_252: 7件 (新規: 3件) [完全取得(8回連続で新規なし)]
📈 進捗: 20/83 (24.1%) - 取得数: 542件
      🔄 真の無限スクロール開始（完了まで継続）
      📊 初期案件数: 10件
      📈 スクロール1: 2件追加 (計:12件)
      ✅ 無限スクロール完了: 完全取得(8回連続で新規なし)
      📊 最終結果: 12件 (9回スクロール)
✅ shopping_264: 12件 (新規: 5件) [完全取得(8回連続で新規なし)]
      🔄 真の無限スクロール開始（完了まで継続）
      📊 初期案件数: 10件
      📈 スクロール1: 9件追加 (計:19件)
      ✅ 無限スクロール完了: 完全取得(8回連続で新規なし)
      📊 最終結果: 19件 (9回スクロール)
✅ shopping_265: 19件 (新規: 10件) [完全取得(8回連続で新規なし)]
      🔄 真の無限スクロール開始（完了まで継続）
      📊 初期案件数: 10件
      📈 スクロール1: 2件追加 (計:12件)
      ✅ 無限スクロール完了: 完全取得(8回連続で新規なし)
      📊 最終結果: 12件 (9回スクロール)
✅ shopping_183: 12件 (新規: 7件) [完全取得(8回連続で新規なし)]
      🔄 真の無限スクロール開始（完了まで継続）
      📊 初期案件数: 10件
      📈 スクロール1: 10件追加 (計:20件)
      📈 スクロール2: 10件追加 (計:30件)
      📈 スクロール3: 10件追加 (計:40件)
      📈 スクロール4: 3件追加 (計:43件)
      ⏸️  スクロール10: 新規なし(6/8回連続)
      ✅ 無限スクロール完了: 完全取得(8回連続で新規なし)
      📊 最終結果: 43件 (12回スクロール)
✅ shopping_253: 43件 (新規: 40件) [完全取得(8回連続で新規なし)]
   🔄 ブラウザ再起動 (24/8カテゴリ処理完了) - 高負荷対応最適化
   🚀 ブラウザ再起動完了 - モバイル高負荷対応最適化
      🔄 真の無限スクロール開始（完了まで継続）
      📊 初期案件数: 10件
      📈 スクロール1: 10件追加 (計:20件)
      📈 スクロール2: 10件追加 (計:30件)
      📈 スクロール3: 10件追加 (計:40件)
      📈 スクロール4: 10件追加 (計:50件)
      📈 スクロール5: 10件追加 (計:60件)
      📈 スクロール6: 10件追加 (計:70件)
      📈 スクロール7: 10件追加 (計:80件)
      📈 スクロール8: 10件追加 (計:90件)
      📈 スクロール9: 10件追加 (計:100件)
      ⏸️  スクロール10: 新規なし(1/8回連続)
      ✅ 無限スクロール完了: 完全取得(8回連続で新規なし)
      📊 最終結果: 100件 (17回スクロール)
✅ shopping_169: 100件 (新規: 72件) [完全取得(8回連続で新規なし)]
      🔄 真の無限スクロール開始（完了まで継続）
      📊 初期案件数: 10件
      📈 スクロール1: 10件追加 (計:20件)
      📈 スクロール2: 10件追加 (計:30件)
      📈 スクロール3: 10件追加 (計:40件)
      📈 スクロール4: 10件追加 (計:50件)
      📈 スクロール5: 10件追加 (計:60件)
      📈 スクロール6: 10件追加 (計:70件)
      📈 スクロール7: 10件追加 (計:80件)
      📈 スクロール8: 10件追加 (計:90件)
      📈 スクロール9: 10件追加 (計:100件)
      ⏸️  スクロール10: 新規なし(1/8回連続)
      ✅ 無限スクロール完了: 完全取得(8回連続で新規なし)
      📊 最終結果: 100件 (17回スクロール)
✅ shopping_166: 100件 (新規: 62件) [完全取得(8回連続で新規なし)]
      🔄 真の無限スクロール開始（完了まで継続）
      📊 初期案件数: 10件
      📈 スクロール1: 10件追加 (計:20件)
      📈 スクロール2: 10件追加 (計:30件)
      📈 スクロール3: 10件追加 (計:40件)
      📈 スクロール4: 1件追加 (計:41件)
      ⏸️  スクロール10: 新規なし(6/8回連続)
      ✅ 無限スクロール完了: 完全取得(8回連続で新規なし)
      📊 最終結果: 41件 (12回スクロール)
✅ shopping_168: 41件 (新規: 11件) [完全取得(8回連続で新規なし)]
      🔄 真の無限スクロール開始（完了まで継続）
      📊 初期案件数: 10件
      📈 スクロール1: 10件追加 (計:20件)
      📈 スクロール2: 10件追加 (計:30件)
      📈 スクロール3: 10件追加 (計:40件)
      📈 スクロール4: 10件追加 (計:50件)
      📈 スクロール5: 6件追加 (計:56件)
      ⏸️  スクロール10: 新規なし(5/8回連続)
      ✅ 無限スクロール完了: 完全取得(8回連続で新規なし)
      📊 最終結果: 56件 (13回スクロール)
✅ shopping_167: 56件 (新規: 30件) [完全取得(8回連続で新規なし)]
      🔄 真の無限スクロール開始（完了まで継続）
      📊 初期案件数: 10件
      📈 スクロール1: 10件追加 (計:20件)
      📈 スクロール2: 10件追加 (計:30件)
      📈 スクロール3: 8件追加 (計:38件)
      ⏸️  スクロール10: 新規なし(7/8回連続)
      ✅ 無限スクロール完了: 完全取得(8回連続で新規なし)
      📊 最終結果: 38件 (11回スクロール)
✅ shopping_255: 38件 (新規: 30件) [完全取得(8回連続で新規なし)]
      🔄 真の無限スクロール開始（完了まで継続）
      📊 初期案件数: 10件
      📈 スクロール1: 5件追加 (計:15件)
      ✅ 無限スクロール完了: 完全取得(8回連続で新規なし)
      📊 最終結果: 15件 (9回スクロール)
✅ shopping_256: 15件 (新規: 8件) [完全取得(8回連続で新規なし)]
📈 進捗: 30/83 (36.1%) - 取得数: 817件
      🔄 真の無限スクロール開始（完了まで継続）
      📊 初期案件数: 10件
      📈 スクロール1: 7件追加 (計:17件)
      ✅ 無限スクロール完了: 完全取得(8回連続で新規なし)
      📊 最終結果: 17件 (9回スクロール)
✅ shopping_261: 17件 (新規: 4件) [完全取得(8回連続で新規なし)]
      🔄 真の無限スクロール開始（完了まで継続）
      📊 初期案件数: 7件
      ✅ 無限スクロール完了: 完全取得(8回連続で新規なし)
      📊 最終結果: 7件 (8回スクロール)
✅ shopping_254: 7件 (新規: 6件) [完全取得(8回連続で新規なし)]
   🔄 ブラウザ再起動 (32/8カテゴリ処理完了) - 高負荷対応最適化
   🚀 ブラウザ再起動完了 - モバイル高負荷対応最適化
      🔄 真の無限スクロール開始（完了まで継続）
      📊 初期案件数: 10件
      📈 スクロール1: 5件追加 (計:15件)
      ✅ 無限スクロール完了: 完全取得(8回連続で新規なし)
      📊 最終結果: 15件 (9回スクロール)
✅ shopping_171: 15件 (新規: 11件) [完全取得(8回連続で新規なし)]
      🔄 真の無限スクロール開始（完了まで継続）
      📊 初期案件数: 10件
      📈 スクロール1: 10件追加 (計:20件)
      📈 スクロール2: 10件追加 (計:30件)
      📈 スクロール3: 10件追加 (計:40件)
      📈 スクロール4: 9件追加 (計:49件)
      ⏸️  スクロール10: 新規なし(6/8回連続)
      ✅ 無限スクロール完了: 完全取得(8回連続で新規なし)
      📊 最終結果: 49件 (12回スクロール)
✅ shopping_162: 49件 (新規: 47件) [完全取得(8回連続で新規なし)]
      🔄 真の無限スクロール開始（完了まで継続）
      📊 初期案件数: 10件
      📈 スクロール1: 1件追加 (計:11件)
      ✅ 無限スクロール完了: 完全取得(8回連続で新規なし)
      📊 最終結果: 11件 (9回スクロール)
✅ shopping_163: 11件 (新規: 5件) [完全取得(8回連続で新規なし)]
      🔄 真の無限スクロール開始（完了まで継続）
      📊 初期案件数: 4件
      ✅ 無限スクロール完了: 完全取得(8回連続で新規なし)
      📊 最終結果: 4件 (8回スクロール)
✅ shopping_164: 4件 (新規: 2件) [完全取得(8回連続で新規なし)]
      🔄 真の無限スクロール開始（完了まで継続）
      📊 初期案件数: 10件
      📈 スクロール1: 10件追加 (計:20件)
      📈 スクロール2: 10件追加 (計:30件)
      📈 スクロール3: 10件追加 (計:40件)
      📈 スクロール4: 10件追加 (計:50件)
      📈 スクロール5: 10件追加 (計:60件)
      📈 スクロール6: 10件追加 (計:70件)
      📈 スクロール7: 10件追加 (計:80件)
      📈 スクロール8: 5件追加 (計:85件)
      ⏸️  スクロール10: 新規なし(2/8回連続)
      ✅ 無限スクロール完了: 完全取得(8回連続で新規なし)
      📊 最終結果: 85件 (16回スクロール)
✅ shopping_173: 85件 (新規: 75件) [完全取得(8回連続で新規なし)]
      🔄 真の無限スクロール開始（完了まで継続）
      📊 初期案件数: 10件
      📈 スクロール1: 10件追加 (計:20件)
      📈 スクロール2: 10件追加 (計:30件)
      📈 スクロール3: 10件追加 (計:40件)
      📈 スクロール4: 10件追加 (計:50件)
      📈 スクロール5: 1件追加 (計:51件)
      ⏸️  スクロール10: 新規なし(5/8回連続)
      ✅ 無限スクロール完了: 完全取得(8回連続で新規なし)
      📊 最終結果: 51件 (13回スクロール)
✅ shopping_174: 51件 (新規: 27件) [完全取得(8回連続で新規なし)]
      🔄 真の無限スクロール開始（完了まで継続）
      📊 初期案件数: 10件
      📈 スクロール1: 10件追加 (計:20件)
      📈 スクロール2: 10件追加 (計:30件)
      📈 スクロール3: 10件追加 (計:40件)
      📈 スクロール4: 10件追加 (計:50件)
      📈 スクロール5: 10件追加 (計:60件)
      📈 スクロール6: 1件追加 (計:61件)
      ⏸️  スクロール10: 新規なし(4/8回連続)
      ✅ 無限スクロール完了: 完全取得(8回連続で新規なし)
      📊 最終結果: 61件 (14回スクロール)
✅ shopping_175: 61件 (新規: 48件) [完全取得(8回連続で新規なし)]
      🔄 真の無限スクロール開始（完了まで継続）
      📊 初期案件数: 10件
      📈 スクロール1: 10件追加 (計:20件)
      📈 スクロール3: 10件追加 (計:30件)
      📈 スクロール4: 10件追加 (計:40件)
      📈 スクロール5: 4件追加 (計:44件)
      ⏸️  スクロール10: 新規なし(5/8回連続)
      ✅ 無限スクロール完了: 完全取得(8回連続で新規なし)
      📊 最終結果: 44件 (13回スクロール)
✅ shopping_176: 44件 (新規: 20件) [完全取得(8回連続で新規なし)]
   🔄 ブラウザ再起動 (40/8カテゴリ処理完了) - 高負荷対応最適化
   🚀 ブラウザ再起動完了 - モバイル高負荷対応最適化
📈 進捗: 40/83 (48.2%) - 取得数: 1062件
      🔄 真の無限スクロール開始（完了まで継続）
      📊 初期案件数: 10件
      📈 スクロール1: 10件追加 (計:20件)
      📈 スクロール2: 10件追加 (計:30件)
      📈 スクロール3: 10件追加 (計:40件)
      📈 スクロール4: 10件追加 (計:50件)
      📈 スクロール5: 10件追加 (計:60件)
      📈 スクロール6: 1件追加 (計:61件)
      ⏸️  スクロール10: 新規なし(4/8回連続)
      ✅ 無限スクロール完了: 完全取得(8回連続で新規なし)
      📊 最終結果: 61件 (14回スクロール)
✅ shopping_230: 61件 (新規: 31件) [完全取得(8回連続で新規なし)]
      🔄 真の無限スクロール開始（完了まで継続）
      📊 初期案件数: 10件
      📈 スクロール1: 10件追加 (計:20件)
      📈 スクロール2: 10件追加 (計:30件)
      📈 スクロール3: 10件追加 (計:40件)
      📈 スクロール4: 7件追加 (計:47件)
      ⏸️  スクロール10: 新規なし(6/8回連続)
      ✅ 無限スクロール完了: 完全取得(8回連続で新規なし)
      📊 最終結果: 47件 (12回スクロール)
✅ shopping_225: 47件 (新規: 22件) [完全取得(8回連続で新規なし)]
      🔄 真の無限スクロール開始（完了まで継続）
      📊 初期案件数: 10件
      📈 スクロール1: 10件追加 (計:20件)
      📈 スクロール2: 10件追加 (計:30件)
      📈 スクロール3: 10件追加 (計:40件)
      📈 スクロール4: 10件追加 (計:50件)
      📈 スクロール5: 10件追加 (計:60件)
      📈 スクロール6: 10件追加 (計:70件)
      📈 スクロール7: 10件追加 (計:80件)
      📈 スクロール8: 10件追加 (計:90件)
      📈 スクロール9: 3件追加 (計:93件)
      ⏸️  スクロール10: 新規なし(1/8回連続)
      ✅ 無限スクロール完了: 完全取得(8回連続で新規なし)
      📊 最終結果: 93件 (17回スクロール)
✅ shopping_195: 93件 (新規: 69件) [完全取得(8回連続で新規なし)]
      🔄 真の無限スクロール開始（完了まで継続）
      📊 初期案件数: 10件
      📈 スクロール1: 10件追加 (計:20件)
      📈 スクロール2: 10件追加 (計:30件)
      📈 スクロール3: 5件追加 (計:35件)
      ⏸️  スクロール10: 新規なし(7/8回連続)
      ✅ 無限スクロール完了: 完全取得(8回連続で新規なし)
      📊 最終結果: 35件 (11回スクロール)
✅ shopping_257: 35件 (新規: 13件) [完全取得(8回連続で新規なし)]
      🔄 真の無限スクロール開始（完了まで継続）
      📊 初期案件数: 10件
      📈 スクロール1: 10件追加 (計:20件)
      📈 スクロール2: 10件追加 (計:30件)
      📈 スクロール3: 10件追加 (計:40件)
      📈 スクロール4: 10件追加 (計:50件)
      📈 スクロール5: 10件追加 (計:60件)
      📈 スクロール6: 10件追加 (計:70件)
      📈 スクロール7: 7件追加 (計:77件)
      ⏸️  スクロール10: 新規なし(3/8回連続)
      ✅ 無限スクロール完了: 完全取得(8回連続で新規なし)
      📊 最終結果: 77件 (15回スクロール)
✅ shopping_258: 77件 (新規: 25件) [完全取得(8回連続で新規なし)]
      🔄 真の無限スクロール開始（完了まで継続）
      📊 初期案件数: 10件
      📈 スクロール1: 10件追加 (計:20件)
      📈 スクロール2: 10件追加 (計:30件)
      📈 スクロール3: 4件追加 (計:34件)
      ⏸️  スクロール10: 新規なし(7/8回連続)
      ✅ 無限スクロール完了: 完全取得(8回連続で新規なし)
      📊 最終結果: 34件 (11回スクロール)
✅ shopping_194: 34件 (新規: 14件) [完全取得(8回連続で新規なし)]
      🔄 真の無限スクロール開始（完了まで継続）
      📊 初期案件数: 10件
      📈 スクロール1: 10件追加 (計:20件)
      📈 スクロール2: 10件追加 (計:30件)
      📈 スクロール3: 10件追加 (計:40件)
      📈 スクロール4: 10件追加 (計:50件)
      📈 スクロール5: 10件追加 (計:60件)
      📈 スクロール6: 10件追加 (計:70件)
      📈 スクロール7: 2件追加 (計:72件)
      ⏸️  スクロール10: 新規なし(3/8回連続)
      ✅ 無限スクロール完了: 完全取得(8回連続で新規なし)
      📊 最終結果: 72件 (15回スクロール)
✅ shopping_196: 72件 (新規: 39件) [完全取得(8回連続で新規なし)]
      🔄 真の無限スクロール開始（完了まで継続）
      📊 初期案件数: 10件
      📈 スクロール1: 10件追加 (計:20件)
      📈 スクロール2: 5件追加 (計:25件)
      ⏸️  スクロール10: 新規なし(8/8回連続)
      ✅ 無限スクロール完了: 完全取得(8回連続で新規なし)
      📊 最終結果: 25件 (10回スクロール)
✅ shopping_193: 25件 (新規: 18件) [完全取得(8回連続で新規なし)]
   🔄 ブラウザ再起動 (48/8カテゴリ処理完了) - 高負荷対応最適化
   🚀 ブラウザ再起動完了 - モバイル高負荷対応最適化
      🔄 真の無限スクロール開始（完了まで継続）
      📊 初期案件数: 10件
      📈 スクロール1: 10件追加 (計:20件)
      📈 スクロール2: 8件追加 (計:28件)
      ⏸️  スクロール10: 新規なし(8/8回連続)
      ✅ 無限スクロール完了: 完全取得(8回連続で新規なし)
      📊 最終結果: 28件 (10回スクロール)
✅ shopping_259: 28件 (新規: 23件) [完全取得(8回連続で新規なし)]
      🔄 真の無限スクロール開始（完了まで継続）
      📊 初期案件数: 10件
      📈 スクロール1: 10件追加 (計:20件)
      📈 スクロール2: 10件追加 (計:30件)
      ⏸️  スクロール10: 新規なし(8/8回連続)
      ✅ 無限スクロール完了: 完全取得(8回連続で新規なし)
      📊 最終結果: 30件 (10回スクロール)
✅ shopping_260: 30件 (新規: 15件) [完全取得(8回連続で新規なし)]
📈 進捗: 50/83 (60.2%) - 取得数: 1331件
      🔄 真の無限スクロール開始（完了まで継続）
      📊 初期案件数: 10件
      📈 スクロール1: 5件追加 (計:15件)
      ✅ 無限スクロール完了: 完全取得(8回連続で新規なし)
      📊 最終結果: 15件 (9回スクロール)
✅ shopping_180: 15件 (新規: 10件) [完全取得(8回連続で新規なし)]
      🔄 真の無限スクロール開始（完了まで継続）
      📊 初期案件数: 10件
      📈 スクロール1: 10件追加 (計:20件)
      📈 スクロール2: 10件追加 (計:30件)
      📈 スクロール3: 10件追加 (計:40件)
      📈 スクロール4: 3件追加 (計:43件)
      ⏸️  スクロール10: 新規なし(6/8回連続)
      ✅ 無限スクロール完了: 完全取得(8回連続で新規なし)
      📊 最終結果: 43件 (12回スクロール)
✅ service_69: 43件 (新規: 43件) [完全取得(8回連続で新規なし)]
      🔄 真の無限スクロール開始（完了まで継続）
      📊 初期案件数: 10件
      📈 スクロール1: 10件追加 (計:20件)
      📈 スクロール2: 10件追加 (計:30件)
      📈 スクロール3: 10件追加 (計:40件)
      📈 スクロール4: 10件追加 (計:50件)
      📈 スクロール5: 10件追加 (計:60件)
      📈 スクロール6: 10件追加 (計:70件)
      📈 スクロール7: 10件追加 (計:80件)
      📈 スクロール8: 10件追加 (計:90件)
      📈 スクロール9: 10件追加 (計:100件)
      ⏸️  スクロール10: 新規なし(1/8回連続)
      ✅ 無限スクロール完了: 完全取得(8回連続で新規なし)
      📊 最終結果: 100件 (17回スクロール)
✅ service_70: 100件 (新規: 82件) [完全取得(8回連続で新規なし)]
      🔄 真の無限スクロール開始（完了まで継続）
      📊 初期案件数: 10件
      📈 スクロール1: 10件追加 (計:20件)
      📈 スクロール2: 6件追加 (計:26件)
      ⏸️  スクロール10: 新規なし(8/8回連続)
      ✅ 無限スクロール完了: 完全取得(8回連続で新規なし)
      📊 最終結果: 26件 (10回スクロール)
✅ service_75: 26件 (新規: 26件) [完全取得(8回連続で新規なし)]
      🔄 真の無限スクロール開始（完了まで継続）
      📊 初期案件数: 10件
      📈 スクロール1: 10件追加 (計:20件)
      📈 スクロール2: 10件追加 (計:30件)
      📈 スクロール3: 10件追加 (計:40件)
      📈 スクロール4: 10件追加 (計:50件)
      📈 スクロール5: 10件追加 (計:60件)
      📈 スクロール6: 10件追加 (計:70件)
      📈 スクロール7: 10件追加 (計:80件)
      📈 スクロール8: 10件追加 (計:90件)
      📈 スクロール9: 8件追加 (計:98件)
      ⏸️  スクロール10: 新規なし(1/8回連続)
      ✅ 無限スクロール完了: 完全取得(8回連続で新規なし)
      📊 最終結果: 98件 (17回スクロール)
✅ service_281: 98件 (新規: 98件) [完全取得(8回連続で新規なし)]
      🔄 真の無限スクロール開始（完了まで継続）
      📊 初期案件数: 10件
      📈 スクロール1: 10件追加 (計:20件)
      📈 スクロール2: 10件追加 (計:30件)
      📈 スクロール3: 10件追加 (計:40件)
      ⏸️  スクロール10: 新規なし(7/8回連続)
      ✅ 無限スクロール完了: 完全取得(8回連続で新規なし)
      📊 最終結果: 40件 (11回スクロール)
✅ service_73: 40件 (新規: 40件) [完全取得(8回連続で新規なし)]
   🔄 ブラウザ再起動 (56/8カテゴリ処理完了) - 高負荷対応最適化
   🚀 ブラウザ再起動完了 - モバイル高負荷対応最適化
      🔄 真の無限スクロール開始（完了まで継続）
      📊 初期案件数: 10件
      📈 スクロール1: 10件追加 (計:20件)
      📈 スクロール2: 10件追加 (計:30件)
      📈 スクロール3: 5件追加 (計:35件)
      ⏸️  スクロール10: 新規なし(7/8回連続)
      ✅ 無限スクロール完了: 完全取得(8回連続で新規なし)
      📊 最終結果: 35件 (11回スクロール)
✅ service_74: 35件 (新規: 29件) [完全取得(8回連続で新規なし)]
      🔄 真の無限スクロール開始（完了まで継続）
      📊 初期案件数: 10件
      📈 スクロール1: 10件追加 (計:20件)
      📈 スクロール2: 4件追加 (計:24件)
      ⏸️  スクロール10: 新規なし(8/8回連続)
      ✅ 無限スクロール完了: 完全取得(8回連続で新規なし)
      📊 最終結果: 24件 (10回スクロール)
✅ service_276: 24件 (新規: 7件) [完全取得(8回連続で新規なし)]
      🔄 真の無限スクロール開始（完了まで継続）
      📊 初期案件数: 10件
      📈 スクロール1: 10件追加 (計:20件)
      📈 スクロール2: 10件追加 (計:30件)
      📈 スクロール3: 10件追加 (計:40件)
      📈 スクロール4: 10件追加 (計:50件)
      📈 スクロール5: 10件追加 (計:60件)
      📈 スクロール6: 4件追加 (計:64件)
      ⏸️  スクロール10: 新規なし(4/8回連続)
      ✅ 無限スクロール完了: 完全取得(8回連続で新規なし)
      📊 最終結果: 64件 (14回スクロール)
✅ service_78: 64件 (新規: 64件) [完全取得(8回連続で新規なし)]
      🔄 真の無限スクロール開始（完了まで継続）
      📊 初期案件数: 10件
      📈 スクロール1: 10件追加 (計:20件)
      📈 スクロール2: 10件追加 (計:30件)
      📈 スクロール3: 10件追加 (計:40件)
      📈 スクロール4: 10件追加 (計:50件)
      📈 スクロール5: 10件追加 (計:60件)
      📈 スクロール6: 10件追加 (計:70件)
      📈 スクロール7: 2件追加 (計:72件)
      ⏸️  スクロール10: 新規なし(3/8回連続)
      ✅ 無限スクロール完了: 完全取得(8回連続で新規なし)
      📊 最終結果: 72件 (15回スクロール)
✅ service_235: 72件 (新規: 72件) [完全取得(8回連続で新規なし)]
📈 進捗: 60/83 (72.3%) - 取得数: 1802件
      🔄 真の無限スクロール開始（完了まで継続）
      📊 初期案件数: 10件
      📈 スクロール1: 10件追加 (計:20件)
      📈 スクロール2: 10件追加 (計:30件)
      📈 スクロール3: 10件追加 (計:40件)
      📈 スクロール4: 10件追加 (計:50件)
      📈 スクロール5: 10件追加 (計:60件)
      📈 スクロール6: 4件追加 (計:64件)
      ⏸️  スクロール10: 新規なし(4/8回連続)
      ✅ 無限スクロール完了: 完全取得(8回連続で新規なし)
      📊 最終結果: 64件 (14回スクロール)
✅ service_79: 64件 (新規: 64件) [完全取得(8回連続で新規なし)]
      🔄 真の無限スクロール開始（完了まで継続）
      📊 初期案件数: 10件
      📈 スクロール1: 10件追加 (計:20件)
      📈 スクロール2: 10件追加 (計:30件)
      📈 スクロール3: 10件追加 (計:40件)
      📈 スクロール4: 10件追加 (計:50件)
      📈 スクロール5: 10件追加 (計:60件)
      📈 スクロール6: 10件追加 (計:70件)
      📈 スクロール7: 10件追加 (計:80件)
      📈 スクロール8: 10件追加 (計:90件)
      📈 スクロール9: 10件追加 (計:100件)
      ⏸️  スクロール10: 新規なし(1/8回連続)
      ✅ 無限スクロール完了: 完全取得(8回連続で新規なし)
      📊 最終結果: 100件 (17回スクロール)
✅ service_240: 100件 (新規: 100件) [完全取得(8回連続で新規なし)]
      🔄 真の無限スクロール開始（完了まで継続）
      📊 初期案件数: 10件
      📈 スクロール1: 10件追加 (計:20件)
      📈 スクロール2: 10件追加 (計:30件)
      📈 スクロール3: 6件追加 (計:36件)
      ⏸️  スクロール10: 新規なし(7/8回連続)
      ✅ 無限スクロール完了: 完全取得(8回連続で新規なし)
      📊 最終結果: 36件 (11回スクロール)
✅ service_72: 36件 (新規: 36件) [完全取得(8回連続で新規なし)]
      🔄 真の無限スクロール開始（完了まで継続）
      📊 初期案件数: 10件
      📈 スクロール1: 10件追加 (計:20件)
      📈 スクロール2: 10件追加 (計:30件)
      📈 スクロール3: 10件追加 (計:40件)
      📈 スクロール4: 1件追加 (計:41件)
      ⏸️  スクロール10: 新規なし(6/8回連続)
      ✅ 無限スクロール完了: 完全取得(8回連続で新規なし)
      📊 最終結果: 41件 (12回スクロール)
✅ service_76: 41件 (新規: 41件) [完全取得(8回連続で新規なし)]
   🔄 ブラウザ再起動 (64/8カテゴリ処理完了) - 高負荷対応最適化
   🚀 ブラウザ再起動完了 - モバイル高負荷対応最適化
      🔄 真の無限スクロール開始（完了まで継続）
      📊 初期案件数: 10件
      📈 スクロール1: 10件追加 (計:20件)
      📈 スクロール2: 10件追加 (計:30件)
      📈 スクロール3: 10件追加 (計:40件)
      ⏸️  スクロール10: 新規なし(7/8回連続)
      ✅ 無限スクロール完了: 完全取得(8回連続で新規なし)
      📊 最終結果: 40件 (11回スクロール)
✅ service_81: 40件 (新規: 40件) [完全取得(8回連続で新規なし)]
      🔄 真の無限スクロール開始（完了まで継続）
      📊 初期案件数: 10件
      📈 スクロール1: 10件追加 (計:20件)
      📈 スクロール2: 10件追加 (計:30件)
      📈 スクロール3: 10件追加 (計:40件)
      📈 スクロール4: 1件追加 (計:41件)
      ⏸️  スクロール10: 新規なし(6/8回連続)
      ✅ 無限スクロール完了: 完全取得(8回連続で新規なし)
      📊 最終結果: 41件 (12回スクロール)
✅ service_274: 41件 (新規: 41件) [完全取得(8回連続で新規なし)]
      🔄 真の無限スクロール開始（完了まで継続）
      📊 初期案件数: 10件
      📈 スクロール1: 10件追加 (計:20件)
      📈 スクロール2: 10件追加 (計:30件)
      📈 スクロール3: 10件追加 (計:40件)
      📈 スクロール4: 10件追加 (計:50件)
      📈 スクロール5: 2件追加 (計:52件)
      ⏸️  スクロール10: 新規なし(5/8回連続)
      ✅ 無限スクロール完了: 完全取得(8回連続で新規なし)
      📊 最終結果: 52件 (13回スクロール)
✅ service_237: 52件 (新規: 52件) [完全取得(8回連続で新規なし)]
      🔄 真の無限スクロール開始（完了まで継続）
      📊 初期案件数: 10件
      📈 スクロール1: 10件追加 (計:20件)
      📈 スクロール2: 10件追加 (計:30件)
      📈 スクロール3: 10件追加 (計:40件)
      📈 スクロール4: 10件追加 (計:50件)
      📈 スクロール5: 10件追加 (計:60件)
      📈 スクロール6: 10件追加 (計:70件)
      📈 スクロール7: 10件追加 (計:80件)
      📈 スクロール8: 8件追加 (計:88件)
      ⏸️  スクロール10: 新規なし(2/8回連続)
      ✅ 無限スクロール完了: 完全取得(8回連続で新規なし)
      📊 最終結果: 88件 (16回スクロール)
✅ service_209: 88件 (新規: 88件) [完全取得(8回連続で新規なし)]
      🔄 真の無限スクロール開始（完了まで継続）
      📊 初期案件数: 10件
      📈 スクロール1: 10件追加 (計:20件)
      📈 スクロール2: 10件追加 (計:30件)
      📈 スクロール3: 6件追加 (計:36件)
      ⏸️  スクロール10: 新規なし(7/8回連続)
      ✅ 無限スクロール完了: 完全取得(8回連続で新規なし)
      📊 最終結果: 36件 (11回スクロール)
✅ service_271: 36件 (新規: 36件) [完全取得(8回連続で新規なし)]
      🔄 真の無限スクロール開始（完了まで継続）
      📊 初期案件数: 10件
      📈 スクロール1: 10件追加 (計:20件)
      📈 スクロール2: 10件追加 (計:30件)
      📈 スクロール3: 10件追加 (計:40件)
      📈 スクロール4: 10件追加 (計:50件)
      📈 スクロール5: 10件追加 (計:60件)
      📈 スクロール6: 10件追加 (計:70件)
      📈 スクロール7: 10件追加 (計:80件)
      📈 スクロール8: 10件追加 (計:90件)
      📈 スクロール9: 10件追加 (計:100件)
      ⏸️  スクロール10: 新規なし(1/8回連続)
      ✅ 無限スクロール完了: 完全取得(8回連続で新規なし)
      📊 最終結果: 100件 (17回スクロール)
✅ service_232: 100件 (新規: 100件) [完全取得(8回連続で新規なし)]
📈 進捗: 70/83 (84.3%) - 取得数: 2400件
      🔄 真の無限スクロール開始（完了まで継続）
      📊 初期案件数: 10件
      📈 スクロール1: 10件追加 (計:20件)
      📈 スクロール2: 10件追加 (計:30件)
      📈 スクロール3: 5件追加 (計:35件)
      ⏸️  スクロール10: 新規なし(7/8回連続)
      ✅ 無限スクロール完了: 完全取得(8回連続で新規なし)
      📊 最終結果: 35件 (11回スクロール)
✅ service_269: 35件 (新規: 35件) [完全取得(8回連続で新規なし)]
      🔄 真の無限スクロール開始（完了まで継続）
      📊 初期案件数: 10件
      📈 スクロール1: 10件追加 (計:20件)
      📈 スクロール2: 10件追加 (計:30件)
      📈 スクロール3: 7件追加 (計:37件)
      ⏸️  スクロール10: 新規なし(7/8回連続)
      ✅ 無限スクロール完了: 完全取得(8回連続で新規なし)
      📊 最終結果: 37件 (11回スクロール)
✅ service_234: 37件 (新規: 37件) [完全取得(8回連続で新規なし)]
   🔄 ブラウザ再起動 (72/8カテゴリ処理完了) - 高負荷対応最適化
   🚀 ブラウザ再起動完了 - モバイル高負荷対応最適化
      🔄 真の無限スクロール開始（完了まで継続）
      📊 初期案件数: 10件
      📈 スクロール1: 10件追加 (計:20件)
      📈 スクロール2: 10件追加 (計:30件)
      📈 スクロール3: 10件追加 (計:40件)
      📈 スクロール4: 10件追加 (計:50件)
      📈 スクロール5: 4件追加 (計:54件)
      ⏸️  スクロール10: 新規なし(5/8回連続)
      ✅ 無限スクロール完了: 完全取得(8回連続で新規なし)
      📊 最終結果: 54件 (13回スクロール)
✅ service_238: 54件 (新規: 54件) [完全取得(8回連続で新規なし)]
      🔄 真の無限スクロール開始（完了まで継続）
      📊 初期案件数: 10件
      📈 スクロール1: 10件追加 (計:20件)
      📈 スクロール2: 10件追加 (計:30件)
      📈 スクロール3: 6件追加 (計:36件)
      ⏸️  スクロール10: 新規なし(7/8回連続)
      ✅ 無限スクロール完了: 完全取得(8回連続で新規なし)
      📊 最終結果: 36件 (11回スクロール)
✅ service_280: 36件 (新規: 36件) [完全取得(8回連続で新規なし)]
      🔄 真の無限スクロール開始（完了まで継続）
      📊 初期案件数: 10件
      📈 スクロール1: 10件追加 (計:20件)
      📈 スクロール2: 10件追加 (計:30件)
      📈 スクロール3: 10件追加 (計:40件)
      📈 スクロール4: 6件追加 (計:46件)
      ⏸️  スクロール10: 新規なし(6/8回連続)
      ✅ 無限スクロール完了: 完全取得(8回連続で新規なし)
      📊 最終結果: 46件 (12回スクロール)
✅ service_272: 46件 (新規: 46件) [完全取得(8回連続で新規なし)]
      🔄 真の無限スクロール開始（完了まで継続）
      📊 初期案件数: 10件
      ✅ 無限スクロール完了: 完全取得(8回連続で新規なし)
      📊 最終結果: 10件 (8回スクロール)
✅ service_278: 10件 (新規: 10件) [完全取得(8回連続で新規なし)]
      🔄 真の無限スクロール開始（完了まで継続）
      📊 初期案件数: 10件
      📈 スクロール1: 10件追加 (計:20件)
      📈 スクロール2: 10件追加 (計:30件)
      ⏸️  スクロール10: 新規なし(8/8回連続)
      ✅ 無限スクロール完了: 完全取得(8回連続で新規なし)
      📊 最終結果: 30件 (10回スクロール)
✅ service_277: 30件 (新規: 30件) [完全取得(8回連続で新規なし)]
      🔄 真の無限スクロール開始（完了まで継続）
      📊 初期案件数: 1件
      ✅ 無限スクロール完了: 完全取得(8回連続で新規なし)
      📊 最終結果: 1件 (8回スクロール)
✅ service_283: 0件 (新規: 0件) [完全取得(8回連続で新規なし)]
      🔄 真の無限スクロール開始（完了まで継続）
      📊 初期案件数: 10件
      📈 スクロール1: 10件追加 (計:20件)
      📈 スクロール2: 10件追加 (計:30件)
      ⏸️  スクロール10: 新規なし(8/8回連続)
      ✅ 無限スクロール完了: 完全取得(8回連続で新規なし)
      📊 最終結果: 30件 (10回スクロール)
✅ service_279: 30件 (新規: 30件) [完全取得(8回連続で新規なし)]
      🔄 真の無限スクロール開始（完了まで継続）
      📊 初期案件数: 10件
      📈 スクロール1: 4件追加 (計:14件)
      ✅ 無限スクロール完了: 完全取得(8回連続で新規なし)
      📊 最終結果: 14件 (9回スクロール)
✅ service_77: 14件 (新規: 14件) [完全取得(8回連続で新規なし)]
   🔄 ブラウザ再起動 (80/8カテゴリ処理完了) - 高負荷対応最適化
   🚀 ブラウザ再起動完了 - モバイル高負荷対応最適化
📈 進捗: 80/83 (96.4%) - 取得数: 2692件
      🔄 真の無限スクロール開始（完了まで継続）
      📊 初期案件数: 1件
      ✅ 無限スクロール完了: 完全取得(8回連続で新規なし)
      📊 最終結果: 1件 (8回スクロール)
✅ service_236: 0件 (新規: 0件) [完全取得(8回連続で新規なし)]
      🔄 真の無限スクロール開始（完了まで継続）
      📊 初期案件数: 1件
      ✅ 無限スクロール完了: 完全取得(8回連続で新規なし)
      📊 最終結果: 1件 (8回スクロール)
✅ service_270: 0件 (新規: 0件) [完全取得(8回連続で新規なし)]
      🔄 真の無限スクロール開始（完了まで継続）
      📊 初期案件数: 10件
      📈 スクロール1: 5件追加 (計:15件)
      ✅ 無限スクロール完了: 完全取得(8回連続で新規なし)
      📊 最終結果: 15件 (9回スクロール)
✅ service_82: 15件 (新規: 15件) [完全取得(8回連続で新規なし)]
📈 進捗: 83/83 (100.0%) - 取得数: 2707件

======================================================================
📊 完了レポート
======================================================================
⏱️ 実行時間: 52.08分
📂 処理カテゴリ: 83/83
🎯 取得案件数: 2707
📈 大量取得カテゴリ: 25個

🎉 「いぬのきもち・ねこのきもち」案件: ID 12069

💾 保存完了: /Users/kn/poisoku-web/scrapers/data/pointincome/pointincome_optimized_2025-08-11T22-12-50-791Z.json
