🖥️ ポイントインカム PC限定案件取得開始
======================================================================
📍 対象カテゴリ: PC限定案件（ブラウザゲーム） (ID: 270)

🖥️ PC環境でアクセス: https://pointi.jp/list.php?category=270
📥 AJAX応答解析: 2596 bytes
   🎯 抽出案件: 1件
🔄 ソート順序 1, ページ 1 でAJAX読み込み...
📥 AJAX応答解析: 2596 bytes
   🎯 抽出案件: 1件
🔄 ソート順序 1, ページ 2 でAJAX読み込み...
📥 AJAX応答解析: 494 bytes
   🎯 抽出案件: 0件
🔄 ソート順序 2, ページ 1 でAJAX読み込み...
📥 AJAX応答解析: 2596 bytes
   🎯 抽出案件: 1件
🔄 ソート順序 2, ページ 2 でAJAX読み込み...
📥 AJAX応答解析: 494 bytes
   🎯 抽出案件: 0件
🔄 ソート順序 3, ページ 1 でAJAX読み込み...
🔄 ソート順序 3, ページ 2 でAJAX読み込み...
🔄 ソート順序 5, ページ 1 でAJAX読み込み...
📥 AJAX応答解析: 2586 bytes
   🎯 抽出案件: 1件
🔄 ソート順序 5, ページ 2 でAJAX読み込み...
📥 AJAX応答解析: 484 bytes
   🎯 抽出案件: 0件
📊 総AJAX応答数: 7件
🎯 取得案件数: 1件 (重複除去: 3件)

======================================================================
📊 PC限定案件取得完了レポート
======================================================================
⏱️ 実行時間: 0.33分
📡 AJAX応答数: 7件
🖥️ PC限定案件: 1件
🔁 重複スキップ: 3件

🔍 取得案件例:
   1. World of Warships（Windows PCのみ）
      ポイント: 500円, カテゴリ: 
      条件: 
      URL: https://pointi.jp/ad/147452/

📈 カテゴリ別内訳:
   - : 1件

💾 保存完了: /Users/kn/poisoku-web/scrapers/data/pointincome/pointincome_pc_only_campaigns_2025-08-11T09-33-19.json

✅ PC限定案件取得完了
