🎯 ポイントインカム取得開始 (83カテゴリ)
======================================================================
📋 IOS × normalCampaigns 最適化設定:
   🔄 ブラウザ再起動間隔: 8カテゴリ毎
   ⏱️ カテゴリ間待機: 3000ms
   🧹 メモリクリーンアップ: 有効
   🕐 タイムアウト設定: 60000ms
   🚀 ブラウザ再起動完了 - モバイル高負荷対応最適化
✅ shopping_66: 63件 (新規: 63件)
✅ shopping_161: 24件 (新規: 15件)
✅ shopping_160: 29件 (新規: 25件)
✅ shopping_229: 7件 (新規: 3件)
✅ shopping_244: 5件 (新規: 5件)
✅ shopping_245: 2件 (新規: 2件)
✅ shopping_246: 3件 (新規: 3件)
✅ shopping_177: 80件 (新規: 71件)
   🔄 ブラウザ再起動 (8/8カテゴリ処理完了) - 高負荷対応最適化
   🚀 ブラウザ再起動完了 - モバイル高負荷対応最適化
✅ shopping_179: 28件 (新規: 16件)
✅ shopping_247: 27件 (新規: 22件)
📈 進捗: 10/83 (12.0%) - 取得数: 225件
✅ shopping_178: 100件 (新規: 66件)
✅ shopping_248: 31件 (新規: 20件)
✅ shopping_249: 20件 (新規: 14件)
✅ shopping_262: 29件 (新規: 9件)
✅ shopping_250: 18件 (新規: 7件)
✅ shopping_251: 100件 (新規: 88件)
   🔄 ブラウザ再起動 (16/8カテゴリ処理完了) - 高負荷対応最適化
   🚀 ブラウザ再起動完了 - モバイル高負荷対応最適化
✅ shopping_184: 43件 (新規: 36件)
✅ shopping_185: 54件 (新規: 43件)
✅ shopping_263: 47件 (新規: 21件)
✅ shopping_252: 7件 (新規: 3件)
📈 進捗: 20/83 (24.1%) - 取得数: 532件
✅ shopping_264: 12件 (新規: 5件)
✅ shopping_265: 19件 (新規: 10件)
✅ shopping_183: 12件 (新規: 7件)
✅ shopping_253: 43件 (新規: 40件)
   🔄 ブラウザ再起動 (24/8カテゴリ処理完了) - 高負荷対応最適化
   🚀 ブラウザ再起動完了 - モバイル高負荷対応最適化
✅ shopping_169: 100件 (新規: 72件)
✅ shopping_166: 100件 (新規: 62件)
✅ shopping_168: 41件 (新規: 11件)
✅ shopping_167: 56件 (新規: 30件)
✅ shopping_255: 38件 (新規: 30件)
✅ shopping_256: 15件 (新規: 8件)
📈 進捗: 30/83 (36.1%) - 取得数: 807件
✅ shopping_261: 17件 (新規: 4件)
✅ shopping_254: 7件 (新規: 6件)
   🔄 ブラウザ再起動 (32/8カテゴリ処理完了) - 高負荷対応最適化
   🚀 ブラウザ再起動完了 - モバイル高負荷対応最適化
✅ shopping_171: 15件 (新規: 11件)
✅ shopping_162: 49件 (新規: 47件)
✅ shopping_163: 11件 (新規: 5件)
✅ shopping_164: 4件 (新規: 2件)
✅ shopping_173: 85件 (新規: 75件)
✅ shopping_174: 51件 (新規: 27件)
✅ shopping_175: 61件 (新規: 48件)
✅ shopping_176: 44件 (新規: 20件)
   🔄 ブラウザ再起動 (40/8カテゴリ処理完了) - 高負荷対応最適化
   🚀 ブラウザ再起動完了 - モバイル高負荷対応最適化
📈 進捗: 40/83 (48.2%) - 取得数: 1052件
   🚀 ブラウザ再起動完了 - モバイル高負荷対応最適化
✅ shopping_230: 61件 (新規: 33件)
✅ shopping_225: 47件 (新規: 22件)
✅ shopping_195: 93件 (新規: 69件)
✅ shopping_257: 35件 (新規: 13件)
⚠️ shopping_258: タイムアウト検出 (連続1回) - 緊急対応実行
   🚨 IOS タイムアウト検出 (1回目) - 緊急復旧開始
✅ shopping_258: 77件 (新規: 25件)
✅ shopping_194: 34件 (新規: 14件)
✅ shopping_196: 72件 (新規: 39件)
✅ shopping_193: 25件 (新規: 18件)
   🔄 ブラウザ再起動 (48/8カテゴリ処理完了) - 高負荷対応最適化
   🚀 ブラウザ再起動完了 - モバイル高負荷対応最適化
✅ shopping_259: 28件 (新規: 23件)
✅ shopping_260: 30件 (新規: 15件)
📈 進捗: 50/83 (60.2%) - 取得数: 1323件
✅ shopping_180: 15件 (新規: 10件)
✅ service_69: 43件 (新規: 43件)
✅ service_70: 100件 (新規: 82件)
✅ service_75: 26件 (新規: 26件)
✅ service_281: 98件 (新規: 98件)
✅ service_73: 40件 (新規: 40件)
   🔄 ブラウザ再起動 (56/8カテゴリ処理完了) - 高負荷対応最適化
   🚀 ブラウザ再起動完了 - モバイル高負荷対応最適化
✅ service_74: 35件 (新規: 29件)
✅ service_276: 24件 (新規: 7件)
✅ service_78: 64件 (新規: 64件)
✅ service_235: 72件 (新規: 72件)
📈 進捗: 60/83 (72.3%) - 取得数: 1794件
✅ service_79: 64件 (新規: 64件)
✅ service_240: 100件 (新規: 100件)
✅ service_72: 36件 (新規: 36件)
✅ service_76: 41件 (新規: 41件)
   🔄 ブラウザ再起動 (64/8カテゴリ処理完了) - 高負荷対応最適化
   🚀 ブラウザ再起動完了 - モバイル高負荷対応最適化
✅ service_81: 40件 (新規: 40件)
✅ service_274: 41件 (新規: 41件)
✅ service_237: 52件 (新規: 52件)
✅ service_209: 88件 (新規: 88件)
✅ service_271: 36件 (新規: 36件)
✅ service_232: 100件 (新規: 100件)
📈 進捗: 70/83 (84.3%) - 取得数: 2392件
✅ service_269: 35件 (新規: 35件)
   🚀 ブラウザ再起動完了 - モバイル高負荷対応最適化
✅ service_234: 37件 (新規: 37件)
   🔄 ブラウザ再起動 (72/8カテゴリ処理完了) - 高負荷対応最適化
   🚀 ブラウザ再起動完了 - モバイル高負荷対応最適化
✅ service_238: 54件 (新規: 54件)
✅ service_280: 36件 (新規: 36件)
✅ service_272: 46件 (新規: 46件)
✅ service_278: 10件 (新規: 10件)
✅ service_277: 30件 (新規: 30件)
✅ service_283: 0件 (新規: 0件)
✅ service_279: 30件 (新規: 30件)
✅ service_77: 14件 (新規: 14件)
   🔄 ブラウザ再起動 (80/8カテゴリ処理完了) - 高負荷対応最適化
   🚀 ブラウザ再起動完了 - モバイル高負荷対応最適化
📈 進捗: 80/83 (96.4%) - 取得数: 2684件
✅ service_236: 0件 (新規: 0件)
✅ service_270: 0件 (新規: 0件)
✅ service_82: 15件 (新規: 15件)
📈 進捗: 83/83 (100.0%) - 取得数: 2699件

======================================================================
📊 完了レポート
======================================================================
⏱️ 実行時間: 56.04分
📂 処理カテゴリ: 83/83
🎯 取得案件数: 2699
📈 大量取得カテゴリ: 25個

🎉 「いぬのきもち・ねこのきもち」案件: ID 12069

💾 保存完了: /Users/kn/poisoku-web/scrapers/data/pointincome/pointincome_optimized_2025-08-11T11-38-32-951Z.json
