🎯 ポイントインカム取得開始 (83カテゴリ)
======================================================================
📋 DESKTOP × normalCampaigns 最適化設定:
   🔄 ブラウザ再起動間隔: 8カテゴリ毎
   ⏱️ カテゴリ間待機: 1500ms
   🧹 メモリクリーンアップ: 有効
   🕐 タイムアウト設定: 60000ms
   🚀 ブラウザ再起動完了 - 高負荷対応最適化
✅ shopping_66: 0件 (新規: 0件)
✅ shopping_161: 0件 (新規: 0件)
✅ shopping_160: 0件 (新規: 0件)
✅ shopping_229: 0件 (新規: 0件)
✅ shopping_244: 0件 (新規: 0件)
✅ shopping_245: 0件 (新規: 0件)
✅ shopping_246: 0件 (新規: 0件)
✅ shopping_177: 0件 (新規: 0件)
   🔄 ブラウザ再起動 (8/8カテゴリ処理完了) - 高負荷対応最適化
   🚀 ブラウザ再起動完了 - 高負荷対応最適化
✅ shopping_179: 0件 (新規: 0件)
✅ shopping_247: 0件 (新規: 0件)
📈 進捗: 10/83 (12.0%) - 取得数: 0件
✅ shopping_178: 0件 (新規: 0件)
✅ shopping_248: 0件 (新規: 0件)
✅ shopping_249: 0件 (新規: 0件)
✅ shopping_262: 0件 (新規: 0件)
✅ shopping_250: 0件 (新規: 0件)
✅ shopping_251: 0件 (新規: 0件)
   🔄 ブラウザ再起動 (16/8カテゴリ処理完了) - 高負荷対応最適化
   🚀 ブラウザ再起動完了 - 高負荷対応最適化
✅ shopping_184: 0件 (新規: 0件)
✅ shopping_185: 0件 (新規: 0件)
✅ shopping_263: 0件 (新規: 0件)
✅ shopping_252: 0件 (新規: 0件)
📈 進捗: 20/83 (24.1%) - 取得数: 0件
✅ shopping_264: 0件 (新規: 0件)
✅ shopping_265: 0件 (新規: 0件)
✅ shopping_183: 0件 (新規: 0件)
✅ shopping_253: 0件 (新規: 0件)
   🔄 ブラウザ再起動 (24/8カテゴリ処理完了) - 高負荷対応最適化
   🚀 ブラウザ再起動完了 - 高負荷対応最適化
✅ shopping_169: 0件 (新規: 0件)
✅ shopping_166: 0件 (新規: 0件)
✅ shopping_168: 0件 (新規: 0件)
✅ shopping_167: 0件 (新規: 0件)
✅ shopping_255: 0件 (新規: 0件)
✅ shopping_256: 0件 (新規: 0件)
📈 進捗: 30/83 (36.1%) - 取得数: 0件
✅ shopping_261: 0件 (新規: 0件)
✅ shopping_254: 0件 (新規: 0件)
   🔄 ブラウザ再起動 (32/8カテゴリ処理完了) - 高負荷対応最適化
   🚀 ブラウザ再起動完了 - 高負荷対応最適化
✅ shopping_171: 0件 (新規: 0件)
✅ shopping_162: 0件 (新規: 0件)
✅ shopping_163: 0件 (新規: 0件)
✅ shopping_164: 0件 (新規: 0件)
✅ shopping_173: 0件 (新規: 0件)
✅ shopping_174: 0件 (新規: 0件)
✅ shopping_175: 0件 (新規: 0件)
✅ shopping_176: 0件 (新規: 0件)
   🔄 ブラウザ再起動 (40/8カテゴリ処理完了) - 高負荷対応最適化
   🚀 ブラウザ再起動完了 - 高負荷対応最適化
📈 進捗: 40/83 (48.2%) - 取得数: 0件
✅ shopping_230: 0件 (新規: 0件)
✅ shopping_225: 0件 (新規: 0件)
✅ shopping_195: 0件 (新規: 0件)
✅ shopping_257: 0件 (新規: 0件)
✅ shopping_258: 0件 (新規: 0件)
✅ shopping_194: 0件 (新規: 0件)
✅ shopping_196: 0件 (新規: 0件)
✅ shopping_193: 0件 (新規: 0件)
   🔄 ブラウザ再起動 (48/8カテゴリ処理完了) - 高負荷対応最適化
   🚀 ブラウザ再起動完了 - 高負荷対応最適化
✅ shopping_259: 0件 (新規: 0件)
✅ shopping_260: 0件 (新規: 0件)
📈 進捗: 50/83 (60.2%) - 取得数: 0件
✅ shopping_180: 0件 (新規: 0件)
✅ service_69: 0件 (新規: 0件)
✅ service_70: 0件 (新規: 0件)
✅ service_75: 0件 (新規: 0件)
✅ service_281: 0件 (新規: 0件)
✅ service_73: 0件 (新規: 0件)
   🔄 ブラウザ再起動 (56/8カテゴリ処理完了) - 高負荷対応最適化
   🚀 ブラウザ再起動完了 - 高負荷対応最適化
✅ service_74: 0件 (新規: 0件)
✅ service_276: 0件 (新規: 0件)
✅ service_78: 0件 (新規: 0件)
✅ service_235: 0件 (新規: 0件)
📈 進捗: 60/83 (72.3%) - 取得数: 0件
✅ service_79: 0件 (新規: 0件)
✅ service_240: 0件 (新規: 0件)
✅ service_72: 0件 (新規: 0件)
✅ service_76: 0件 (新規: 0件)
   🔄 ブラウザ再起動 (64/8カテゴリ処理完了) - 高負荷対応最適化
   🚀 ブラウザ再起動完了 - 高負荷対応最適化
✅ service_81: 0件 (新規: 0件)
✅ service_274: 0件 (新規: 0件)
✅ service_237: 0件 (新規: 0件)
✅ service_209: 0件 (新規: 0件)
✅ service_271: 0件 (新規: 0件)
✅ service_232: 0件 (新規: 0件)
📈 進捗: 70/83 (84.3%) - 取得数: 0件
✅ service_269: 0件 (新規: 0件)
✅ service_234: 0件 (新規: 0件)
   🔄 ブラウザ再起動 (72/8カテゴリ処理完了) - 高負荷対応最適化
   🚀 ブラウザ再起動完了 - 高負荷対応最適化
✅ service_238: 0件 (新規: 0件)
✅ service_280: 0件 (新規: 0件)
✅ service_272: 0件 (新規: 0件)
✅ service_278: 0件 (新規: 0件)
✅ service_277: 0件 (新規: 0件)
✅ service_283: 0件 (新規: 0件)
✅ service_279: 0件 (新規: 0件)
✅ service_77: 0件 (新規: 0件)
   🔄 ブラウザ再起動 (80/8カテゴリ処理完了) - 高負荷対応最適化
   🚀 ブラウザ再起動完了 - 高負荷対応最適化
📈 進捗: 80/83 (96.4%) - 取得数: 0件
✅ service_236: 0件 (新規: 0件)
✅ service_270: 0件 (新規: 0件)
✅ service_82: 0件 (新規: 0件)
📈 進捗: 83/83 (100.0%) - 取得数: 0件

======================================================================
📊 完了レポート
======================================================================
⏱️ 実行時間: 16.70分
📂 処理カテゴリ: 83/83
🎯 取得案件数: 0
📈 大量取得カテゴリ: 0個

💾 保存完了: /Users/kn/poisoku-web/scrapers/data/pointincome/pointincome_optimized_2025-08-11T09-39-20-985Z.json
