🎯 ポイントインカムWebスクレイピング開始（最終実用版）
======================================================================
📊 対象カテゴリ数: 83
🔄 新しいブラウザインスタンス起動中...

📂 SHOPPING: ショッピングカテゴリ66
      📄 ページ1: 30件取得 (新規: 30件) - 次ページあり
📈 進捗: 10/83 (12.0%) - 取得済み案件数: 155

📂 SHOPPING: ショッピングカテゴリ178
      📄 ページ1: 30件取得 (新規: 16件) - 次ページあり
🔄 定期ブラウザ再起動 (15カテゴリ処理完了)
🔄 新しいブラウザインスタンス起動中...
📈 進捗: 20/83 (24.1%) - 取得済み案件数: 343

📂 SHOPPING: ショッピングカテゴリ264
      📄 ページ1: 12件取得 (新規: 5件) - 次ページあり
🔄 定期ブラウザ再起動 (30カテゴリ処理完了)
🔄 新しいブラウザインスタンス起動中...
📈 進捗: 30/83 (36.1%) - 取得済み案件数: 509

📂 SHOPPING: ショッピングカテゴリ261
      📄 ページ1: 18件取得 (新規: 10件) - 次ページあり
📈 進捗: 40/83 (48.2%) - 取得済み案件数: 661

📂 SHOPPING: ショッピングカテゴリ230
      📄 ページ1: 30件取得 (新規: 18件) - 次ページあり
🔄 定期ブラウザ再起動 (45カテゴリ処理完了)
🔄 新しいブラウザインスタンス起動中...
📈 進捗: 50/83 (60.2%) - 取得済み案件数: 843

📂 SHOPPING: ショッピングカテゴリ180
      📄 ページ1: 15件取得 (新規: 11件) - 次ページあり
🔄 定期ブラウザ再起動 (60カテゴリ処理完了)
🔄 新しいブラウザインスタンス起動中...
📈 進捗: 60/83 (72.3%) - 取得済み案件数: 1076

📂 SERVICE: サービスカテゴリ79
      📄 ページ1: 30件取得 (新規: 30件) - 次ページあり
📈 進捗: 70/83 (84.3%) - 取得済み案件数: 1376

📂 SERVICE: サービスカテゴリ269
      📄 ページ1: 30件取得 (新規: 30件) - 次ページあり
🔄 定期ブラウザ再起動 (75カテゴリ処理完了)
🔄 新しいブラウザインスタンス起動中...
📈 進捗: 80/83 (96.4%) - 取得済み案件数: 1610

📂 SERVICE: サービスカテゴリ236
      📄 ページ1: 0件取得 (新規: 0件) - 単一ページ
📈 進捗: 83/83 (100.0%) - 取得済み案件数: 1626

======================================================================
📊 最終実用版スクレイピング完了レポート
======================================================================
⏱️ 実行時間: 9.20分
📂 処理カテゴリ数: 83/83
📄 処理ページ数: 83
🎯 取得案件数: 1626
🔁 重複スキップ数: 337

📊 カテゴリタイプ別統計:
   🛍️ ショッピング: 51カテゴリ → 854件
   🔧 サービス: 32カテゴリ → 772件

📄 ページ情報:
   📄 単一ページカテゴリ: 2
   📄📄 複数ページカテゴリ: 81 (2ページ目以降は既知の問題により未取得)

🔍 重要案件確認:
   ❌ 「いぬのきもち・ねこのきもち」案件は1ページ目には見つかりませんでした

💾 データ保存完了: /Users/kn/poisoku-web/scrapers/data/pointincome/pointincome_final_2025-08-11T05-43-17-628Z.json

✅ 全処理完了
