🎯 ポイントインカム モバイル版完全取得開始
======================================================================
📊 対象主要カテゴリ数: 83
🔄 新しいブラウザインスタンス起動中...
\n📂 SHOPPING: ショッピングカテゴリ66
      📄 ページ4: 30 → 40件 (+10)
      📄 ページ7: 60 → 63件 (+3)
      ✅ 完了: 8回スクロール, 7ページ
      📊 取得: 63件 (新規: 63件)
      🎯 大量取得カテゴリ: 63件
📈 進捗: 1/83 (1.2%) - 現在の取得数: 63件
\n📂 SHOPPING: ショッピングカテゴリ161
      ✅ 完了: 4回スクロール, 3ページ
      📊 取得: 24件 (新規: 15件)
📈 進捗: 2/83 (2.4%) - 現在の取得数: 78件
\n📂 SHOPPING: ショッピングカテゴリ160
      ✅ 完了: 4回スクロール, 3ページ
      📊 取得: 29件 (新規: 25件)
📈 進捗: 3/83 (3.6%) - 現在の取得数: 103件
\n📂 SHOPPING: ショッピングカテゴリ229
      ✅ 完了: 2回スクロール, 1ページ
      📊 取得: 7件 (新規: 3件)
📈 進捗: 4/83 (4.8%) - 現在の取得数: 106件
\n📂 SHOPPING: ショッピングカテゴリ244
      ✅ 完了: 2回スクロール, 1ページ
      📊 取得: 5件 (新規: 5件)
📈 進捗: 5/83 (6.0%) - 現在の取得数: 111件
\n📂 SHOPPING: ショッピングカテゴリ245
      ✅ 完了: 2回スクロール, 1ページ
      📊 取得: 2件 (新規: 2件)
📈 進捗: 6/83 (7.2%) - 現在の取得数: 113件
\n📂 SHOPPING: ショッピングカテゴリ246
      ✅ 完了: 2回スクロール, 1ページ
      📊 取得: 3件 (新規: 3件)
📈 進捗: 7/83 (8.4%) - 現在の取得数: 116件
\n📂 SHOPPING: ショッピングカテゴリ177
      📄 ページ4: 30 → 40件 (+10)
      📄 ページ7: 60 → 70件 (+10)
      📄 ページ10: 90 → 100件 (+10)
      ✅ 完了: 11回スクロール, 10ページ
      📊 取得: 100件 (新規: 87件)
      🎯 大量取得カテゴリ: 100件
📈 進捗: 8/83 (9.6%) - 現在の取得数: 203件
\n📂 SHOPPING: ショッピングカテゴリ179
      ✅ 完了: 4回スクロール, 3ページ
      📊 取得: 28件 (新規: 15件)
📈 進捗: 9/83 (10.8%) - 現在の取得数: 218件
\n📂 SHOPPING: ショッピングカテゴリ247
      ✅ 完了: 4回スクロール, 3ページ
      📊 取得: 27件 (新規: 20件)
📈 進捗: 10/83 (12.0%) - 現在の取得数: 238件
\n📂 SHOPPING: ショッピングカテゴリ178
      📄 ページ4: 30 → 40件 (+10)
      📄 ページ7: 60 → 70件 (+10)
      📄 ページ10: 90 → 100件 (+10)
      ✅ 完了: 11回スクロール, 10ページ
      📊 取得: 100件 (新規: 64件)
      🎯 大量取得カテゴリ: 100件
📈 進捗: 11/83 (13.3%) - 現在の取得数: 302件
\n📂 SHOPPING: ショッピングカテゴリ248
      📄 ページ4: 30 → 31件 (+1)
      ✅ 完了: 5回スクロール, 4ページ
      📊 取得: 31件 (新規: 20件)
📈 進捗: 12/83 (14.5%) - 現在の取得数: 322件
\n📂 SHOPPING: ショッピングカテゴリ249
      ✅ 完了: 3回スクロール, 2ページ
      📊 取得: 20件 (新規: 13件)
📈 進捗: 13/83 (15.7%) - 現在の取得数: 335件
\n📂 SHOPPING: ショッピングカテゴリ262
      ✅ 完了: 4回スクロール, 3ページ
      📊 取得: 29件 (新規: 9件)
📈 進捗: 14/83 (16.9%) - 現在の取得数: 344件
\n📂 SHOPPING: ショッピングカテゴリ250
      ✅ 完了: 3回スクロール, 2ページ
      📊 取得: 18件 (新規: 7件)
🔄 定期ブラウザ再起動 (15カテゴリ処理完了)
🔄 新しいブラウザインスタンス起動中...
📈 進捗: 15/83 (18.1%) - 現在の取得数: 351件
\n📂 SHOPPING: ショッピングカテゴリ251
      📄 ページ4: 30 → 40件 (+10)
      📄 ページ7: 60 → 70件 (+10)
      📄 ページ10: 90 → 100件 (+10)
      ✅ 完了: 11回スクロール, 10ページ
      📊 取得: 100件 (新規: 88件)
      🎯 大量取得カテゴリ: 100件
📈 進捗: 16/83 (19.3%) - 現在の取得数: 439件
\n📂 SHOPPING: ショッピングカテゴリ184
      📄 ページ4: 30 → 40件 (+10)
      ✅ 完了: 6回スクロール, 5ページ
      📊 取得: 43件 (新規: 36件)
📈 進捗: 17/83 (20.5%) - 現在の取得数: 475件
\n📂 SHOPPING: ショッピングカテゴリ185
      📄 ページ4: 30 → 40件 (+10)
      ✅ 完了: 7回スクロール, 6ページ
      📊 取得: 54件 (新規: 43件)
      🎯 大量取得カテゴリ: 54件
📈 進捗: 18/83 (21.7%) - 現在の取得数: 518件
\n📂 SHOPPING: ショッピングカテゴリ263
      📄 ページ4: 30 → 40件 (+10)
      ✅ 完了: 6回スクロール, 5ページ
      📊 取得: 47件 (新規: 21件)
📈 進捗: 19/83 (22.9%) - 現在の取得数: 539件
\n📂 SHOPPING: ショッピングカテゴリ252
      ✅ 完了: 2回スクロール, 1ページ
      📊 取得: 7件 (新規: 3件)
📈 進捗: 20/83 (24.1%) - 現在の取得数: 542件
\n📂 SHOPPING: ショッピングカテゴリ264
      ✅ 完了: 3回スクロール, 2ページ
      📊 取得: 12件 (新規: 5件)
📈 進捗: 21/83 (25.3%) - 現在の取得数: 547件
\n📂 SHOPPING: ショッピングカテゴリ265
      ✅ 完了: 3回スクロール, 2ページ
      📊 取得: 19件 (新規: 10件)
📈 進捗: 22/83 (26.5%) - 現在の取得数: 557件
\n📂 SHOPPING: ショッピングカテゴリ183
      ✅ 完了: 3回スクロール, 2ページ
      📊 取得: 12件 (新規: 7件)
📈 進捗: 23/83 (27.7%) - 現在の取得数: 564件
\n📂 SHOPPING: ショッピングカテゴリ253
      📄 ページ4: 30 → 40件 (+10)
      ✅ 完了: 6回スクロール, 5ページ
      📊 取得: 43件 (新規: 40件)
📈 進捗: 24/83 (28.9%) - 現在の取得数: 604件
\n📂 SHOPPING: ショッピングカテゴリ169
      📄 ページ4: 30 → 40件 (+10)
      📄 ページ7: 60 → 70件 (+10)
      📄 ページ10: 90 → 100件 (+10)
      ✅ 完了: 11回スクロール, 10ページ
      📊 取得: 100件 (新規: 72件)
      🎯 大量取得カテゴリ: 100件
📈 進捗: 25/83 (30.1%) - 現在の取得数: 676件
\n📂 SHOPPING: ショッピングカテゴリ166
      📄 ページ4: 30 → 40件 (+10)
      📄 ページ7: 60 → 70件 (+10)
      📄 ページ10: 90 → 100件 (+10)
      ✅ 完了: 11回スクロール, 10ページ
      📊 取得: 100件 (新規: 62件)
      🎯 大量取得カテゴリ: 100件
📈 進捗: 26/83 (31.3%) - 現在の取得数: 738件
\n📂 SHOPPING: ショッピングカテゴリ168
      📄 ページ4: 30 → 40件 (+10)
      ✅ 完了: 6回スクロール, 5ページ
      📊 取得: 41件 (新規: 11件)
📈 進捗: 27/83 (32.5%) - 現在の取得数: 749件
\n📂 SHOPPING: ショッピングカテゴリ167
      📄 ページ4: 30 → 40件 (+10)
      ✅ 完了: 7回スクロール, 6ページ
      📊 取得: 56件 (新規: 30件)
      🎯 大量取得カテゴリ: 56件
📈 進捗: 28/83 (33.7%) - 現在の取得数: 779件
\n📂 SHOPPING: ショッピングカテゴリ255
      📄 ページ4: 30 → 38件 (+8)
      ✅ 完了: 5回スクロール, 4ページ
      📊 取得: 38件 (新規: 30件)
📈 進捗: 29/83 (34.9%) - 現在の取得数: 809件
\n📂 SHOPPING: ショッピングカテゴリ256
      ✅ 完了: 3回スクロール, 2ページ
      📊 取得: 15件 (新規: 8件)
🔄 定期ブラウザ再起動 (30カテゴリ処理完了)
🔄 新しいブラウザインスタンス起動中...
📈 進捗: 30/83 (36.1%) - 現在の取得数: 817件
\n📂 SHOPPING: ショッピングカテゴリ261
      ✅ 完了: 3回スクロール, 2ページ
      📊 取得: 17件 (新規: 4件)
📈 進捗: 31/83 (37.3%) - 現在の取得数: 821件
\n📂 SHOPPING: ショッピングカテゴリ254
      ✅ 完了: 2回スクロール, 1ページ
      📊 取得: 7件 (新規: 6件)
📈 進捗: 32/83 (38.6%) - 現在の取得数: 827件
\n📂 SHOPPING: ショッピングカテゴリ171
      ✅ 完了: 3回スクロール, 2ページ
      📊 取得: 15件 (新規: 11件)
📈 進捗: 33/83 (39.8%) - 現在の取得数: 838件
\n📂 SHOPPING: ショッピングカテゴリ162
      📄 ページ4: 30 → 40件 (+10)
      ✅ 完了: 6回スクロール, 5ページ
      📊 取得: 49件 (新規: 47件)
📈 進捗: 34/83 (41.0%) - 現在の取得数: 885件
\n📂 SHOPPING: ショッピングカテゴリ163
      ✅ 完了: 3回スクロール, 2ページ
      📊 取得: 11件 (新規: 5件)
📈 進捗: 35/83 (42.2%) - 現在の取得数: 890件
\n📂 SHOPPING: ショッピングカテゴリ164
      ✅ 完了: 2回スクロール, 1ページ
      📊 取得: 4件 (新規: 2件)
📈 進捗: 36/83 (43.4%) - 現在の取得数: 892件
\n📂 SHOPPING: ショッピングカテゴリ173
      📄 ページ4: 30 → 40件 (+10)
      📄 ページ7: 60 → 70件 (+10)
      ✅ 完了: 10回スクロール, 9ページ
      📊 取得: 85件 (新規: 75件)
      🎯 大量取得カテゴリ: 85件
📈 進捗: 37/83 (44.6%) - 現在の取得数: 967件
\n📂 SHOPPING: ショッピングカテゴリ174
      📄 ページ4: 30 → 40件 (+10)
      ✅ 完了: 7回スクロール, 6ページ
      📊 取得: 51件 (新規: 27件)
      🎯 大量取得カテゴリ: 51件
📈 進捗: 38/83 (45.8%) - 現在の取得数: 994件
\n📂 SHOPPING: ショッピングカテゴリ175
      📄 ページ4: 30 → 40件 (+10)
      📄 ページ7: 60 → 61件 (+1)
      ✅ 完了: 8回スクロール, 7ページ
      📊 取得: 61件 (新規: 48件)
      🎯 大量取得カテゴリ: 61件
📈 進捗: 39/83 (47.0%) - 現在の取得数: 1042件
\n📂 SHOPPING: ショッピングカテゴリ176
      📄 ページ4: 30 → 40件 (+10)
      ✅ 完了: 6回スクロール, 5ページ
      📊 取得: 44件 (新規: 20件)
📈 進捗: 40/83 (48.2%) - 現在の取得数: 1062件
\n📂 SHOPPING: ショッピングカテゴリ230
      📄 ページ4: 30 → 40件 (+10)
      📄 ページ7: 60 → 61件 (+1)
      ✅ 完了: 8回スクロール, 7ページ
      📊 取得: 61件 (新規: 31件)
      🎯 大量取得カテゴリ: 61件
📈 進捗: 41/83 (49.4%) - 現在の取得数: 1093件
\n📂 SHOPPING: ショッピングカテゴリ225
      📄 ページ4: 30 → 40件 (+10)
      ✅ 完了: 6回スクロール, 5ページ
      📊 取得: 47件 (新規: 22件)
📈 進捗: 42/83 (50.6%) - 現在の取得数: 1115件
\n📂 SHOPPING: ショッピングカテゴリ195
      📄 ページ4: 30 → 40件 (+10)
      📄 ページ7: 60 → 70件 (+10)
      📄 ページ10: 90 → 93件 (+3)
      ✅ 完了: 11回スクロール, 10ページ
      📊 取得: 93件 (新規: 69件)
      🎯 大量取得カテゴリ: 93件
📈 進捗: 43/83 (51.8%) - 現在の取得数: 1184件
\n📂 SHOPPING: ショッピングカテゴリ257
      📄 ページ4: 30 → 35件 (+5)
      ✅ 完了: 5回スクロール, 4ページ
      📊 取得: 35件 (新規: 13件)
📈 進捗: 44/83 (53.0%) - 現在の取得数: 1197件
\n📂 SHOPPING: ショッピングカテゴリ258
      📄 ページ4: 30 → 40件 (+10)
      📄 ページ7: 60 → 70件 (+10)
      ✅ 完了: 9回スクロール, 8ページ
      📊 取得: 77件 (新規: 25件)
      🎯 大量取得カテゴリ: 77件
🔄 定期ブラウザ再起動 (45カテゴリ処理完了)
🔄 新しいブラウザインスタンス起動中...
📈 進捗: 45/83 (54.2%) - 現在の取得数: 1222件
\n📂 SHOPPING: ショッピングカテゴリ194
      📄 ページ4: 30 → 34件 (+4)
      ✅ 完了: 5回スクロール, 4ページ
      📊 取得: 34件 (新規: 14件)
📈 進捗: 46/83 (55.4%) - 現在の取得数: 1236件
\n📂 SHOPPING: ショッピングカテゴリ196
      📄 ページ4: 30 → 40件 (+10)
      📄 ページ7: 60 → 70件 (+10)
      ✅ 完了: 9回スクロール, 8ページ
      📊 取得: 72件 (新規: 39件)
      🎯 大量取得カテゴリ: 72件
📈 進捗: 47/83 (56.6%) - 現在の取得数: 1275件
\n📂 SHOPPING: ショッピングカテゴリ193
      ✅ 完了: 4回スクロール, 3ページ
      📊 取得: 25件 (新規: 18件)
📈 進捗: 48/83 (57.8%) - 現在の取得数: 1293件
\n📂 SHOPPING: ショッピングカテゴリ259
      ✅ 完了: 4回スクロール, 3ページ
      📊 取得: 28件 (新規: 23件)
📈 進捗: 49/83 (59.0%) - 現在の取得数: 1316件
\n📂 SHOPPING: ショッピングカテゴリ260
      ✅ 完了: 4回スクロール, 3ページ
      📊 取得: 30件 (新規: 15件)
📈 進捗: 50/83 (60.2%) - 現在の取得数: 1331件
\n📂 SHOPPING: ショッピングカテゴリ180
      ✅ 完了: 3回スクロール, 2ページ
      📊 取得: 15件 (新規: 10件)
📈 進捗: 51/83 (61.4%) - 現在の取得数: 1341件
\n📂 SERVICE: サービスカテゴリ69
      📄 ページ4: 30 → 40件 (+10)
      ✅ 完了: 6回スクロール, 5ページ
      📊 取得: 43件 (新規: 43件)
📈 進捗: 52/83 (62.7%) - 現在の取得数: 1384件
\n📂 SERVICE: サービスカテゴリ70
      📄 ページ4: 30 → 40件 (+10)
      📄 ページ7: 60 → 70件 (+10)
      📄 ページ10: 90 → 100件 (+10)
      ✅ 完了: 11回スクロール, 10ページ
      📊 取得: 100件 (新規: 82件)
      🎯 大量取得カテゴリ: 100件
📈 進捗: 53/83 (63.9%) - 現在の取得数: 1466件
\n📂 SERVICE: サービスカテゴリ75
      ✅ 完了: 4回スクロール, 3ページ
      📊 取得: 26件 (新規: 26件)
📈 進捗: 54/83 (65.1%) - 現在の取得数: 1492件
\n📂 SERVICE: サービスカテゴリ281
      📄 ページ4: 30 → 40件 (+10)
      📄 ページ7: 60 → 70件 (+10)
      📄 ページ10: 90 → 98件 (+8)
      ✅ 完了: 11回スクロール, 10ページ
      📊 取得: 98件 (新規: 98件)
      🎯 大量取得カテゴリ: 98件
📈 進捗: 55/83 (66.3%) - 現在の取得数: 1590件
\n📂 SERVICE: サービスカテゴリ73
      📄 ページ4: 30 → 40件 (+10)
      ⚠️ エラー (リトライ 1/2): Attempted to use detached Frame '30C4520DBC6219974F0D80C014B228DB'.
🔄 新しいブラウザインスタンス起動中...
      ⚠️ エラー (リトライ 2/2): Navigation timeout of 45000 ms exceeded
📈 進捗: 56/83 (67.5%) - 現在の取得数: 1590件
\n📂 SERVICE: サービスカテゴリ74
      📄 ページ4: 30 → 35件 (+5)
      ✅ 完了: 5回スクロール, 4ページ
      📊 取得: 35件 (新規: 29件)
📈 進捗: 57/83 (68.7%) - 現在の取得数: 1619件
\n📂 SERVICE: サービスカテゴリ276
      ✅ 完了: 4回スクロール, 3ページ
      📊 取得: 24件 (新規: 7件)
📈 進捗: 58/83 (69.9%) - 現在の取得数: 1626件
\n📂 SERVICE: サービスカテゴリ78
      📄 ページ4: 30 → 40件 (+10)
      📄 ページ7: 60 → 64件 (+4)
      ✅ 完了: 8回スクロール, 7ページ
      📊 取得: 64件 (新規: 64件)
      🎯 大量取得カテゴリ: 64件
📈 進捗: 59/83 (71.1%) - 現在の取得数: 1690件
\n📂 SERVICE: サービスカテゴリ235
      📄 ページ4: 30 → 40件 (+10)
      📄 ページ7: 60 → 70件 (+10)
      ✅ 完了: 9回スクロール, 8ページ
      📊 取得: 72件 (新規: 72件)
      🎯 大量取得カテゴリ: 72件
🔄 定期ブラウザ再起動 (60カテゴリ処理完了)
🔄 新しいブラウザインスタンス起動中...
📈 進捗: 60/83 (72.3%) - 現在の取得数: 1762件
\n📂 SERVICE: サービスカテゴリ79
      📄 ページ4: 30 → 40件 (+10)
      📄 ページ7: 60 → 64件 (+4)
      ✅ 完了: 8回スクロール, 7ページ
      📊 取得: 64件 (新規: 64件)
      🎯 大量取得カテゴリ: 64件
📈 進捗: 61/83 (73.5%) - 現在の取得数: 1826件
\n📂 SERVICE: サービスカテゴリ240
      📄 ページ4: 30 → 40件 (+10)
      📄 ページ7: 60 → 70件 (+10)
      📄 ページ10: 90 → 100件 (+10)
      ✅ 完了: 11回スクロール, 10ページ
      📊 取得: 100件 (新規: 100件)
      🎯 大量取得カテゴリ: 100件
📈 進捗: 62/83 (74.7%) - 現在の取得数: 1926件
\n📂 SERVICE: サービスカテゴリ72
      📄 ページ4: 30 → 36件 (+6)
      ✅ 完了: 5回スクロール, 4ページ
      📊 取得: 36件 (新規: 36件)
📈 進捗: 63/83 (75.9%) - 現在の取得数: 1962件
\n📂 SERVICE: サービスカテゴリ76
      📄 ページ4: 30 → 40件 (+10)
      ✅ 完了: 6回スクロール, 5ページ
      📊 取得: 41件 (新規: 41件)
📈 進捗: 64/83 (77.1%) - 現在の取得数: 2003件
\n📂 SERVICE: サービスカテゴリ81
      📄 ページ4: 30 → 40件 (+10)
      ✅ 完了: 5回スクロール, 4ページ
      📊 取得: 40件 (新規: 40件)
📈 進捗: 65/83 (78.3%) - 現在の取得数: 2043件
\n📂 SERVICE: サービスカテゴリ274
      📄 ページ4: 30 → 40件 (+10)
      ✅ 完了: 6回スクロール, 5ページ
      📊 取得: 41件 (新規: 41件)
📈 進捗: 66/83 (79.5%) - 現在の取得数: 2084件
\n📂 SERVICE: サービスカテゴリ237
      📄 ページ4: 30 → 40件 (+10)
      ✅ 完了: 7回スクロール, 6ページ
      📊 取得: 52件 (新規: 52件)
      🎯 大量取得カテゴリ: 52件
📈 進捗: 67/83 (80.7%) - 現在の取得数: 2136件
\n📂 SERVICE: サービスカテゴリ209
      📄 ページ4: 30 → 40件 (+10)
      📄 ページ7: 60 → 70件 (+10)
      ✅ 完了: 10回スクロール, 9ページ
      📊 取得: 88件 (新規: 88件)
      🎯 大量取得カテゴリ: 88件
📈 進捗: 68/83 (81.9%) - 現在の取得数: 2224件
\n📂 SERVICE: サービスカテゴリ271
      📄 ページ4: 30 → 36件 (+6)
      ✅ 完了: 5回スクロール, 4ページ
      📊 取得: 36件 (新規: 36件)
📈 進捗: 69/83 (83.1%) - 現在の取得数: 2260件
\n📂 SERVICE: サービスカテゴリ232
      📄 ページ4: 30 → 40件 (+10)
      📄 ページ7: 60 → 70件 (+10)
      📄 ページ10: 90 → 100件 (+10)
      ✅ 完了: 11回スクロール, 10ページ
      📊 取得: 100件 (新規: 100件)
      🎯 大量取得カテゴリ: 100件
📈 進捗: 70/83 (84.3%) - 現在の取得数: 2360件
\n📂 SERVICE: サービスカテゴリ269
      📄 ページ4: 30 → 35件 (+5)
      ✅ 完了: 5回スクロール, 4ページ
      📊 取得: 35件 (新規: 35件)
📈 進捗: 71/83 (85.5%) - 現在の取得数: 2395件
\n📂 SERVICE: サービスカテゴリ234
      📄 ページ4: 30 → 37件 (+7)
      ✅ 完了: 5回スクロール, 4ページ
      📊 取得: 37件 (新規: 37件)
📈 進捗: 72/83 (86.7%) - 現在の取得数: 2432件
\n📂 SERVICE: サービスカテゴリ238
      📄 ページ4: 30 → 40件 (+10)
      ✅ 完了: 7回スクロール, 6ページ
      📊 取得: 54件 (新規: 54件)
      🎯 大量取得カテゴリ: 54件
📈 進捗: 73/83 (88.0%) - 現在の取得数: 2486件
\n📂 SERVICE: サービスカテゴリ280
      📄 ページ4: 30 → 36件 (+6)
      ✅ 完了: 5回スクロール, 4ページ
      📊 取得: 36件 (新規: 36件)
📈 進捗: 74/83 (89.2%) - 現在の取得数: 2522件
\n📂 SERVICE: サービスカテゴリ272
      📄 ページ4: 30 → 40件 (+10)
      ✅ 完了: 6回スクロール, 5ページ
      📊 取得: 46件 (新規: 46件)
🔄 定期ブラウザ再起動 (75カテゴリ処理完了)
🔄 新しいブラウザインスタンス起動中...
📈 進捗: 75/83 (90.4%) - 現在の取得数: 2568件
\n📂 SERVICE: サービスカテゴリ278
      ✅ 完了: 2回スクロール, 1ページ
      📊 取得: 10件 (新規: 10件)
📈 進捗: 76/83 (91.6%) - 現在の取得数: 2578件
\n📂 SERVICE: サービスカテゴリ277
      ✅ 完了: 4回スクロール, 3ページ
      📊 取得: 30件 (新規: 30件)
📈 進捗: 77/83 (92.8%) - 現在の取得数: 2608件
\n📂 SERVICE: サービスカテゴリ283
      ✅ 完了: 2回スクロール, 1ページ
      📊 取得: 0件 (新規: 0件)
📈 進捗: 78/83 (94.0%) - 現在の取得数: 2608件
\n📂 SERVICE: サービスカテゴリ279
      ✅ 完了: 4回スクロール, 3ページ
      📊 取得: 30件 (新規: 30件)
📈 進捗: 79/83 (95.2%) - 現在の取得数: 2638件
\n📂 SERVICE: サービスカテゴリ77
      ✅ 完了: 3回スクロール, 2ページ
      📊 取得: 14件 (新規: 14件)
📈 進捗: 80/83 (96.4%) - 現在の取得数: 2652件
\n📂 SERVICE: サービスカテゴリ236
      ✅ 完了: 2回スクロール, 1ページ
      📊 取得: 0件 (新規: 0件)
📈 進捗: 81/83 (97.6%) - 現在の取得数: 2652件
\n📂 SERVICE: サービスカテゴリ270
      ✅ 完了: 2回スクロール, 1ページ
      📊 取得: 0件 (新規: 0件)
📈 進捗: 82/83 (98.8%) - 現在の取得数: 2652件
\n📂 SERVICE: サービスカテゴリ82
      ✅ 完了: 3回スクロール, 2ページ
      📊 取得: 15件 (新規: 15件)
📈 進捗: 83/83 (100.0%) - 現在の取得数: 2667件
\n======================================================================
📊 モバイル版完全取得完了レポート
======================================================================
⏱️ 実行時間: 36.39分
📂 処理カテゴリ数: 83/83
🔄 総スクロール回数: 459
📄 総読み込みページ数: 377
🎯 取得案件数: 2667
🔁 重複スキップ数: 734
📈 大量取得カテゴリ数: 25個 (50件以上)
\n📊 上位取得カテゴリ:
   1. service_240: 100件
   2. service_232: 100件
   3. service_281: 98件
   4. shopping_251: 88件
   5. service_209: 88件
   6. shopping_177: 87件
   7. service_70: 82件
   8. shopping_173: 75件
   9. shopping_169: 72件
   10. service_235: 72件
\n⚠️ エラー: 1件
   1. service_73: Navigation timeout of 45000 ms exceeded
\n🔍 重要案件確認:
   🎉 「いぬのきもち・ねこのきもち」案件発見！
   タイトル: いぬのきもち・ねこのきもち
   ID: 12069
   ポイント: 1,800pt
   カテゴリ: shopping_258
\n💾 データ保存完了: /Users/kn/poisoku-web/scrapers/data/pointincome/pointincome_mobile_complete_2025-08-10T08-44-40-248Z.json
\n✅ 全処理完了
